<?xml version="1.0" encoding="utf-8"?>
<CoverageSession xmlns:xsd="http://www.w3.org/2001/XMLSchema" xmlns:xsi="http://www.w3.org/2001/XMLSchema-instance" Version="0.0.0.0">
  <Summary numSequencePoints="1012" visitedSequencePoints="893" numBranchPoints="0" visitedBranchPoints="0" sequenceCoverage="88.24" branchCoverage="0.0" maxCyclomaticComplexity="0" minCyclomaticComplexity="0" maxCrapScore="0" minCrapScore="0" visitedClasses="23" numClasses="23" visitedMethods="91" numMethods="91" />
  <Modules>
    <Module>
      <Summary numSequencePoints="1012" visitedSequencePoints="893" numBranchPoints="0" visitedBranchPoints="0" sequenceCoverage="88.24" branchCoverage="0.0" maxCyclomaticComplexity="0" minCyclomaticComplexity="0" maxCrapScore="0" minCrapScore="0" visitedClasses="23" numClasses="23" visitedMethods="91" numMethods="91" />
      <ModuleTime>0001-01-01T00:00:00</ModuleTime>
      <ModuleName>Assembly-CSharp</ModuleName>
      <Files>
        <File uid="1" fullPath="/Users/ruslanfarahov/UnityProj/SRS2048/Assets/Scripts/Cell.cs" />
        <File uid="2" fullPath="/Users/ruslanfarahov/UnityProj/SRS2048/Assets/Scripts/CellPlace.cs" />
        <File uid="3" fullPath="/Users/ruslanfarahov/UnityProj/SRS2048/Assets/Scripts/CellView.cs" />
        <File uid="4" fullPath="/Users/ruslanfarahov/UnityProj/SRS2048/Assets/Scripts/EndGamePanelController.cs" />
        <File uid="5" fullPath="/Users/ruslanfarahov/UnityProj/SRS2048/Assets/Scripts/GameField.cs" />
        <File uid="6" fullPath="/Users/ruslanfarahov/UnityProj/SRS2048/Assets/Scripts/GameStateController.cs" />
        <File uid="7" fullPath="/Users/ruslanfarahov/UnityProj/SRS2048/Assets/Scripts/Grid.cs" />
        <File uid="8" fullPath="/Users/ruslanfarahov/UnityProj/SRS2048/Assets/Scripts/GridRow.cs" />
        <File uid="9" fullPath="/Users/ruslanfarahov/UnityProj/SRS2048/Assets/Scripts/InputController.cs" />
        <File uid="10" fullPath="/Users/ruslanfarahov/UnityProj/SRS2048/Assets/Scripts/ScoreController.cs" />
        <File uid="11" fullPath="/Users/ruslanfarahov/UnityProj/SRS2048/Assets/Tests/CellPlaceTests.cs" />
        <File uid="12" fullPath="/Users/ruslanfarahov/UnityProj/SRS2048/Assets/Tests/CellTests.cs" />
        <File uid="13" fullPath="/Users/ruslanfarahov/UnityProj/SRS2048/Assets/Tests/CellViewTests.cs" />
        <File uid="14" fullPath="/Users/ruslanfarahov/UnityProj/SRS2048/Assets/Tests/EndGamePanelControllerTests.cs" />
        <File uid="15" fullPath="/Users/ruslanfarahov/UnityProj/SRS2048/Assets/Tests/GameFieldTests.cs" />
        <File uid="16" fullPath="/Users/ruslanfarahov/UnityProj/SRS2048/Assets/Tests/GameStateControllerTests.cs" />
        <File uid="17" fullPath="/Users/ruslanfarahov/UnityProj/SRS2048/Assets/Tests/GridRowTests.cs" />
        <File uid="18" fullPath="/Users/ruslanfarahov/UnityProj/SRS2048/Assets/Tests/GridTests.cs" />
        <File uid="19" fullPath="/Users/ruslanfarahov/UnityProj/SRS2048/Assets/Tests/InputControllerTests.cs" />
        <File uid="20" fullPath="/Users/ruslanfarahov/UnityProj/SRS2048/Assets/Tests/ScoreControllerTests.cs" />
      </Files>
      <Classes>
        <Class>
          <Summary numSequencePoints="21" visitedSequencePoints="21" numBranchPoints="0" visitedBranchPoints="0" sequenceCoverage="100.0" branchCoverage="0.0" maxCyclomaticComplexity="0" minCyclomaticComplexity="0" maxCrapScore="0" minCrapScore="0" visitedClasses="1" numClasses="1" visitedMethods="5" numMethods="5" />
          <FullName>Cell</FullName>
          <Methods>
            <Method visited="true" cyclomaticComplexity="0" nPathComplexity="0" sequenceCoverage="100.0" branchCoverage="0" crapScore="0" isConstructor="false" isStatic="false" isGetter="true" isSetter="false">
              <Summary numSequencePoints="1" visitedSequencePoints="1" numBranchPoints="0" visitedBranchPoints="0" sequenceCoverage="100.0" branchCoverage="0" maxCyclomaticComplexity="0" minCyclomaticComplexity="0" maxCrapScore="0" minCrapScore="0" visitedClasses="0" numClasses="0" visitedMethods="1" numMethods="1" />
              <MetadataToken>100663297</MetadataToken>
              <Name>UnityEngine.Vector2Int Cell::get_Position()</Name>
              <FileRef uid="1" />
              <SequencePoints>
                <SequencePoint vc="36" uspid="1038" ordinal="0" offset="0" sl="11" sc="12" el="11" ec="12" bec="0" bev="0" fileid="1" />
              </SequencePoints>
              <BranchPoints />
            </Method>
            <Method visited="true" cyclomaticComplexity="0" nPathComplexity="0" sequenceCoverage="100.0" branchCoverage="0" crapScore="0" isConstructor="false" isStatic="false" isGetter="false" isSetter="true">
              <Summary numSequencePoints="7" visitedSequencePoints="7" numBranchPoints="0" visitedBranchPoints="0" sequenceCoverage="100.0" branchCoverage="0" maxCyclomaticComplexity="0" minCyclomaticComplexity="0" maxCrapScore="0" minCrapScore="0" visitedClasses="0" numClasses="0" visitedMethods="1" numMethods="1" />
              <MetadataToken>100663298</MetadataToken>
              <Name>System.Void Cell::set_Position(UnityEngine.Vector2Int)</Name>
              <FileRef uid="1" />
              <SequencePoints>
                <SequencePoint vc="2" uspid="1039" ordinal="0" offset="0" sl="13" sc="5" el="13" ec="5" bec="0" bev="0" fileid="1" />
                <SequencePoint vc="2" uspid="1040" ordinal="0" offset="1" sl="14" sc="7" el="14" ec="7" bec="0" bev="0" fileid="1" />
                <SequencePoint vc="2" uspid="1041" ordinal="0" offset="17" sl="15" sc="7" el="15" ec="7" bec="0" bev="0" fileid="1" />
                <SequencePoint vc="2" uspid="1042" ordinal="0" offset="18" sl="16" sc="9" el="16" ec="9" bec="0" bev="0" fileid="1" />
                <SequencePoint vc="2" uspid="1043" ordinal="0" offset="25" sl="17" sc="9" el="17" ec="9" bec="0" bev="0" fileid="1" />
                <SequencePoint vc="2" uspid="1044" ordinal="0" offset="49" sl="18" sc="7" el="18" ec="7" bec="0" bev="0" fileid="1" />
                <SequencePoint vc="2" uspid="1045" ordinal="0" offset="50" sl="19" sc="5" el="19" ec="5" bec="0" bev="0" fileid="1" />
              </SequencePoints>
              <BranchPoints />
            </Method>
            <Method visited="true" cyclomaticComplexity="0" nPathComplexity="0" sequenceCoverage="100.0" branchCoverage="0" crapScore="0" isConstructor="false" isStatic="false" isGetter="true" isSetter="false">
              <Summary numSequencePoints="1" visitedSequencePoints="1" numBranchPoints="0" visitedBranchPoints="0" sequenceCoverage="100.0" branchCoverage="0" maxCyclomaticComplexity="0" minCyclomaticComplexity="0" maxCrapScore="0" minCrapScore="0" visitedClasses="0" numClasses="0" visitedMethods="1" numMethods="1" />
              <MetadataToken>100663299</MetadataToken>
              <Name>System.Int32 Cell::get_Value()</Name>
              <FileRef uid="1" />
              <SequencePoints>
                <SequencePoint vc="67" uspid="1046" ordinal="0" offset="0" sl="26" sc="12" el="26" ec="12" bec="0" bev="0" fileid="1" />
              </SequencePoints>
              <BranchPoints />
            </Method>
            <Method visited="true" cyclomaticComplexity="0" nPathComplexity="0" sequenceCoverage="100.0" branchCoverage="0" crapScore="0" isConstructor="false" isStatic="false" isGetter="false" isSetter="true">
              <Summary numSequencePoints="7" visitedSequencePoints="7" numBranchPoints="0" visitedBranchPoints="0" sequenceCoverage="100.0" branchCoverage="0" maxCyclomaticComplexity="0" minCyclomaticComplexity="0" maxCrapScore="0" minCrapScore="0" visitedClasses="0" numClasses="0" visitedMethods="1" numMethods="1" />
              <MetadataToken>100663300</MetadataToken>
              <Name>System.Void Cell::set_Value(System.Int32)</Name>
              <FileRef uid="1" />
              <SequencePoints>
                <SequencePoint vc="5" uspid="1047" ordinal="0" offset="0" sl="28" sc="5" el="28" ec="5" bec="0" bev="0" fileid="1" />
                <SequencePoint vc="5" uspid="1048" ordinal="0" offset="1" sl="29" sc="7" el="29" ec="7" bec="0" bev="0" fileid="1" />
                <SequencePoint vc="5" uspid="1049" ordinal="0" offset="17" sl="30" sc="7" el="30" ec="7" bec="0" bev="0" fileid="1" />
                <SequencePoint vc="5" uspid="1050" ordinal="0" offset="18" sl="31" sc="9" el="31" ec="9" bec="0" bev="0" fileid="1" />
                <SequencePoint vc="5" uspid="1051" ordinal="0" offset="25" sl="32" sc="9" el="32" ec="9" bec="0" bev="0" fileid="1" />
                <SequencePoint vc="5" uspid="1052" ordinal="0" offset="49" sl="33" sc="7" el="33" ec="7" bec="0" bev="0" fileid="1" />
                <SequencePoint vc="5" uspid="1053" ordinal="0" offset="50" sl="34" sc="5" el="34" ec="5" bec="0" bev="0" fileid="1" />
              </SequencePoints>
              <BranchPoints />
            </Method>
            <Method visited="true" cyclomaticComplexity="0" nPathComplexity="0" sequenceCoverage="100.0" branchCoverage="0" crapScore="0" isConstructor="true" isStatic="false" isGetter="false" isSetter="false">
              <Summary numSequencePoints="5" visitedSequencePoints="5" numBranchPoints="0" visitedBranchPoints="0" sequenceCoverage="100.0" branchCoverage="0" maxCyclomaticComplexity="0" minCyclomaticComplexity="0" maxCrapScore="0" minCrapScore="0" visitedClasses="0" numClasses="0" visitedMethods="1" numMethods="1" />
              <MetadataToken>100663305</MetadataToken>
              <Name>Cell::Cell(UnityEngine.Vector2Int, System.Int32)</Name>
              <FileRef uid="1" />
              <SequencePoints>
                <SequencePoint vc="38" uspid="1054" ordinal="0" offset="0" sl="41" sc="3" el="41" ec="3" bec="0" bev="0" fileid="1" />
                <SequencePoint vc="38" uspid="1055" ordinal="0" offset="7" sl="42" sc="3" el="42" ec="3" bec="0" bev="0" fileid="1" />
                <SequencePoint vc="38" uspid="1056" ordinal="0" offset="8" sl="43" sc="5" el="43" ec="5" bec="0" bev="0" fileid="1" />
                <SequencePoint vc="38" uspid="1057" ordinal="0" offset="15" sl="44" sc="5" el="44" ec="5" bec="0" bev="0" fileid="1" />
                <SequencePoint vc="38" uspid="1058" ordinal="0" offset="22" sl="45" sc="3" el="45" ec="3" bec="0" bev="0" fileid="1" />
              </SequencePoints>
              <BranchPoints />
            </Method>
          </Methods>
        </Class>
        <Class>
          <Summary numSequencePoints="2" visitedSequencePoints="2" numBranchPoints="0" visitedBranchPoints="0" sequenceCoverage="100.0" branchCoverage="0.0" maxCyclomaticComplexity="0" minCyclomaticComplexity="0" maxCrapScore="0" minCrapScore="0" visitedClasses="1" numClasses="1" visitedMethods="2" numMethods="2" />
          <FullName>CellPlace</FullName>
          <Methods>
            <Method visited="true" cyclomaticComplexity="0" nPathComplexity="0" sequenceCoverage="100.0" branchCoverage="0" crapScore="0" isConstructor="false" isStatic="false" isGetter="true" isSetter="false">
              <Summary numSequencePoints="1" visitedSequencePoints="1" numBranchPoints="0" visitedBranchPoints="0" sequenceCoverage="100.0" branchCoverage="0" maxCyclomaticComplexity="0" minCyclomaticComplexity="0" maxCrapScore="0" minCrapScore="0" visitedClasses="0" numClasses="0" visitedMethods="1" numMethods="1" />
              <MetadataToken>100663306</MetadataToken>
              <Name>UnityEngine.Vector2Int CellPlace::get_Position()</Name>
              <FileRef uid="2" />
              <SequencePoints>
                <SequencePoint vc="1" uspid="1059" ordinal="0" offset="0" sl="5" sc="34" el="5" ec="34" bec="0" bev="0" fileid="2" />
              </SequencePoints>
              <BranchPoints />
            </Method>
            <Method visited="true" cyclomaticComplexity="0" nPathComplexity="0" sequenceCoverage="100.0" branchCoverage="0" crapScore="0" isConstructor="false" isStatic="false" isGetter="false" isSetter="true">
              <Summary numSequencePoints="1" visitedSequencePoints="1" numBranchPoints="0" visitedBranchPoints="0" sequenceCoverage="100.0" branchCoverage="0" maxCyclomaticComplexity="0" minCyclomaticComplexity="0" maxCrapScore="0" minCrapScore="0" visitedClasses="0" numClasses="0" visitedMethods="1" numMethods="1" />
              <MetadataToken>100663307</MetadataToken>
              <Name>System.Void CellPlace::set_Position(UnityEngine.Vector2Int)</Name>
              <FileRef uid="2" />
              <SequencePoints>
                <SequencePoint vc="2" uspid="1060" ordinal="0" offset="0" sl="5" sc="39" el="5" ec="39" bec="0" bev="0" fileid="2" />
              </SequencePoints>
              <BranchPoints />
            </Method>
          </Methods>
        </Class>
        <Class>
          <Summary numSequencePoints="41" visitedSequencePoints="38" numBranchPoints="0" visitedBranchPoints="0" sequenceCoverage="92.68" branchCoverage="0.0" maxCyclomaticComplexity="0" minCyclomaticComplexity="0" maxCrapScore="0" minCrapScore="0" visitedClasses="1" numClasses="1" visitedMethods="5" numMethods="5" />
          <FullName>CellView</FullName>
          <Methods>
            <Method visited="true" cyclomaticComplexity="0" nPathComplexity="0" sequenceCoverage="100.0" branchCoverage="0" crapScore="0" isConstructor="false" isStatic="false" isGetter="false" isSetter="false">
              <Summary numSequencePoints="10" visitedSequencePoints="10" numBranchPoints="0" visitedBranchPoints="0" sequenceCoverage="100.0" branchCoverage="0" maxCyclomaticComplexity="0" minCyclomaticComplexity="0" maxCrapScore="0" minCrapScore="0" visitedClasses="0" numClasses="0" visitedMethods="1" numMethods="1" />
              <MetadataToken>100663309</MetadataToken>
              <Name>System.Void CellView::Init(Cell, Grid)</Name>
              <FileRef uid="3" />
              <SequencePoints>
                <SequencePoint vc="35" uspid="1061" ordinal="0" offset="0" sl="17" sc="3" el="17" ec="3" bec="0" bev="0" fileid="3" />
                <SequencePoint vc="35" uspid="1062" ordinal="0" offset="1" sl="18" sc="5" el="18" ec="5" bec="0" bev="0" fileid="3" />
                <SequencePoint vc="35" uspid="1063" ordinal="0" offset="8" sl="19" sc="5" el="19" ec="5" bec="0" bev="0" fileid="3" />
                <SequencePoint vc="35" uspid="1064" ordinal="0" offset="15" sl="20" sc="5" el="20" ec="5" bec="0" bev="0" fileid="3" />
                <SequencePoint vc="35" uspid="1065" ordinal="0" offset="34" sl="21" sc="5" el="21" ec="5" bec="0" bev="0" fileid="3" />
                <SequencePoint vc="35" uspid="1066" ordinal="0" offset="53" sl="22" sc="5" el="22" ec="5" bec="0" bev="0" fileid="3" />
                <SequencePoint vc="35" uspid="1067" ordinal="0" offset="65" sl="23" sc="5" el="23" ec="5" bec="0" bev="0" fileid="3" />
                <SequencePoint vc="35" uspid="1068" ordinal="0" offset="77" sl="27" sc="5" el="27" ec="5" bec="0" bev="0" fileid="3" />
                <SequencePoint vc="35" uspid="1069" ordinal="0" offset="90" sl="28" sc="5" el="28" ec="5" bec="0" bev="0" fileid="3" />
                <SequencePoint vc="35" uspid="1070" ordinal="0" offset="103" sl="29" sc="3" el="29" ec="3" bec="0" bev="0" fileid="3" />
              </SequencePoints>
              <BranchPoints />
            </Method>
            <Method visited="true" cyclomaticComplexity="0" nPathComplexity="0" sequenceCoverage="100.0" branchCoverage="0" crapScore="0" isConstructor="false" isStatic="false" isGetter="false" isSetter="false">
              <Summary numSequencePoints="10" visitedSequencePoints="10" numBranchPoints="0" visitedBranchPoints="0" sequenceCoverage="100.0" branchCoverage="0" maxCyclomaticComplexity="0" minCyclomaticComplexity="0" maxCrapScore="0" minCrapScore="0" visitedClasses="0" numClasses="0" visitedMethods="1" numMethods="1" />
              <MetadataToken>100663310</MetadataToken>
              <Name>System.Void CellView::UpdateValue(System.Int32)</Name>
              <FileRef uid="3" />
              <SequencePoints>
                <SequencePoint vc="39" uspid="1071" ordinal="0" offset="0" sl="32" sc="3" el="32" ec="3" bec="0" bev="0" fileid="3" />
                <SequencePoint vc="39" uspid="1072" ordinal="0" offset="1" sl="33" sc="5" el="33" ec="5" bec="0" bev="0" fileid="3" />
                <SequencePoint vc="39" uspid="1073" ordinal="0" offset="15" sl="35" sc="5" el="35" ec="5" bec="0" bev="0" fileid="3" />
                <SequencePoint vc="9" uspid="1074" ordinal="0" offset="31" sl="36" sc="7" el="36" ec="7" bec="0" bev="0" fileid="3" />
                <SequencePoint vc="39" uspid="1075" ordinal="0" offset="50" sl="39" sc="5" el="39" ec="5" bec="0" bev="0" fileid="3" />
                <SequencePoint vc="39" uspid="1076" ordinal="0" offset="70" sl="42" sc="5" el="42" ec="5" bec="0" bev="0" fileid="3" />
                <SequencePoint vc="1" uspid="1077" ordinal="0" offset="86" sl="43" sc="5" el="43" ec="5" bec="0" bev="0" fileid="3" />
                <SequencePoint vc="1" uspid="1078" ordinal="0" offset="87" sl="44" sc="7" el="44" ec="7" bec="0" bev="0" fileid="3" />
                <SequencePoint vc="1" uspid="1079" ordinal="0" offset="117" sl="45" sc="5" el="45" ec="5" bec="0" bev="0" fileid="3" />
                <SequencePoint vc="39" uspid="1080" ordinal="0" offset="118" sl="46" sc="3" el="46" ec="3" bec="0" bev="0" fileid="3" />
              </SequencePoints>
              <BranchPoints />
            </Method>
            <Method visited="true" cyclomaticComplexity="0" nPathComplexity="0" sequenceCoverage="72.73" branchCoverage="0" crapScore="0" isConstructor="false" isStatic="false" isGetter="false" isSetter="false">
              <Summary numSequencePoints="11" visitedSequencePoints="8" numBranchPoints="0" visitedBranchPoints="0" sequenceCoverage="72.73" branchCoverage="0" maxCyclomaticComplexity="0" minCyclomaticComplexity="0" maxCrapScore="0" minCrapScore="0" visitedClasses="0" numClasses="0" visitedMethods="1" numMethods="1" />
              <MetadataToken>100663311</MetadataToken>
              <Name>System.Void CellView::UpdatePosition(UnityEngine.Vector2Int)</Name>
              <FileRef uid="3" />
              <SequencePoints>
                <SequencePoint vc="36" uspid="1081" ordinal="0" offset="0" sl="49" sc="3" el="49" ec="3" bec="0" bev="0" fileid="3" />
                <SequencePoint vc="36" uspid="1082" ordinal="0" offset="1" sl="50" sc="5" el="50" ec="5" bec="0" bev="0" fileid="3" />
                <SequencePoint vc="36" uspid="1083" ordinal="0" offset="39" sl="51" sc="5" el="51" ec="5" bec="0" bev="0" fileid="3" />
                <SequencePoint vc="36" uspid="1084" ordinal="0" offset="40" sl="52" sc="7" el="52" ec="7" bec="0" bev="0" fileid="3" />
                <SequencePoint vc="36" uspid="1085" ordinal="0" offset="58" sl="53" sc="7" el="53" ec="7" bec="0" bev="0" fileid="3" />
                <SequencePoint vc="36" uspid="1086" ordinal="0" offset="71" sl="54" sc="7" el="54" ec="7" bec="0" bev="0" fileid="3" />
                <SequencePoint vc="36" uspid="1087" ordinal="0" offset="88" sl="55" sc="5" el="55" ec="5" bec="0" bev="0" fileid="3" />
                <SequencePoint vc="0" uspid="1088" ordinal="0" offset="91" sl="57" sc="5" el="57" ec="5" bec="0" bev="0" fileid="3" />
                <SequencePoint vc="0" uspid="1089" ordinal="0" offset="92" sl="58" sc="7" el="58" ec="7" bec="0" bev="0" fileid="3" />
                <SequencePoint vc="0" uspid="1090" ordinal="0" offset="123" sl="59" sc="5" el="59" ec="5" bec="0" bev="0" fileid="3" />
                <SequencePoint vc="36" uspid="1091" ordinal="0" offset="124" sl="60" sc="3" el="60" ec="3" bec="0" bev="0" fileid="3" />
              </SequencePoints>
              <BranchPoints />
            </Method>
            <Method visited="true" cyclomaticComplexity="0" nPathComplexity="0" sequenceCoverage="100.0" branchCoverage="0" crapScore="0" isConstructor="false" isStatic="false" isGetter="false" isSetter="false">
              <Summary numSequencePoints="7" visitedSequencePoints="7" numBranchPoints="0" visitedBranchPoints="0" sequenceCoverage="100.0" branchCoverage="0" maxCyclomaticComplexity="0" minCyclomaticComplexity="0" maxCrapScore="0" minCrapScore="0" visitedClasses="0" numClasses="0" visitedMethods="1" numMethods="1" />
              <MetadataToken>100663312</MetadataToken>
              <Name>System.Void CellView::OnDestroy()</Name>
              <FileRef uid="3" />
              <SequencePoints>
                <SequencePoint vc="16" uspid="1092" ordinal="0" offset="0" sl="63" sc="3" el="63" ec="3" bec="0" bev="0" fileid="3" />
                <SequencePoint vc="16" uspid="1093" ordinal="0" offset="1" sl="65" sc="5" el="65" ec="5" bec="0" bev="0" fileid="3" />
                <SequencePoint vc="5" uspid="1094" ordinal="0" offset="14" sl="66" sc="5" el="66" ec="5" bec="0" bev="0" fileid="3" />
                <SequencePoint vc="5" uspid="1095" ordinal="0" offset="15" sl="67" sc="7" el="67" ec="7" bec="0" bev="0" fileid="3" />
                <SequencePoint vc="5" uspid="1096" ordinal="0" offset="39" sl="68" sc="7" el="68" ec="7" bec="0" bev="0" fileid="3" />
                <SequencePoint vc="5" uspid="1097" ordinal="0" offset="63" sl="69" sc="5" el="69" ec="5" bec="0" bev="0" fileid="3" />
                <SequencePoint vc="16" uspid="1098" ordinal="0" offset="64" sl="70" sc="3" el="70" ec="3" bec="0" bev="0" fileid="3" />
              </SequencePoints>
              <BranchPoints />
            </Method>
            <Method visited="true" cyclomaticComplexity="0" nPathComplexity="0" sequenceCoverage="100.0" branchCoverage="0" crapScore="0" isConstructor="true" isStatic="false" isGetter="false" isSetter="false">
              <Summary numSequencePoints="3" visitedSequencePoints="3" numBranchPoints="0" visitedBranchPoints="0" sequenceCoverage="100.0" branchCoverage="0" maxCyclomaticComplexity="0" minCyclomaticComplexity="0" maxCrapScore="0" minCrapScore="0" visitedClasses="0" numClasses="0" visitedMethods="1" numMethods="1" />
              <MetadataToken>100663313</MetadataToken>
              <Name>CellView::CellView()</Name>
              <FileRef uid="3" />
              <SequencePoints>
                <SequencePoint vc="46" uspid="1099" ordinal="0" offset="0" sl="8" sc="20" el="8" ec="20" bec="0" bev="0" fileid="3" />
                <SequencePoint vc="46" uspid="1100" ordinal="0" offset="11" sl="9" sc="20" el="9" ec="20" bec="0" bev="0" fileid="3" />
                <SequencePoint vc="46" uspid="1101" ordinal="0" offset="22" sl="10" sc="20" el="10" ec="20" bec="0" bev="0" fileid="3" />
              </SequencePoints>
              <BranchPoints />
            </Method>
          </Methods>
        </Class>
        <Class>
          <Summary numSequencePoints="4" visitedSequencePoints="4" numBranchPoints="0" visitedBranchPoints="0" sequenceCoverage="100.0" branchCoverage="0.0" maxCyclomaticComplexity="0" minCyclomaticComplexity="0" maxCrapScore="0" minCrapScore="0" visitedClasses="1" numClasses="1" visitedMethods="1" numMethods="1" />
          <FullName>EndGamePanelController</FullName>
          <Methods>
            <Method visited="true" cyclomaticComplexity="0" nPathComplexity="0" sequenceCoverage="100.0" branchCoverage="0" crapScore="0" isConstructor="false" isStatic="false" isGetter="false" isSetter="false">
              <Summary numSequencePoints="4" visitedSequencePoints="4" numBranchPoints="0" visitedBranchPoints="0" sequenceCoverage="100.0" branchCoverage="0" maxCyclomaticComplexity="0" minCyclomaticComplexity="0" maxCrapScore="0" minCrapScore="0" visitedClasses="0" numClasses="0" visitedMethods="1" numMethods="1" />
              <MetadataToken>100663315</MetadataToken>
              <Name>System.Void EndGamePanelController::ShowEndGame(System.String)</Name>
              <FileRef uid="4" />
              <SequencePoints>
                <SequencePoint vc="4" uspid="1105" ordinal="0" offset="0" sl="23" sc="3" el="23" ec="3" bec="0" bev="0" fileid="4" />
                <SequencePoint vc="4" uspid="1106" ordinal="0" offset="1" sl="24" sc="5" el="24" ec="5" bec="0" bev="0" fileid="4" />
                <SequencePoint vc="4" uspid="1107" ordinal="0" offset="14" sl="26" sc="5" el="26" ec="5" bec="0" bev="0" fileid="4" />
                <SequencePoint vc="4" uspid="1108" ordinal="0" offset="27" sl="27" sc="3" el="27" ec="3" bec="0" bev="0" fileid="4" />
              </SequencePoints>
              <BranchPoints />
            </Method>
          </Methods>
        </Class>
        <Class>
          <Summary numSequencePoints="254" visitedSequencePoints="216" numBranchPoints="0" visitedBranchPoints="0" sequenceCoverage="85.04" branchCoverage="0.0" maxCyclomaticComplexity="0" minCyclomaticComplexity="0" maxCrapScore="0" minCrapScore="0" visitedClasses="1" numClasses="1" visitedMethods="12" numMethods="12" />
          <FullName>GameField</FullName>
          <Methods>
            <Method visited="true" cyclomaticComplexity="0" nPathComplexity="0" sequenceCoverage="100.0" branchCoverage="0" crapScore="0" isConstructor="false" isStatic="false" isGetter="false" isSetter="false">
              <Summary numSequencePoints="4" visitedSequencePoints="4" numBranchPoints="0" visitedBranchPoints="0" sequenceCoverage="100.0" branchCoverage="0" maxCyclomaticComplexity="0" minCyclomaticComplexity="0" maxCrapScore="0" minCrapScore="0" visitedClasses="0" numClasses="0" visitedMethods="1" numMethods="1" />
              <MetadataToken>100663318</MetadataToken>
              <Name>System.Void GameField::Awake()</Name>
              <FileRef uid="5" />
              <SequencePoints>
                <SequencePoint vc="35" uspid="1112" ordinal="0" offset="0" sl="18" sc="5" el="18" ec="5" bec="0" bev="0" fileid="5" />
                <SequencePoint vc="35" uspid="1113" ordinal="0" offset="1" sl="19" sc="9" el="19" ec="9" bec="0" bev="0" fileid="5" />
                <SequencePoint vc="35" uspid="1114" ordinal="0" offset="13" sl="20" sc="9" el="20" ec="9" bec="0" bev="0" fileid="5" />
                <SequencePoint vc="35" uspid="1115" ordinal="0" offset="46" sl="21" sc="5" el="21" ec="5" bec="0" bev="0" fileid="5" />
              </SequencePoints>
              <BranchPoints />
            </Method>
            <Method visited="true" cyclomaticComplexity="0" nPathComplexity="0" sequenceCoverage="100.0" branchCoverage="0" crapScore="0" isConstructor="false" isStatic="false" isGetter="false" isSetter="false">
              <Summary numSequencePoints="4" visitedSequencePoints="4" numBranchPoints="0" visitedBranchPoints="0" sequenceCoverage="100.0" branchCoverage="0" maxCyclomaticComplexity="0" minCyclomaticComplexity="0" maxCrapScore="0" minCrapScore="0" visitedClasses="0" numClasses="0" visitedMethods="1" numMethods="1" />
              <MetadataToken>100663319</MetadataToken>
              <Name>System.Void GameField::Start()</Name>
              <FileRef uid="5" />
              <SequencePoints>
                <SequencePoint vc="1" uspid="1116" ordinal="0" offset="0" sl="24" sc="5" el="24" ec="5" bec="0" bev="0" fileid="5" />
                <SequencePoint vc="1" uspid="1117" ordinal="0" offset="1" sl="26" sc="9" el="26" ec="9" bec="0" bev="0" fileid="5" />
                <SequencePoint vc="1" uspid="1118" ordinal="0" offset="8" sl="27" sc="9" el="27" ec="9" bec="0" bev="0" fileid="5" />
                <SequencePoint vc="1" uspid="1119" ordinal="0" offset="15" sl="28" sc="5" el="28" ec="5" bec="0" bev="0" fileid="5" />
              </SequencePoints>
              <BranchPoints />
            </Method>
            <Method visited="true" cyclomaticComplexity="0" nPathComplexity="0" sequenceCoverage="100.0" branchCoverage="0" crapScore="0" isConstructor="false" isStatic="false" isGetter="false" isSetter="false">
              <Summary numSequencePoints="20" visitedSequencePoints="20" numBranchPoints="0" visitedBranchPoints="0" sequenceCoverage="100.0" branchCoverage="0" maxCyclomaticComplexity="0" minCyclomaticComplexity="0" maxCrapScore="0" minCrapScore="0" visitedClasses="0" numClasses="0" visitedMethods="1" numMethods="1" />
              <MetadataToken>100663320</MetadataToken>
              <Name>UnityEngine.Vector2Int GameField::GetEmptyPosition()</Name>
              <FileRef uid="5" />
              <SequencePoints>
                <SequencePoint vc="10" uspid="1120" ordinal="0" offset="0" sl="31" sc="5" el="31" ec="5" bec="0" bev="0" fileid="5" />
                <SequencePoint vc="10" uspid="1121" ordinal="0" offset="1" sl="32" sc="9" el="32" ec="9" bec="0" bev="0" fileid="5" />
                <SequencePoint vc="10" uspid="1122" ordinal="0" offset="7" sl="33" sc="14" el="33" ec="14" bec="0" bev="0" fileid="5" />
                <SequencePoint vc="20" uspid="1123" ordinal="0" offset="11" sl="34" sc="9" el="34" ec="9" bec="0" bev="0" fileid="5" />
                <SequencePoint vc="20" uspid="1124" ordinal="0" offset="12" sl="35" sc="18" el="35" ec="18" bec="0" bev="0" fileid="5" />
                <SequencePoint vc="40" uspid="1125" ordinal="0" offset="16" sl="36" sc="13" el="36" ec="13" bec="0" bev="0" fileid="5" />
                <SequencePoint vc="40" uspid="1126" ordinal="0" offset="17" sl="37" sc="17" el="37" ec="17" bec="0" bev="0" fileid="5" />
                <SequencePoint vc="30" uspid="1127" ordinal="0" offset="40" sl="38" sc="21" el="38" ec="21" bec="0" bev="0" fileid="5" />
                <SequencePoint vc="40" uspid="1128" ordinal="0" offset="54" sl="39" sc="13" el="39" ec="13" bec="0" bev="0" fileid="5" />
                <SequencePoint vc="40" uspid="1129" ordinal="0" offset="55" sl="35" sc="46" el="35" ec="46" bec="0" bev="0" fileid="5" />
                <SequencePoint vc="60" uspid="1130" ordinal="0" offset="59" sl="35" sc="29" el="35" ec="29" bec="0" bev="0" fileid="5" />
                <SequencePoint vc="20" uspid="1131" ordinal="0" offset="79" sl="40" sc="9" el="40" ec="9" bec="0" bev="0" fileid="5" />
                <SequencePoint vc="20" uspid="1132" ordinal="0" offset="80" sl="33" sc="42" el="33" ec="42" bec="0" bev="0" fileid="5" />
                <SequencePoint vc="30" uspid="1133" ordinal="0" offset="84" sl="33" sc="25" el="33" ec="25" bec="0" bev="0" fileid="5" />
                <SequencePoint vc="10" uspid="1134" ordinal="0" offset="104" sl="41" sc="9" el="41" ec="9" bec="0" bev="0" fileid="5" />
                <SequencePoint vc="1" uspid="1135" ordinal="0" offset="119" sl="42" sc="9" el="42" ec="9" bec="0" bev="0" fileid="5" />
                <SequencePoint vc="1" uspid="1136" ordinal="0" offset="120" sl="43" sc="13" el="43" ec="13" bec="0" bev="0" fileid="5" />
                <SequencePoint vc="1" uspid="1137" ordinal="0" offset="131" sl="44" sc="13" el="44" ec="13" bec="0" bev="0" fileid="5" />
                <SequencePoint vc="9" uspid="1138" ordinal="0" offset="142" sl="46" sc="9" el="46" ec="9" bec="0" bev="0" fileid="5" />
                <SequencePoint vc="10" uspid="1139" ordinal="0" offset="164" sl="47" sc="5" el="47" ec="5" bec="0" bev="0" fileid="5" />
              </SequencePoints>
              <BranchPoints />
            </Method>
            <Method visited="true" cyclomaticComplexity="0" nPathComplexity="0" sequenceCoverage="100.0" branchCoverage="0" crapScore="0" isConstructor="false" isStatic="false" isGetter="false" isSetter="false">
              <Summary numSequencePoints="13" visitedSequencePoints="13" numBranchPoints="0" visitedBranchPoints="0" sequenceCoverage="100.0" branchCoverage="0" maxCyclomaticComplexity="0" minCyclomaticComplexity="0" maxCrapScore="0" minCrapScore="0" visitedClasses="0" numClasses="0" visitedMethods="1" numMethods="1" />
              <MetadataToken>100663321</MetadataToken>
              <Name>System.Void GameField::CreateCell()</Name>
              <FileRef uid="5" />
              <SequencePoints>
                <SequencePoint vc="9" uspid="1140" ordinal="0" offset="0" sl="50" sc="5" el="50" ec="5" bec="0" bev="0" fileid="5" />
                <SequencePoint vc="9" uspid="1141" ordinal="0" offset="1" sl="51" sc="9" el="51" ec="9" bec="0" bev="0" fileid="5" />
                <SequencePoint vc="9" uspid="1142" ordinal="0" offset="8" sl="52" sc="9" el="52" ec="9" bec="0" bev="0" fileid="5" />
                <SequencePoint vc="1" uspid="1143" ordinal="0" offset="24" sl="53" sc="13" el="53" ec="13" bec="0" bev="0" fileid="5" />
                <SequencePoint vc="8" uspid="1144" ordinal="0" offset="26" sl="57" sc="9" el="57" ec="9" bec="0" bev="0" fileid="5" />
                <SequencePoint vc="8" uspid="1145" ordinal="0" offset="43" sl="58" sc="9" el="58" ec="9" bec="0" bev="0" fileid="5" />
                <SequencePoint vc="8" uspid="1146" ordinal="0" offset="51" sl="59" sc="9" el="59" ec="9" bec="0" bev="0" fileid="5" />
                <SequencePoint vc="8" uspid="1147" ordinal="0" offset="64" sl="62" sc="9" el="62" ec="9" bec="0" bev="0" fileid="5" />
                <SequencePoint vc="8" uspid="1148" ordinal="0" offset="82" sl="63" sc="9" el="63" ec="9" bec="0" bev="0" fileid="5" />
                <SequencePoint vc="8" uspid="1149" ordinal="0" offset="96" sl="64" sc="9" el="64" ec="9" bec="0" bev="0" fileid="5" />
                <SequencePoint vc="8" uspid="1150" ordinal="0" offset="105" sl="65" sc="9" el="65" ec="9" bec="0" bev="0" fileid="5" />
                <SequencePoint vc="8" uspid="1151" ordinal="0" offset="120" sl="66" sc="9" el="66" ec="9" bec="0" bev="0" fileid="5" />
                <SequencePoint vc="9" uspid="1152" ordinal="0" offset="147" sl="67" sc="5" el="67" ec="5" bec="0" bev="0" fileid="5" />
              </SequencePoints>
              <BranchPoints />
            </Method>
            <Method visited="true" cyclomaticComplexity="0" nPathComplexity="0" sequenceCoverage="84.62" branchCoverage="0" crapScore="0" isConstructor="false" isStatic="false" isGetter="false" isSetter="false">
              <Summary numSequencePoints="13" visitedSequencePoints="11" numBranchPoints="0" visitedBranchPoints="0" sequenceCoverage="84.62" branchCoverage="0" maxCyclomaticComplexity="0" minCyclomaticComplexity="0" maxCrapScore="0" minCrapScore="0" visitedClasses="0" numClasses="0" visitedMethods="1" numMethods="1" />
              <MetadataToken>100663322</MetadataToken>
              <Name>System.Void GameField::ProcessInput(UnityEngine.Vector2)</Name>
              <FileRef uid="5" />
              <SequencePoints>
                <SequencePoint vc="7" uspid="1153" ordinal="0" offset="0" sl="70" sc="5" el="70" ec="5" bec="0" bev="0" fileid="5" />
                <SequencePoint vc="7" uspid="1154" ordinal="0" offset="1" sl="72" sc="9" el="72" ec="9" bec="0" bev="0" fileid="5" />
                <SequencePoint vc="7" uspid="1155" ordinal="0" offset="21" sl="74" sc="9" el="74" ec="9" bec="0" bev="0" fileid="5" />
                <SequencePoint vc="7" uspid="1156" ordinal="0" offset="29" sl="75" sc="9" el="75" ec="9" bec="0" bev="0" fileid="5" />
                <SequencePoint vc="5" uspid="1157" ordinal="0" offset="34" sl="76" sc="9" el="76" ec="9" bec="0" bev="0" fileid="5" />
                <SequencePoint vc="5" uspid="1158" ordinal="0" offset="35" sl="77" sc="13" el="77" ec="13" bec="0" bev="0" fileid="5" />
                <SequencePoint vc="5" uspid="1159" ordinal="0" offset="42" sl="78" sc="13" el="78" ec="13" bec="0" bev="0" fileid="5" />
                <SequencePoint vc="5" uspid="1160" ordinal="0" offset="49" sl="79" sc="9" el="79" ec="9" bec="0" bev="0" fileid="5" />
                <SequencePoint vc="7" uspid="1161" ordinal="0" offset="50" sl="80" sc="9" el="80" ec="9" bec="0" bev="0" fileid="5" />
                <SequencePoint vc="0" uspid="1162" ordinal="0" offset="66" sl="81" sc="13" el="81" ec="13" bec="0" bev="0" fileid="5" />
                <SequencePoint vc="7" uspid="1163" ordinal="0" offset="84" sl="82" sc="9" el="82" ec="9" bec="0" bev="0" fileid="5" />
                <SequencePoint vc="0" uspid="1164" ordinal="0" offset="102" sl="83" sc="13" el="83" ec="13" bec="0" bev="0" fileid="5" />
                <SequencePoint vc="7" uspid="1165" ordinal="0" offset="114" sl="84" sc="5" el="84" ec="5" bec="0" bev="0" fileid="5" />
              </SequencePoints>
              <BranchPoints />
            </Method>
            <Method visited="true" cyclomaticComplexity="0" nPathComplexity="0" sequenceCoverage="100.0" branchCoverage="0" crapScore="0" isConstructor="false" isStatic="false" isGetter="false" isSetter="false">
              <Summary numSequencePoints="61" visitedSequencePoints="61" numBranchPoints="0" visitedBranchPoints="0" sequenceCoverage="100.0" branchCoverage="0" maxCyclomaticComplexity="0" minCyclomaticComplexity="0" maxCrapScore="0" minCrapScore="0" visitedClasses="0" numClasses="0" visitedMethods="1" numMethods="1" />
              <MetadataToken>100663323</MetadataToken>
              <Name>System.Boolean GameField::MoveTiles(UnityEngine.Vector2)</Name>
              <FileRef uid="5" />
              <SequencePoints>
                <SequencePoint vc="7" uspid="1166" ordinal="0" offset="0" sl="87" sc="5" el="87" ec="5" bec="0" bev="0" fileid="5" />
                <SequencePoint vc="7" uspid="1167" ordinal="0" offset="1" sl="88" sc="9" el="88" ec="9" bec="0" bev="0" fileid="5" />
                <SequencePoint vc="7" uspid="1168" ordinal="0" offset="3" sl="89" sc="9" el="89" ec="9" bec="0" bev="0" fileid="5" />
                <SequencePoint vc="7" uspid="1169" ordinal="0" offset="31" sl="91" sc="9" el="91" ec="9" bec="0" bev="0" fileid="5" />
                <SequencePoint vc="3" uspid="1170" ordinal="0" offset="48" sl="92" sc="9" el="92" ec="9" bec="0" bev="0" fileid="5" />
                <SequencePoint vc="3" uspid="1171" ordinal="0" offset="49" sl="93" sc="18" el="93" ec="18" bec="0" bev="0" fileid="5" />
                <SequencePoint vc="6" uspid="1172" ordinal="0" offset="53" sl="94" sc="13" el="94" ec="13" bec="0" bev="0" fileid="5" />
                <SequencePoint vc="6" uspid="1173" ordinal="0" offset="54" sl="95" sc="22" el="95" ec="22" bec="0" bev="0" fileid="5" />
                <SequencePoint vc="6" uspid="1174" ordinal="0" offset="59" sl="96" sc="17" el="96" ec="17" bec="0" bev="0" fileid="5" />
                <SequencePoint vc="6" uspid="1175" ordinal="0" offset="60" sl="97" sc="21" el="97" ec="21" bec="0" bev="0" fileid="5" />
                <SequencePoint vc="6" uspid="1176" ordinal="0" offset="73" sl="98" sc="17" el="98" ec="17" bec="0" bev="0" fileid="5" />
                <SequencePoint vc="6" uspid="1177" ordinal="0" offset="74" sl="95" sc="50" el="95" ec="50" bec="0" bev="0" fileid="5" />
                <SequencePoint vc="12" uspid="1178" ordinal="0" offset="80" sl="95" sc="33" el="95" ec="33" bec="0" bev="0" fileid="5" />
                <SequencePoint vc="6" uspid="1179" ordinal="0" offset="101" sl="99" sc="13" el="99" ec="13" bec="0" bev="0" fileid="5" />
                <SequencePoint vc="6" uspid="1180" ordinal="0" offset="102" sl="93" sc="46" el="93" ec="46" bec="0" bev="0" fileid="5" />
                <SequencePoint vc="9" uspid="1181" ordinal="0" offset="106" sl="93" sc="29" el="93" ec="29" bec="0" bev="0" fileid="5" />
                <SequencePoint vc="3" uspid="1182" ordinal="0" offset="126" sl="100" sc="9" el="100" ec="9" bec="0" bev="0" fileid="5" />
                <SequencePoint vc="4" uspid="1183" ordinal="0" offset="129" sl="101" sc="14" el="101" ec="14" bec="0" bev="0" fileid="5" />
                <SequencePoint vc="1" uspid="1184" ordinal="0" offset="148" sl="102" sc="9" el="102" ec="9" bec="0" bev="0" fileid="5" />
                <SequencePoint vc="1" uspid="1185" ordinal="0" offset="149" sl="103" sc="18" el="103" ec="18" bec="0" bev="0" fileid="5" />
                <SequencePoint vc="2" uspid="1186" ordinal="0" offset="154" sl="104" sc="13" el="104" ec="13" bec="0" bev="0" fileid="5" />
                <SequencePoint vc="2" uspid="1187" ordinal="0" offset="155" sl="105" sc="22" el="105" ec="22" bec="0" bev="0" fileid="5" />
                <SequencePoint vc="2" uspid="1188" ordinal="0" offset="172" sl="106" sc="17" el="106" ec="17" bec="0" bev="0" fileid="5" />
                <SequencePoint vc="2" uspid="1189" ordinal="0" offset="173" sl="107" sc="21" el="107" ec="21" bec="0" bev="0" fileid="5" />
                <SequencePoint vc="2" uspid="1190" ordinal="0" offset="187" sl="108" sc="17" el="108" ec="17" bec="0" bev="0" fileid="5" />
                <SequencePoint vc="2" uspid="1191" ordinal="0" offset="188" sl="105" sc="55" el="105" ec="55" bec="0" bev="0" fileid="5" />
                <SequencePoint vc="4" uspid="1192" ordinal="0" offset="194" sl="105" sc="47" el="105" ec="47" bec="0" bev="0" fileid="5" />
                <SequencePoint vc="2" uspid="1193" ordinal="0" offset="208" sl="109" sc="13" el="109" ec="13" bec="0" bev="0" fileid="5" />
                <SequencePoint vc="2" uspid="1194" ordinal="0" offset="209" sl="103" sc="46" el="103" ec="46" bec="0" bev="0" fileid="5" />
                <SequencePoint vc="3" uspid="1195" ordinal="0" offset="215" sl="103" sc="29" el="103" ec="29" bec="0" bev="0" fileid="5" />
                <SequencePoint vc="1" uspid="1196" ordinal="0" offset="236" sl="110" sc="9" el="110" ec="9" bec="0" bev="0" fileid="5" />
                <SequencePoint vc="7" uspid="1197" ordinal="0" offset="237" sl="111" sc="9" el="111" ec="9" bec="0" bev="0" fileid="5" />
                <SequencePoint vc="2" uspid="1198" ordinal="0" offset="256" sl="112" sc="9" el="112" ec="9" bec="0" bev="0" fileid="5" />
                <SequencePoint vc="2" uspid="1199" ordinal="0" offset="257" sl="113" sc="18" el="113" ec="18" bec="0" bev="0" fileid="5" />
                <SequencePoint vc="4" uspid="1200" ordinal="0" offset="262" sl="114" sc="13" el="114" ec="13" bec="0" bev="0" fileid="5" />
                <SequencePoint vc="4" uspid="1201" ordinal="0" offset="263" sl="115" sc="22" el="115" ec="22" bec="0" bev="0" fileid="5" />
                <SequencePoint vc="4" uspid="1202" ordinal="0" offset="268" sl="116" sc="17" el="116" ec="17" bec="0" bev="0" fileid="5" />
                <SequencePoint vc="4" uspid="1203" ordinal="0" offset="269" sl="117" sc="21" el="117" ec="21" bec="0" bev="0" fileid="5" />
                <SequencePoint vc="4" uspid="1204" ordinal="0" offset="283" sl="118" sc="17" el="118" ec="17" bec="0" bev="0" fileid="5" />
                <SequencePoint vc="4" uspid="1205" ordinal="0" offset="284" sl="115" sc="50" el="115" ec="50" bec="0" bev="0" fileid="5" />
                <SequencePoint vc="8" uspid="1206" ordinal="0" offset="290" sl="115" sc="33" el="115" ec="33" bec="0" bev="0" fileid="5" />
                <SequencePoint vc="4" uspid="1207" ordinal="0" offset="311" sl="119" sc="13" el="119" ec="13" bec="0" bev="0" fileid="5" />
                <SequencePoint vc="4" uspid="1208" ordinal="0" offset="312" sl="113" sc="46" el="113" ec="46" bec="0" bev="0" fileid="5" />
                <SequencePoint vc="6" uspid="1209" ordinal="0" offset="318" sl="113" sc="29" el="113" ec="29" bec="0" bev="0" fileid="5" />
                <SequencePoint vc="2" uspid="1210" ordinal="0" offset="339" sl="120" sc="9" el="120" ec="9" bec="0" bev="0" fileid="5" />
                <SequencePoint vc="5" uspid="1211" ordinal="0" offset="342" sl="121" sc="14" el="121" ec="14" bec="0" bev="0" fileid="5" />
                <SequencePoint vc="1" uspid="1212" ordinal="0" offset="361" sl="122" sc="9" el="122" ec="9" bec="0" bev="0" fileid="5" />
                <SequencePoint vc="1" uspid="1213" ordinal="0" offset="362" sl="123" sc="18" el="123" ec="18" bec="0" bev="0" fileid="5" />
                <SequencePoint vc="2" uspid="1214" ordinal="0" offset="367" sl="124" sc="13" el="124" ec="13" bec="0" bev="0" fileid="5" />
                <SequencePoint vc="2" uspid="1215" ordinal="0" offset="368" sl="125" sc="22" el="125" ec="22" bec="0" bev="0" fileid="5" />
                <SequencePoint vc="2" uspid="1216" ordinal="0" offset="385" sl="126" sc="17" el="126" ec="17" bec="0" bev="0" fileid="5" />
                <SequencePoint vc="2" uspid="1217" ordinal="0" offset="386" sl="127" sc="21" el="127" ec="21" bec="0" bev="0" fileid="5" />
                <SequencePoint vc="2" uspid="1218" ordinal="0" offset="400" sl="128" sc="17" el="128" ec="17" bec="0" bev="0" fileid="5" />
                <SequencePoint vc="2" uspid="1219" ordinal="0" offset="401" sl="125" sc="55" el="125" ec="55" bec="0" bev="0" fileid="5" />
                <SequencePoint vc="4" uspid="1220" ordinal="0" offset="407" sl="125" sc="47" el="125" ec="47" bec="0" bev="0" fileid="5" />
                <SequencePoint vc="2" uspid="1221" ordinal="0" offset="421" sl="129" sc="13" el="129" ec="13" bec="0" bev="0" fileid="5" />
                <SequencePoint vc="2" uspid="1222" ordinal="0" offset="422" sl="123" sc="46" el="123" ec="46" bec="0" bev="0" fileid="5" />
                <SequencePoint vc="3" uspid="1223" ordinal="0" offset="428" sl="123" sc="29" el="123" ec="29" bec="0" bev="0" fileid="5" />
                <SequencePoint vc="1" uspid="1224" ordinal="0" offset="449" sl="130" sc="9" el="130" ec="9" bec="0" bev="0" fileid="5" />
                <SequencePoint vc="7" uspid="1225" ordinal="0" offset="450" sl="131" sc="9" el="131" ec="9" bec="0" bev="0" fileid="5" />
                <SequencePoint vc="7" uspid="1226" ordinal="0" offset="455" sl="132" sc="5" el="132" ec="5" bec="0" bev="0" fileid="5" />
              </SequencePoints>
              <BranchPoints />
            </Method>
            <Method visited="true" cyclomaticComplexity="0" nPathComplexity="0" sequenceCoverage="68.97" branchCoverage="0" crapScore="0" isConstructor="false" isStatic="false" isGetter="false" isSetter="false">
              <Summary numSequencePoints="29" visitedSequencePoints="20" numBranchPoints="0" visitedBranchPoints="0" sequenceCoverage="68.97" branchCoverage="0" maxCyclomaticComplexity="0" minCyclomaticComplexity="0" maxCrapScore="0" minCrapScore="0" visitedClasses="0" numClasses="0" visitedMethods="1" numMethods="1" />
              <MetadataToken>100663324</MetadataToken>
              <Name>System.Boolean GameField::ShiftLeft(System.Int32, System.Int32, System.Boolean[,])</Name>
              <FileRef uid="5" />
              <SequencePoints>
                <SequencePoint vc="6" uspid="1227" ordinal="0" offset="0" sl="135" sc="5" el="135" ec="5" bec="0" bev="0" fileid="5" />
                <SequencePoint vc="6" uspid="1228" ordinal="0" offset="1" sl="136" sc="9" el="136" ec="9" bec="0" bev="0" fileid="5" />
                <SequencePoint vc="4" uspid="1229" ordinal="0" offset="24" sl="136" sc="34" el="136" ec="34" bec="0" bev="0" fileid="5" />
                <SequencePoint vc="2" uspid="1230" ordinal="0" offset="31" sl="137" sc="9" el="137" ec="9" bec="0" bev="0" fileid="5" />
                <SequencePoint vc="2" uspid="1231" ordinal="0" offset="33" sl="138" sc="9" el="138" ec="9" bec="0" bev="0" fileid="5" />
                <SequencePoint vc="2" uspid="1232" ordinal="0" offset="47" sl="141" sc="9" el="141" ec="9" bec="0" bev="0" fileid="5" />
                <SequencePoint vc="2" uspid="1233" ordinal="0" offset="48" sl="142" sc="13" el="142" ec="13" bec="0" bev="0" fileid="5" />
                <SequencePoint vc="2" uspid="1234" ordinal="0" offset="59" sl="143" sc="13" el="143" ec="13" bec="0" bev="0" fileid="5" />
                <SequencePoint vc="0" uspid="1235" ordinal="0" offset="85" sl="144" sc="13" el="144" ec="13" bec="0" bev="0" fileid="5" />
                <SequencePoint vc="0" uspid="1236" ordinal="0" offset="86" sl="145" sc="17" el="145" ec="17" bec="0" bev="0" fileid="5" />
                <SequencePoint vc="0" uspid="1237" ordinal="0" offset="119" sl="146" sc="17" el="146" ec="17" bec="0" bev="0" fileid="5" />
                <SequencePoint vc="0" uspid="1238" ordinal="0" offset="139" sl="147" sc="17" el="147" ec="17" bec="0" bev="0" fileid="5" />
                <SequencePoint vc="0" uspid="1239" ordinal="0" offset="149" sl="148" sc="17" el="148" ec="17" bec="0" bev="0" fileid="5" />
                <SequencePoint vc="0" uspid="1240" ordinal="0" offset="151" sl="149" sc="13" el="149" ec="13" bec="0" bev="0" fileid="5" />
                <SequencePoint vc="2" uspid="1241" ordinal="0" offset="157" sl="150" sc="18" el="150" ec="18" bec="0" bev="0" fileid="5" />
                <SequencePoint vc="2" uspid="1242" ordinal="0" offset="232" sl="151" sc="13" el="151" ec="13" bec="0" bev="0" fileid="5" />
                <SequencePoint vc="2" uspid="1243" ordinal="0" offset="233" sl="152" sc="17" el="152" ec="17" bec="0" bev="0" fileid="5" />
                <SequencePoint vc="2" uspid="1244" ordinal="0" offset="270" sl="153" sc="17" el="153" ec="17" bec="0" bev="0" fileid="5" />
                <SequencePoint vc="2" uspid="1245" ordinal="0" offset="300" sl="154" sc="17" el="154" ec="17" bec="0" bev="0" fileid="5" />
                <SequencePoint vc="2" uspid="1246" ordinal="0" offset="320" sl="155" sc="17" el="155" ec="17" bec="0" bev="0" fileid="5" />
                <SequencePoint vc="2" uspid="1247" ordinal="0" offset="330" sl="156" sc="17" el="156" ec="17" bec="0" bev="0" fileid="5" />
                <SequencePoint vc="2" uspid="1248" ordinal="0" offset="332" sl="157" sc="17" el="157" ec="17" bec="0" bev="0" fileid="5" />
                <SequencePoint vc="0" uspid="1249" ordinal="0" offset="334" sl="159" sc="18" el="159" ec="18" bec="0" bev="0" fileid="5" />
                <SequencePoint vc="0" uspid="1250" ordinal="0" offset="336" sl="160" sc="9" el="160" ec="9" bec="0" bev="0" fileid="5" />
                <SequencePoint vc="2" uspid="1251" ordinal="0" offset="337" sl="140" sc="9" el="140" ec="9" bec="0" bev="0" fileid="5" />
                <SequencePoint vc="2" uspid="1252" ordinal="0" offset="356" sl="161" sc="9" el="161" ec="9" bec="0" bev="0" fileid="5" />
                <SequencePoint vc="0" uspid="1253" ordinal="0" offset="387" sl="162" sc="13" el="162" ec="13" bec="0" bev="0" fileid="5" />
                <SequencePoint vc="2" uspid="1254" ordinal="0" offset="418" sl="163" sc="9" el="163" ec="9" bec="0" bev="0" fileid="5" />
                <SequencePoint vc="6" uspid="1255" ordinal="0" offset="422" sl="164" sc="5" el="164" ec="5" bec="0" bev="0" fileid="5" />
              </SequencePoints>
              <BranchPoints />
            </Method>
            <Method visited="true" cyclomaticComplexity="0" nPathComplexity="0" sequenceCoverage="68.97" branchCoverage="0" crapScore="0" isConstructor="false" isStatic="false" isGetter="false" isSetter="false">
              <Summary numSequencePoints="29" visitedSequencePoints="20" numBranchPoints="0" visitedBranchPoints="0" sequenceCoverage="68.97" branchCoverage="0" maxCyclomaticComplexity="0" minCyclomaticComplexity="0" maxCrapScore="0" minCrapScore="0" visitedClasses="0" numClasses="0" visitedMethods="1" numMethods="1" />
              <MetadataToken>100663325</MetadataToken>
              <Name>System.Boolean GameField::ShiftRight(System.Int32, System.Int32, System.Boolean[,])</Name>
              <FileRef uid="5" />
              <SequencePoints>
                <SequencePoint vc="2" uspid="1256" ordinal="0" offset="0" sl="167" sc="5" el="167" ec="5" bec="0" bev="0" fileid="5" />
                <SequencePoint vc="2" uspid="1257" ordinal="0" offset="1" sl="168" sc="9" el="168" ec="9" bec="0" bev="0" fileid="5" />
                <SequencePoint vc="1" uspid="1258" ordinal="0" offset="24" sl="168" sc="34" el="168" ec="34" bec="0" bev="0" fileid="5" />
                <SequencePoint vc="1" uspid="1259" ordinal="0" offset="31" sl="169" sc="9" el="169" ec="9" bec="0" bev="0" fileid="5" />
                <SequencePoint vc="1" uspid="1260" ordinal="0" offset="33" sl="170" sc="9" el="170" ec="9" bec="0" bev="0" fileid="5" />
                <SequencePoint vc="1" uspid="1261" ordinal="0" offset="47" sl="173" sc="9" el="173" ec="9" bec="0" bev="0" fileid="5" />
                <SequencePoint vc="1" uspid="1262" ordinal="0" offset="48" sl="174" sc="13" el="174" ec="13" bec="0" bev="0" fileid="5" />
                <SequencePoint vc="1" uspid="1263" ordinal="0" offset="59" sl="175" sc="13" el="175" ec="13" bec="0" bev="0" fileid="5" />
                <SequencePoint vc="1" uspid="1264" ordinal="0" offset="85" sl="176" sc="13" el="176" ec="13" bec="0" bev="0" fileid="5" />
                <SequencePoint vc="1" uspid="1265" ordinal="0" offset="86" sl="177" sc="17" el="177" ec="17" bec="0" bev="0" fileid="5" />
                <SequencePoint vc="1" uspid="1266" ordinal="0" offset="119" sl="178" sc="17" el="178" ec="17" bec="0" bev="0" fileid="5" />
                <SequencePoint vc="1" uspid="1267" ordinal="0" offset="139" sl="179" sc="17" el="179" ec="17" bec="0" bev="0" fileid="5" />
                <SequencePoint vc="1" uspid="1268" ordinal="0" offset="149" sl="180" sc="17" el="180" ec="17" bec="0" bev="0" fileid="5" />
                <SequencePoint vc="1" uspid="1269" ordinal="0" offset="151" sl="181" sc="13" el="181" ec="13" bec="0" bev="0" fileid="5" />
                <SequencePoint vc="0" uspid="1270" ordinal="0" offset="157" sl="182" sc="18" el="182" ec="18" bec="0" bev="0" fileid="5" />
                <SequencePoint vc="0" uspid="1271" ordinal="0" offset="232" sl="183" sc="13" el="183" ec="13" bec="0" bev="0" fileid="5" />
                <SequencePoint vc="0" uspid="1272" ordinal="0" offset="233" sl="184" sc="17" el="184" ec="17" bec="0" bev="0" fileid="5" />
                <SequencePoint vc="0" uspid="1273" ordinal="0" offset="270" sl="185" sc="17" el="185" ec="17" bec="0" bev="0" fileid="5" />
                <SequencePoint vc="0" uspid="1274" ordinal="0" offset="300" sl="186" sc="17" el="186" ec="17" bec="0" bev="0" fileid="5" />
                <SequencePoint vc="0" uspid="1275" ordinal="0" offset="320" sl="187" sc="17" el="187" ec="17" bec="0" bev="0" fileid="5" />
                <SequencePoint vc="0" uspid="1276" ordinal="0" offset="330" sl="188" sc="17" el="188" ec="17" bec="0" bev="0" fileid="5" />
                <SequencePoint vc="0" uspid="1277" ordinal="0" offset="332" sl="189" sc="17" el="189" ec="17" bec="0" bev="0" fileid="5" />
                <SequencePoint vc="0" uspid="1278" ordinal="0" offset="334" sl="191" sc="18" el="191" ec="18" bec="0" bev="0" fileid="5" />
                <SequencePoint vc="1" uspid="1279" ordinal="0" offset="336" sl="192" sc="9" el="192" ec="9" bec="0" bev="0" fileid="5" />
                <SequencePoint vc="2" uspid="1280" ordinal="0" offset="337" sl="172" sc="9" el="172" ec="9" bec="0" bev="0" fileid="5" />
                <SequencePoint vc="1" uspid="1281" ordinal="0" offset="368" sl="193" sc="9" el="193" ec="9" bec="0" bev="0" fileid="5" />
                <SequencePoint vc="1" uspid="1282" ordinal="0" offset="399" sl="194" sc="13" el="194" ec="13" bec="0" bev="0" fileid="5" />
                <SequencePoint vc="1" uspid="1283" ordinal="0" offset="430" sl="195" sc="9" el="195" ec="9" bec="0" bev="0" fileid="5" />
                <SequencePoint vc="2" uspid="1284" ordinal="0" offset="434" sl="196" sc="5" el="196" ec="5" bec="0" bev="0" fileid="5" />
              </SequencePoints>
              <BranchPoints />
            </Method>
            <Method visited="true" cyclomaticComplexity="0" nPathComplexity="0" sequenceCoverage="68.97" branchCoverage="0" crapScore="0" isConstructor="false" isStatic="false" isGetter="false" isSetter="false">
              <Summary numSequencePoints="29" visitedSequencePoints="20" numBranchPoints="0" visitedBranchPoints="0" sequenceCoverage="68.97" branchCoverage="0" maxCyclomaticComplexity="0" minCyclomaticComplexity="0" maxCrapScore="0" minCrapScore="0" visitedClasses="0" numClasses="0" visitedMethods="1" numMethods="1" />
              <MetadataToken>100663326</MetadataToken>
              <Name>System.Boolean GameField::ShiftUp(System.Int32, System.Int32, System.Boolean[,])</Name>
              <FileRef uid="5" />
              <SequencePoints>
                <SequencePoint vc="4" uspid="1285" ordinal="0" offset="0" sl="199" sc="5" el="199" ec="5" bec="0" bev="0" fileid="5" />
                <SequencePoint vc="4" uspid="1286" ordinal="0" offset="1" sl="200" sc="9" el="200" ec="9" bec="0" bev="0" fileid="5" />
                <SequencePoint vc="3" uspid="1287" ordinal="0" offset="24" sl="200" sc="34" el="200" ec="34" bec="0" bev="0" fileid="5" />
                <SequencePoint vc="1" uspid="1288" ordinal="0" offset="31" sl="201" sc="9" el="201" ec="9" bec="0" bev="0" fileid="5" />
                <SequencePoint vc="1" uspid="1289" ordinal="0" offset="33" sl="202" sc="9" el="202" ec="9" bec="0" bev="0" fileid="5" />
                <SequencePoint vc="1" uspid="1290" ordinal="0" offset="47" sl="205" sc="9" el="205" ec="9" bec="0" bev="0" fileid="5" />
                <SequencePoint vc="1" uspid="1291" ordinal="0" offset="48" sl="206" sc="13" el="206" ec="13" bec="0" bev="0" fileid="5" />
                <SequencePoint vc="1" uspid="1292" ordinal="0" offset="59" sl="207" sc="13" el="207" ec="13" bec="0" bev="0" fileid="5" />
                <SequencePoint vc="0" uspid="1293" ordinal="0" offset="85" sl="208" sc="13" el="208" ec="13" bec="0" bev="0" fileid="5" />
                <SequencePoint vc="0" uspid="1294" ordinal="0" offset="86" sl="209" sc="17" el="209" ec="17" bec="0" bev="0" fileid="5" />
                <SequencePoint vc="0" uspid="1295" ordinal="0" offset="119" sl="210" sc="17" el="210" ec="17" bec="0" bev="0" fileid="5" />
                <SequencePoint vc="0" uspid="1296" ordinal="0" offset="139" sl="211" sc="17" el="211" ec="17" bec="0" bev="0" fileid="5" />
                <SequencePoint vc="0" uspid="1297" ordinal="0" offset="149" sl="212" sc="17" el="212" ec="17" bec="0" bev="0" fileid="5" />
                <SequencePoint vc="0" uspid="1298" ordinal="0" offset="151" sl="213" sc="13" el="213" ec="13" bec="0" bev="0" fileid="5" />
                <SequencePoint vc="1" uspid="1299" ordinal="0" offset="157" sl="214" sc="18" el="214" ec="18" bec="0" bev="0" fileid="5" />
                <SequencePoint vc="1" uspid="1300" ordinal="0" offset="232" sl="215" sc="13" el="215" ec="13" bec="0" bev="0" fileid="5" />
                <SequencePoint vc="1" uspid="1301" ordinal="0" offset="233" sl="216" sc="17" el="216" ec="17" bec="0" bev="0" fileid="5" />
                <SequencePoint vc="1" uspid="1302" ordinal="0" offset="270" sl="217" sc="17" el="217" ec="17" bec="0" bev="0" fileid="5" />
                <SequencePoint vc="1" uspid="1303" ordinal="0" offset="300" sl="218" sc="17" el="218" ec="17" bec="0" bev="0" fileid="5" />
                <SequencePoint vc="1" uspid="1304" ordinal="0" offset="320" sl="219" sc="17" el="219" ec="17" bec="0" bev="0" fileid="5" />
                <SequencePoint vc="1" uspid="1305" ordinal="0" offset="330" sl="220" sc="17" el="220" ec="17" bec="0" bev="0" fileid="5" />
                <SequencePoint vc="1" uspid="1306" ordinal="0" offset="332" sl="221" sc="17" el="221" ec="17" bec="0" bev="0" fileid="5" />
                <SequencePoint vc="0" uspid="1307" ordinal="0" offset="334" sl="223" sc="18" el="223" ec="18" bec="0" bev="0" fileid="5" />
                <SequencePoint vc="0" uspid="1308" ordinal="0" offset="336" sl="224" sc="9" el="224" ec="9" bec="0" bev="0" fileid="5" />
                <SequencePoint vc="1" uspid="1309" ordinal="0" offset="337" sl="204" sc="9" el="204" ec="9" bec="0" bev="0" fileid="5" />
                <SequencePoint vc="1" uspid="1310" ordinal="0" offset="356" sl="225" sc="9" el="225" ec="9" bec="0" bev="0" fileid="5" />
                <SequencePoint vc="0" uspid="1311" ordinal="0" offset="393" sl="226" sc="13" el="226" ec="13" bec="0" bev="0" fileid="5" />
                <SequencePoint vc="1" uspid="1312" ordinal="0" offset="430" sl="227" sc="9" el="227" ec="9" bec="0" bev="0" fileid="5" />
                <SequencePoint vc="4" uspid="1313" ordinal="0" offset="434" sl="228" sc="5" el="228" ec="5" bec="0" bev="0" fileid="5" />
              </SequencePoints>
              <BranchPoints />
            </Method>
            <Method visited="true" cyclomaticComplexity="0" nPathComplexity="0" sequenceCoverage="68.97" branchCoverage="0" crapScore="0" isConstructor="false" isStatic="false" isGetter="false" isSetter="false">
              <Summary numSequencePoints="29" visitedSequencePoints="20" numBranchPoints="0" visitedBranchPoints="0" sequenceCoverage="68.97" branchCoverage="0" maxCyclomaticComplexity="0" minCyclomaticComplexity="0" maxCrapScore="0" minCrapScore="0" visitedClasses="0" numClasses="0" visitedMethods="1" numMethods="1" />
              <MetadataToken>100663327</MetadataToken>
              <Name>System.Boolean GameField::ShiftDown(System.Int32, System.Int32, System.Boolean[,])</Name>
              <FileRef uid="5" />
              <SequencePoints>
                <SequencePoint vc="2" uspid="1314" ordinal="0" offset="0" sl="231" sc="5" el="231" ec="5" bec="0" bev="0" fileid="5" />
                <SequencePoint vc="2" uspid="1315" ordinal="0" offset="1" sl="232" sc="9" el="232" ec="9" bec="0" bev="0" fileid="5" />
                <SequencePoint vc="1" uspid="1316" ordinal="0" offset="24" sl="232" sc="34" el="232" ec="34" bec="0" bev="0" fileid="5" />
                <SequencePoint vc="1" uspid="1317" ordinal="0" offset="31" sl="233" sc="9" el="233" ec="9" bec="0" bev="0" fileid="5" />
                <SequencePoint vc="1" uspid="1318" ordinal="0" offset="33" sl="234" sc="9" el="234" ec="9" bec="0" bev="0" fileid="5" />
                <SequencePoint vc="1" uspid="1319" ordinal="0" offset="47" sl="237" sc="9" el="237" ec="9" bec="0" bev="0" fileid="5" />
                <SequencePoint vc="1" uspid="1320" ordinal="0" offset="48" sl="238" sc="13" el="238" ec="13" bec="0" bev="0" fileid="5" />
                <SequencePoint vc="1" uspid="1321" ordinal="0" offset="59" sl="239" sc="13" el="239" ec="13" bec="0" bev="0" fileid="5" />
                <SequencePoint vc="0" uspid="1322" ordinal="0" offset="85" sl="240" sc="13" el="240" ec="13" bec="0" bev="0" fileid="5" />
                <SequencePoint vc="0" uspid="1323" ordinal="0" offset="86" sl="241" sc="17" el="241" ec="17" bec="0" bev="0" fileid="5" />
                <SequencePoint vc="0" uspid="1324" ordinal="0" offset="119" sl="242" sc="17" el="242" ec="17" bec="0" bev="0" fileid="5" />
                <SequencePoint vc="0" uspid="1325" ordinal="0" offset="139" sl="243" sc="17" el="243" ec="17" bec="0" bev="0" fileid="5" />
                <SequencePoint vc="0" uspid="1326" ordinal="0" offset="149" sl="244" sc="17" el="244" ec="17" bec="0" bev="0" fileid="5" />
                <SequencePoint vc="0" uspid="1327" ordinal="0" offset="151" sl="245" sc="13" el="245" ec="13" bec="0" bev="0" fileid="5" />
                <SequencePoint vc="1" uspid="1328" ordinal="0" offset="157" sl="246" sc="18" el="246" ec="18" bec="0" bev="0" fileid="5" />
                <SequencePoint vc="1" uspid="1329" ordinal="0" offset="232" sl="247" sc="13" el="247" ec="13" bec="0" bev="0" fileid="5" />
                <SequencePoint vc="1" uspid="1330" ordinal="0" offset="233" sl="248" sc="17" el="248" ec="17" bec="0" bev="0" fileid="5" />
                <SequencePoint vc="1" uspid="1331" ordinal="0" offset="270" sl="249" sc="17" el="249" ec="17" bec="0" bev="0" fileid="5" />
                <SequencePoint vc="1" uspid="1332" ordinal="0" offset="300" sl="250" sc="17" el="250" ec="17" bec="0" bev="0" fileid="5" />
                <SequencePoint vc="1" uspid="1333" ordinal="0" offset="320" sl="251" sc="17" el="251" ec="17" bec="0" bev="0" fileid="5" />
                <SequencePoint vc="1" uspid="1334" ordinal="0" offset="330" sl="252" sc="17" el="252" ec="17" bec="0" bev="0" fileid="5" />
                <SequencePoint vc="1" uspid="1335" ordinal="0" offset="332" sl="253" sc="17" el="253" ec="17" bec="0" bev="0" fileid="5" />
                <SequencePoint vc="0" uspid="1336" ordinal="0" offset="334" sl="255" sc="18" el="255" ec="18" bec="0" bev="0" fileid="5" />
                <SequencePoint vc="0" uspid="1337" ordinal="0" offset="336" sl="256" sc="9" el="256" ec="9" bec="0" bev="0" fileid="5" />
                <SequencePoint vc="1" uspid="1338" ordinal="0" offset="337" sl="236" sc="9" el="236" ec="9" bec="0" bev="0" fileid="5" />
                <SequencePoint vc="1" uspid="1339" ordinal="0" offset="368" sl="257" sc="9" el="257" ec="9" bec="0" bev="0" fileid="5" />
                <SequencePoint vc="0" uspid="1340" ordinal="0" offset="405" sl="258" sc="13" el="258" ec="13" bec="0" bev="0" fileid="5" />
                <SequencePoint vc="1" uspid="1341" ordinal="0" offset="442" sl="259" sc="9" el="259" ec="9" bec="0" bev="0" fileid="5" />
                <SequencePoint vc="2" uspid="1342" ordinal="0" offset="446" sl="260" sc="5" el="260" ec="5" bec="0" bev="0" fileid="5" />
              </SequencePoints>
              <BranchPoints />
            </Method>
            <Method visited="true" cyclomaticComplexity="0" nPathComplexity="0" sequenceCoverage="100.0" branchCoverage="0" crapScore="0" isConstructor="false" isStatic="false" isGetter="false" isSetter="false">
              <Summary numSequencePoints="20" visitedSequencePoints="20" numBranchPoints="0" visitedBranchPoints="0" sequenceCoverage="100.0" branchCoverage="0" maxCyclomaticComplexity="0" minCyclomaticComplexity="0" maxCrapScore="0" minCrapScore="0" visitedClasses="0" numClasses="0" visitedMethods="1" numMethods="1" />
              <MetadataToken>100663328</MetadataToken>
              <Name>System.Void GameField::UpdateScore()</Name>
              <FileRef uid="5" />
              <SequencePoints>
                <SequencePoint vc="5" uspid="1343" ordinal="0" offset="0" sl="263" sc="5" el="263" ec="5" bec="0" bev="0" fileid="5" />
                <SequencePoint vc="5" uspid="1344" ordinal="0" offset="1" sl="264" sc="9" el="264" ec="9" bec="0" bev="0" fileid="5" />
                <SequencePoint vc="5" uspid="1345" ordinal="0" offset="3" sl="265" sc="14" el="265" ec="14" bec="0" bev="0" fileid="5" />
                <SequencePoint vc="10" uspid="1346" ordinal="0" offset="7" sl="266" sc="9" el="266" ec="9" bec="0" bev="0" fileid="5" />
                <SequencePoint vc="10" uspid="1347" ordinal="0" offset="8" sl="267" sc="18" el="267" ec="18" bec="0" bev="0" fileid="5" />
                <SequencePoint vc="20" uspid="1348" ordinal="0" offset="12" sl="268" sc="13" el="268" ec="13" bec="0" bev="0" fileid="5" />
                <SequencePoint vc="20" uspid="1349" ordinal="0" offset="13" sl="269" sc="17" el="269" ec="17" bec="0" bev="0" fileid="5" />
                <SequencePoint vc="10" uspid="1350" ordinal="0" offset="36" sl="270" sc="17" el="270" ec="17" bec="0" bev="0" fileid="5" />
                <SequencePoint vc="10" uspid="1351" ordinal="0" offset="37" sl="271" sc="21" el="271" ec="21" bec="0" bev="0" fileid="5" />
                <SequencePoint vc="10" uspid="1352" ordinal="0" offset="74" sl="272" sc="21" el="272" ec="21" bec="0" bev="0" fileid="5" />
                <SequencePoint vc="10" uspid="1353" ordinal="0" offset="79" sl="273" sc="17" el="273" ec="17" bec="0" bev="0" fileid="5" />
                <SequencePoint vc="20" uspid="1354" ordinal="0" offset="80" sl="274" sc="13" el="274" ec="13" bec="0" bev="0" fileid="5" />
                <SequencePoint vc="20" uspid="1355" ordinal="0" offset="81" sl="267" sc="46" el="267" ec="46" bec="0" bev="0" fileid="5" />
                <SequencePoint vc="30" uspid="1356" ordinal="0" offset="85" sl="267" sc="29" el="267" ec="29" bec="0" bev="0" fileid="5" />
                <SequencePoint vc="10" uspid="1357" ordinal="0" offset="105" sl="275" sc="9" el="275" ec="9" bec="0" bev="0" fileid="5" />
                <SequencePoint vc="10" uspid="1358" ordinal="0" offset="106" sl="265" sc="42" el="265" ec="42" bec="0" bev="0" fileid="5" />
                <SequencePoint vc="15" uspid="1359" ordinal="0" offset="110" sl="265" sc="25" el="265" ec="25" bec="0" bev="0" fileid="5" />
                <SequencePoint vc="5" uspid="1360" ordinal="0" offset="130" sl="276" sc="9" el="276" ec="9" bec="0" bev="0" fileid="5" />
                <SequencePoint vc="5" uspid="1361" ordinal="0" offset="137" sl="277" sc="9" el="277" ec="9" bec="0" bev="0" fileid="5" />
                <SequencePoint vc="5" uspid="1362" ordinal="0" offset="164" sl="278" sc="5" el="278" ec="5" bec="0" bev="0" fileid="5" />
              </SequencePoints>
              <BranchPoints />
            </Method>
            <Method visited="true" cyclomaticComplexity="0" nPathComplexity="0" sequenceCoverage="100.0" branchCoverage="0" crapScore="0" isConstructor="true" isStatic="false" isGetter="false" isSetter="false">
              <Summary numSequencePoints="3" visitedSequencePoints="3" numBranchPoints="0" visitedBranchPoints="0" sequenceCoverage="100.0" branchCoverage="0" maxCyclomaticComplexity="0" minCyclomaticComplexity="0" maxCrapScore="0" minCrapScore="0" visitedClasses="0" numClasses="0" visitedMethods="1" numMethods="1" />
              <MetadataToken>100663329</MetadataToken>
              <Name>GameField::GameField()</Name>
              <FileRef uid="5" />
              <SequencePoints>
                <SequencePoint vc="24" uspid="1363" ordinal="0" offset="0" sl="7" sc="5" el="7" ec="5" bec="0" bev="0" fileid="5" />
                <SequencePoint vc="24" uspid="1364" ordinal="0" offset="13" sl="9" sc="5" el="9" ec="5" bec="0" bev="0" fileid="5" />
                <SequencePoint vc="24" uspid="1365" ordinal="0" offset="24" sl="11" sc="5" el="11" ec="5" bec="0" bev="0" fileid="5" />
              </SequencePoints>
              <BranchPoints />
            </Method>
          </Methods>
        </Class>
        <Class>
          <Summary numSequencePoints="78" visitedSequencePoints="47" numBranchPoints="0" visitedBranchPoints="0" sequenceCoverage="60.26" branchCoverage="0.0" maxCyclomaticComplexity="0" minCyclomaticComplexity="0" maxCrapScore="0" minCrapScore="0" visitedClasses="1" numClasses="1" visitedMethods="3" numMethods="3" />
          <FullName>GameStateController</FullName>
          <Methods>
            <Method visited="true" cyclomaticComplexity="0" nPathComplexity="0" sequenceCoverage="80.95" branchCoverage="0" crapScore="0" isConstructor="false" isStatic="false" isGetter="false" isSetter="false">
              <Summary numSequencePoints="42" visitedSequencePoints="34" numBranchPoints="0" visitedBranchPoints="0" sequenceCoverage="80.95" branchCoverage="0" maxCyclomaticComplexity="0" minCyclomaticComplexity="0" maxCrapScore="0" minCrapScore="0" visitedClasses="0" numClasses="0" visitedMethods="1" numMethods="1" />
              <MetadataToken>100663331</MetadataToken>
              <Name>System.Void GameStateController::CheckGameState()</Name>
              <FileRef uid="6" />
              <SequencePoints>
                <SequencePoint vc="6" uspid="1370" ordinal="0" offset="0" sl="18" sc="5" el="18" ec="5" bec="0" bev="0" fileid="6" />
                <SequencePoint vc="6" uspid="1371" ordinal="0" offset="1" sl="19" sc="9" el="19" ec="9" bec="0" bev="0" fileid="6" />
                <SequencePoint vc="6" uspid="1372" ordinal="0" offset="3" sl="20" sc="14" el="20" ec="14" bec="0" bev="0" fileid="6" />
                <SequencePoint vc="8" uspid="1373" ordinal="0" offset="10" sl="21" sc="9" el="21" ec="9" bec="0" bev="0" fileid="6" />
                <SequencePoint vc="8" uspid="1374" ordinal="0" offset="11" sl="22" sc="18" el="22" ec="18" bec="0" bev="0" fileid="6" />
                <SequencePoint vc="13" uspid="1375" ordinal="0" offset="15" sl="23" sc="13" el="23" ec="13" bec="0" bev="0" fileid="6" />
                <SequencePoint vc="13" uspid="1376" ordinal="0" offset="16" sl="24" sc="17" el="24" ec="17" bec="0" bev="0" fileid="6" />
                <SequencePoint vc="13" uspid="1377" ordinal="0" offset="35" sl="25" sc="17" el="25" ec="17" bec="0" bev="0" fileid="6" />
                <SequencePoint vc="7" uspid="1378" ordinal="0" offset="48" sl="26" sc="17" el="26" ec="17" bec="0" bev="0" fileid="6" />
                <SequencePoint vc="7" uspid="1379" ordinal="0" offset="49" sl="27" sc="21" el="27" ec="21" bec="0" bev="0" fileid="6" />
                <SequencePoint vc="7" uspid="1380" ordinal="0" offset="74" sl="28" sc="21" el="28" ec="21" bec="0" bev="0" fileid="6" />
                <SequencePoint vc="4" uspid="1381" ordinal="0" offset="93" sl="29" sc="21" el="29" ec="21" bec="0" bev="0" fileid="6" />
                <SequencePoint vc="4" uspid="1382" ordinal="0" offset="94" sl="30" sc="25" el="30" ec="25" bec="0" bev="0" fileid="6" />
                <SequencePoint vc="4" uspid="1383" ordinal="0" offset="96" sl="31" sc="25" el="31" ec="25" bec="0" bev="0" fileid="6" />
                <SequencePoint vc="3" uspid="1384" ordinal="0" offset="98" sl="33" sc="17" el="33" ec="17" bec="0" bev="0" fileid="6" />
                <SequencePoint vc="9" uspid="1385" ordinal="0" offset="99" sl="34" sc="13" el="34" ec="13" bec="0" bev="0" fileid="6" />
                <SequencePoint vc="9" uspid="1386" ordinal="0" offset="100" sl="22" sc="56" el="22" ec="56" bec="0" bev="0" fileid="6" />
                <SequencePoint vc="17" uspid="1387" ordinal="0" offset="104" sl="22" sc="29" el="22" ec="29" bec="0" bev="0" fileid="6" />
                <SequencePoint vc="8" uspid="1388" ordinal="0" offset="129" sl="35" sc="13" el="35" ec="13" bec="0" bev="0" fileid="6" />
                <SequencePoint vc="4" uspid="1389" ordinal="0" offset="136" sl="35" sc="22" el="35" ec="22" bec="0" bev="0" fileid="6" />
                <SequencePoint vc="4" uspid="1390" ordinal="0" offset="138" sl="36" sc="9" el="36" ec="9" bec="0" bev="0" fileid="6" />
                <SequencePoint vc="4" uspid="1391" ordinal="0" offset="139" sl="20" sc="52" el="20" ec="52" bec="0" bev="0" fileid="6" />
                <SequencePoint vc="10" uspid="1392" ordinal="0" offset="143" sl="20" sc="25" el="20" ec="25" bec="0" bev="0" fileid="6" />
                <SequencePoint vc="6" uspid="1393" ordinal="0" offset="171" sl="38" sc="9" el="38" ec="9" bec="0" bev="0" fileid="6" />
                <SequencePoint vc="4" uspid="1394" ordinal="0" offset="178" sl="39" sc="9" el="39" ec="9" bec="0" bev="0" fileid="6" />
                <SequencePoint vc="4" uspid="1395" ordinal="0" offset="179" sl="40" sc="13" el="40" ec="13" bec="0" bev="0" fileid="6" />
                <SequencePoint vc="3" uspid="1396" ordinal="0" offset="196" sl="41" sc="17" el="41" ec="17" bec="0" bev="0" fileid="6" />
                <SequencePoint vc="4" uspid="1397" ordinal="0" offset="213" sl="42" sc="13" el="42" ec="13" bec="0" bev="0" fileid="6" />
                <SequencePoint vc="4" uspid="1398" ordinal="0" offset="230" sl="42" sc="28" el="42" ec="28" bec="0" bev="0" fileid="6" />
                <SequencePoint vc="4" uspid="1399" ordinal="0" offset="243" sl="43" sc="13" el="43" ec="13" bec="0" bev="0" fileid="6" />
                <SequencePoint vc="3" uspid="1400" ordinal="0" offset="260" sl="43" sc="34" el="43" ec="34" bec="0" bev="0" fileid="6" />
                <SequencePoint vc="4" uspid="1401" ordinal="0" offset="273" sl="44" sc="13" el="44" ec="13" bec="0" bev="0" fileid="6" />
                <SequencePoint vc="2" uspid="1402" ordinal="0" offset="275" sl="47" sc="9" el="47" ec="9" bec="0" bev="0" fileid="6" />
                <SequencePoint vc="0" uspid="1403" ordinal="0" offset="287" sl="48" sc="9" el="48" ec="9" bec="0" bev="0" fileid="6" />
                <SequencePoint vc="0" uspid="1404" ordinal="0" offset="288" sl="49" sc="13" el="49" ec="13" bec="0" bev="0" fileid="6" />
                <SequencePoint vc="0" uspid="1405" ordinal="0" offset="305" sl="50" sc="17" el="50" ec="17" bec="0" bev="0" fileid="6" />
                <SequencePoint vc="0" uspid="1406" ordinal="0" offset="322" sl="51" sc="13" el="51" ec="13" bec="0" bev="0" fileid="6" />
                <SequencePoint vc="0" uspid="1407" ordinal="0" offset="339" sl="51" sc="28" el="51" ec="28" bec="0" bev="0" fileid="6" />
                <SequencePoint vc="0" uspid="1408" ordinal="0" offset="352" sl="52" sc="13" el="52" ec="13" bec="0" bev="0" fileid="6" />
                <SequencePoint vc="0" uspid="1409" ordinal="0" offset="369" sl="52" sc="34" el="52" ec="34" bec="0" bev="0" fileid="6" />
                <SequencePoint vc="0" uspid="1410" ordinal="0" offset="382" sl="53" sc="9" el="53" ec="9" bec="0" bev="0" fileid="6" />
                <SequencePoint vc="6" uspid="1411" ordinal="0" offset="383" sl="54" sc="5" el="54" ec="5" bec="0" bev="0" fileid="6" />
              </SequencePoints>
              <BranchPoints />
            </Method>
            <Method visited="true" cyclomaticComplexity="0" nPathComplexity="0" sequenceCoverage="34.29" branchCoverage="0" crapScore="0" isConstructor="false" isStatic="false" isGetter="false" isSetter="false">
              <Summary numSequencePoints="35" visitedSequencePoints="12" numBranchPoints="0" visitedBranchPoints="0" sequenceCoverage="34.29" branchCoverage="0" maxCyclomaticComplexity="0" minCyclomaticComplexity="0" maxCrapScore="0" minCrapScore="0" visitedClasses="0" numClasses="0" visitedMethods="1" numMethods="1" />
              <MetadataToken>100663332</MetadataToken>
              <Name>System.Boolean GameStateController::NoMovesAvailable()</Name>
              <FileRef uid="6" />
              <SequencePoints>
                <SequencePoint vc="2" uspid="1412" ordinal="0" offset="0" sl="57" sc="5" el="57" ec="5" bec="0" bev="0" fileid="6" />
                <SequencePoint vc="2" uspid="1413" ordinal="0" offset="1" sl="59" sc="14" el="59" ec="14" bec="0" bev="0" fileid="6" />
                <SequencePoint vc="2" uspid="1414" ordinal="0" offset="5" sl="60" sc="9" el="60" ec="9" bec="0" bev="0" fileid="6" />
                <SequencePoint vc="2" uspid="1415" ordinal="0" offset="6" sl="61" sc="18" el="61" ec="18" bec="0" bev="0" fileid="6" />
                <SequencePoint vc="3" uspid="1416" ordinal="0" offset="10" sl="62" sc="13" el="62" ec="13" bec="0" bev="0" fileid="6" />
                <SequencePoint vc="3" uspid="1417" ordinal="0" offset="11" sl="63" sc="17" el="63" ec="17" bec="0" bev="0" fileid="6" />
                <SequencePoint vc="2" uspid="1418" ordinal="0" offset="39" sl="64" sc="21" el="64" ec="21" bec="0" bev="0" fileid="6" />
                <SequencePoint vc="1" uspid="1419" ordinal="0" offset="46" sl="65" sc="13" el="65" ec="13" bec="0" bev="0" fileid="6" />
                <SequencePoint vc="1" uspid="1420" ordinal="0" offset="47" sl="61" sc="56" el="61" ec="56" bec="0" bev="0" fileid="6" />
                <SequencePoint vc="3" uspid="1421" ordinal="0" offset="51" sl="61" sc="29" el="61" ec="29" bec="0" bev="0" fileid="6" />
                <SequencePoint vc="0" uspid="1422" ordinal="0" offset="76" sl="66" sc="9" el="66" ec="9" bec="0" bev="0" fileid="6" />
                <SequencePoint vc="0" uspid="1423" ordinal="0" offset="77" sl="59" sc="52" el="59" ec="52" bec="0" bev="0" fileid="6" />
                <SequencePoint vc="2" uspid="1424" ordinal="0" offset="81" sl="59" sc="25" el="59" ec="25" bec="0" bev="0" fileid="6" />
                <SequencePoint vc="0" uspid="1425" ordinal="0" offset="106" sl="68" sc="14" el="68" ec="14" bec="0" bev="0" fileid="6" />
                <SequencePoint vc="0" uspid="1426" ordinal="0" offset="114" sl="69" sc="9" el="69" ec="9" bec="0" bev="0" fileid="6" />
                <SequencePoint vc="0" uspid="1427" ordinal="0" offset="115" sl="70" sc="18" el="70" ec="18" bec="0" bev="0" fileid="6" />
[...]
                <SequencePoint vc="1" uspid="2008" ordinal="0" offset="25" sl="46" sc="7" el="46" ec="7" bec="0" bev="0" fileid="18" />
                <SequencePoint vc="1" uspid="2009" ordinal="0" offset="57" sl="47" sc="5" el="47" ec="5" bec="0" bev="0" fileid="18" />
              </SequencePoints>
              <BranchPoints />
            </Method>
          </Methods>
        </Class>
        <Class>
          <Summary numSequencePoints="31" visitedSequencePoints="31" numBranchPoints="0" visitedBranchPoints="0" sequenceCoverage="100.0" branchCoverage="0.0" maxCyclomaticComplexity="0" minCyclomaticComplexity="0" maxCrapScore="0" minCrapScore="0" visitedClasses="1" numClasses="1" visitedMethods="5" numMethods="5" />
          <FullName>Tests.InputControllerTests</FullName>
          <Methods>
            <Method visited="true" cyclomaticComplexity="0" nPathComplexity="0" sequenceCoverage="100.0" branchCoverage="0" crapScore="0" isConstructor="false" isStatic="false" isGetter="false" isSetter="false">
              <Summary numSequencePoints="6" visitedSequencePoints="6" numBranchPoints="0" visitedBranchPoints="0" sequenceCoverage="100.0" branchCoverage="0" maxCyclomaticComplexity="0" minCyclomaticComplexity="0" maxCrapScore="0" minCrapScore="0" visitedClasses="0" numClasses="0" visitedMethods="1" numMethods="1" />
              <MetadataToken>100663403</MetadataToken>
              <Name>System.Void Tests.InputControllerTests::SetUp()</Name>
              <FileRef uid="19" />
              <SequencePoints>
                <SequencePoint vc="6" uspid="2010" ordinal="0" offset="0" sl="18" sc="9" el="18" ec="9" bec="0" bev="0" fileid="19" />
                <SequencePoint vc="6" uspid="2011" ordinal="0" offset="1" sl="20" sc="13" el="20" ec="13" bec="0" bev="0" fileid="19" />
                <SequencePoint vc="6" uspid="2012" ordinal="0" offset="36" sl="23" sc="13" el="23" ec="13" bec="0" bev="0" fileid="19" />
                <SequencePoint vc="6" uspid="2013" ordinal="0" offset="71" sl="24" sc="13" el="24" ec="13" bec="0" bev="0" fileid="19" />
                <SequencePoint vc="6" uspid="2014" ordinal="0" offset="88" sl="27" sc="13" el="27" ec="13" bec="0" bev="0" fileid="19" />
                <SequencePoint vc="6" uspid="2015" ordinal="0" offset="100" sl="28" sc="9" el="28" ec="9" bec="0" bev="0" fileid="19" />
              </SequencePoints>
              <BranchPoints />
            </Method>
            <Method visited="true" cyclomaticComplexity="0" nPathComplexity="0" sequenceCoverage="100.0" branchCoverage="0" crapScore="0" isConstructor="false" isStatic="false" isGetter="false" isSetter="false">
              <Summary numSequencePoints="4" visitedSequencePoints="4" numBranchPoints="0" visitedBranchPoints="0" sequenceCoverage="100.0" branchCoverage="0" maxCyclomaticComplexity="0" minCyclomaticComplexity="0" maxCrapScore="0" minCrapScore="0" visitedClasses="0" numClasses="0" visitedMethods="1" numMethods="1" />
              <MetadataToken>100663404</MetadataToken>
              <Name>System.Void Tests.InputControllerTests::TearDown()</Name>
              <FileRef uid="19" />
              <SequencePoints>
                <SequencePoint vc="6" uspid="2016" ordinal="0" offset="0" sl="32" sc="9" el="32" ec="9" bec="0" bev="0" fileid="19" />
                <SequencePoint vc="6" uspid="2017" ordinal="0" offset="1" sl="33" sc="13" el="33" ec="13" bec="0" bev="0" fileid="19" />
                <SequencePoint vc="6" uspid="2018" ordinal="0" offset="13" sl="34" sc="13" el="34" ec="13" bec="0" bev="0" fileid="19" />
                <SequencePoint vc="6" uspid="2019" ordinal="0" offset="25" sl="35" sc="9" el="35" ec="9" bec="0" bev="0" fileid="19" />
              </SequencePoints>
              <BranchPoints />
            </Method>
            <Method visited="true" cyclomaticComplexity="0" nPathComplexity="0" sequenceCoverage="100.0" branchCoverage="0" crapScore="0" isConstructor="false" isStatic="false" isGetter="false" isSetter="false">
              <Summary numSequencePoints="7" visitedSequencePoints="7" numBranchPoints="0" visitedBranchPoints="0" sequenceCoverage="100.0" branchCoverage="0" maxCyclomaticComplexity="0" minCyclomaticComplexity="0" maxCrapScore="0" minCrapScore="0" visitedClasses="0" numClasses="0" visitedMethods="1" numMethods="1" />
              <MetadataToken>100663405</MetadataToken>
              <Name>System.Void Tests.InputControllerTests::DetermineCardinalDirection_ShouldReturnCorrectAxis(System.Single, System.Single, System.Single, System.Single)</Name>
              <FileRef uid="19" />
              <SequencePoints>
                <SequencePoint vc="4" uspid="2020" ordinal="0" offset="0" sl="44" sc="9" el="44" ec="9" bec="0" bev="0" fileid="19" />
                <SequencePoint vc="4" uspid="2021" ordinal="0" offset="1" sl="46" sc="13" el="46" ec="13" bec="0" bev="0" fileid="19" />
                <SequencePoint vc="4" uspid="2022" ordinal="0" offset="24" sl="49" sc="13" el="49" ec="13" bec="0" bev="0" fileid="19" />
                <SequencePoint vc="4" uspid="2023" ordinal="0" offset="33" sl="50" sc="13" el="50" ec="13" bec="0" bev="0" fileid="19" />
                <SequencePoint vc="4" uspid="2024" ordinal="0" offset="66" sl="52" sc="13" el="52" ec="13" bec="0" bev="0" fileid="19" />
                <SequencePoint vc="4" uspid="2025" ordinal="0" offset="99" sl="53" sc="13" el="53" ec="13" bec="0" bev="0" fileid="19" />
                <SequencePoint vc="4" uspid="2026" ordinal="0" offset="133" sl="54" sc="9" el="54" ec="9" bec="0" bev="0" fileid="19" />
              </SequencePoints>
              <BranchPoints />
            </Method>
            <Method visited="true" cyclomaticComplexity="0" nPathComplexity="0" sequenceCoverage="100.0" branchCoverage="0" crapScore="0" isConstructor="false" isStatic="false" isGetter="false" isSetter="false">
              <Summary numSequencePoints="4" visitedSequencePoints="4" numBranchPoints="0" visitedBranchPoints="0" sequenceCoverage="100.0" branchCoverage="0" maxCyclomaticComplexity="0" minCyclomaticComplexity="0" maxCrapScore="0" minCrapScore="0" visitedClasses="0" numClasses="0" visitedMethods="1" numMethods="1" />
              <MetadataToken>100663406</MetadataToken>
              <Name>System.Void Tests.InputControllerTests::Update_ShouldNotThrowExceptions_InEditMode()</Name>
              <FileRef uid="19" />
              <SequencePoints>
                <SequencePoint vc="1" uspid="2027" ordinal="0" offset="13" sl="59" sc="9" el="59" ec="9" bec="0" bev="0" fileid="19" />
                <SequencePoint vc="1" uspid="2028" ordinal="0" offset="14" sl="60" sc="13" el="60" ec="13" bec="0" bev="0" fileid="19" />
                <SequencePoint vc="1" uspid="2029" ordinal="0" offset="42" sl="63" sc="13" el="63" ec="13" bec="0" bev="0" fileid="19" />
                <SequencePoint vc="1" uspid="2030" ordinal="0" offset="60" sl="64" sc="9" el="64" ec="9" bec="0" bev="0" fileid="19" />
              </SequencePoints>
              <BranchPoints />
            </Method>
            <Method visited="true" cyclomaticComplexity="0" nPathComplexity="0" sequenceCoverage="100.0" branchCoverage="0" crapScore="0" isConstructor="false" isStatic="false" isGetter="false" isSetter="false">
              <Summary numSequencePoints="10" visitedSequencePoints="10" numBranchPoints="0" visitedBranchPoints="0" sequenceCoverage="100.0" branchCoverage="0" maxCyclomaticComplexity="0" minCyclomaticComplexity="0" maxCrapScore="0" minCrapScore="0" visitedClasses="0" numClasses="0" visitedMethods="1" numMethods="1" />
              <MetadataToken>100663407</MetadataToken>
              <Name>System.Void Tests.InputControllerTests::HandleKeyboardInput_UpArrow_ShouldCallProcessInput()</Name>
              <FileRef uid="19" />
              <SequencePoints>
                <SequencePoint vc="1" uspid="2031" ordinal="0" offset="0" sl="69" sc="9" el="69" ec="9" bec="0" bev="0" fileid="19" />
                <SequencePoint vc="1" uspid="2032" ordinal="0" offset="1" sl="71" sc="13" el="71" ec="13" bec="0" bev="0" fileid="19" />
                <SequencePoint vc="1" uspid="2033" ordinal="0" offset="12" sl="72" sc="13" el="72" ec="13" bec="0" bev="0" fileid="19" />
                <SequencePoint vc="1" uspid="2034" ordinal="0" offset="19" sl="75" sc="13" el="75" ec="13" bec="0" bev="0" fileid="19" />
                <SequencePoint vc="1" uspid="2035" ordinal="0" offset="42" sl="76" sc="13" el="76" ec="13" bec="0" bev="0" fileid="19" />
                <SequencePoint vc="1" uspid="2036" ordinal="0" offset="56" sl="79" sc="13" el="79" ec="13" bec="0" bev="0" fileid="19" />
                <SequencePoint vc="1" uspid="2037" ordinal="0" offset="79" sl="80" sc="13" el="80" ec="13" bec="0" bev="0" fileid="19" />
                <SequencePoint vc="1" uspid="2038" ordinal="0" offset="127" sl="81" sc="13" el="81" ec="13" bec="0" bev="0" fileid="19" />
                <SequencePoint vc="1" uspid="2039" ordinal="0" offset="165" sl="83" sc="13" el="83" ec="13" bec="0" bev="0" fileid="19" />
                <SequencePoint vc="1" uspid="2040" ordinal="0" offset="172" sl="84" sc="9" el="84" ec="9" bec="0" bev="0" fileid="19" />
              </SequencePoints>
              <BranchPoints />
            </Method>
          </Methods>
        </Class>
        <Class>
          <Summary numSequencePoints="17" visitedSequencePoints="17" numBranchPoints="0" visitedBranchPoints="0" sequenceCoverage="100.0" branchCoverage="0.0" maxCyclomaticComplexity="0" minCyclomaticComplexity="0" maxCrapScore="0" minCrapScore="0" visitedClasses="1" numClasses="1" visitedMethods="3" numMethods="3" />
          <FullName>Tests.ScoreControllerTests</FullName>
          <Methods>
            <Method visited="true" cyclomaticComplexity="0" nPathComplexity="0" sequenceCoverage="100.0" branchCoverage="0" crapScore="0" isConstructor="false" isStatic="false" isGetter="false" isSetter="false">
              <Summary numSequencePoints="10" visitedSequencePoints="10" numBranchPoints="0" visitedBranchPoints="0" sequenceCoverage="100.0" branchCoverage="0" maxCyclomaticComplexity="0" minCyclomaticComplexity="0" maxCrapScore="0" minCrapScore="0" visitedClasses="0" numClasses="0" visitedMethods="1" numMethods="1" />
              <MetadataToken>100663415</MetadataToken>
              <Name>System.Void Tests.ScoreControllerTests::SetUp()</Name>
              <FileRef uid="20" />
              <SequencePoints>
                <SequencePoint vc="1" uspid="2049" ordinal="0" offset="0" sl="16" sc="25" el="16" ec="25" bec="0" bev="0" fileid="20" />
                <SequencePoint vc="1" uspid="2050" ordinal="0" offset="1" sl="18" sc="7" el="18" ec="7" bec="0" bev="0" fileid="20" />
                <SequencePoint vc="1" uspid="2051" ordinal="0" offset="36" sl="19" sc="7" el="19" ec="7" bec="0" bev="0" fileid="20" />
                <SequencePoint vc="1" uspid="2052" ordinal="0" offset="53" sl="22" sc="7" el="22" ec="7" bec="0" bev="0" fileid="20" />
                <SequencePoint vc="1" uspid="2053" ordinal="0" offset="83" sl="23" sc="7" el="23" ec="7" bec="0" bev="0" fileid="20" />
                <SequencePoint vc="1" uspid="2054" ordinal="0" offset="106" sl="24" sc="7" el="24" ec="7" bec="0" bev="0" fileid="20" />
                <SequencePoint vc="1" uspid="2055" ordinal="0" offset="118" sl="27" sc="7" el="27" ec="7" bec="0" bev="0" fileid="20" />
                <SequencePoint vc="1" uspid="2056" ordinal="0" offset="141" sl="29" sc="7" el="29" ec="7" bec="0" bev="0" fileid="20" />
                <SequencePoint vc="1" uspid="2057" ordinal="0" offset="163" sl="30" sc="7" el="30" ec="7" bec="0" bev="0" fileid="20" />
                <SequencePoint vc="1" uspid="2058" ordinal="0" offset="182" sl="31" sc="5" el="31" ec="5" bec="0" bev="0" fileid="20" />
              </SequencePoints>
              <BranchPoints />
            </Method>
            <Method visited="true" cyclomaticComplexity="0" nPathComplexity="0" sequenceCoverage="100.0" branchCoverage="0" crapScore="0" isConstructor="false" isStatic="false" isGetter="false" isSetter="false">
              <Summary numSequencePoints="3" visitedSequencePoints="3" numBranchPoints="0" visitedBranchPoints="0" sequenceCoverage="100.0" branchCoverage="0" maxCyclomaticComplexity="0" minCyclomaticComplexity="0" maxCrapScore="0" minCrapScore="0" visitedClasses="0" numClasses="0" visitedMethods="1" numMethods="1" />
              <MetadataToken>100663416</MetadataToken>
              <Name>System.Void Tests.ScoreControllerTests::TearDown()</Name>
              <FileRef uid="20" />
              <SequencePoints>
                <SequencePoint vc="1" uspid="2059" ordinal="0" offset="0" sl="34" sc="28" el="34" ec="28" bec="0" bev="0" fileid="20" />
                <SequencePoint vc="1" uspid="2060" ordinal="0" offset="1" sl="35" sc="7" el="35" ec="7" bec="0" bev="0" fileid="20" />
                <SequencePoint vc="1" uspid="2061" ordinal="0" offset="13" sl="36" sc="5" el="36" ec="5" bec="0" bev="0" fileid="20" />
              </SequencePoints>
              <BranchPoints />
            </Method>
            <Method visited="true" cyclomaticComplexity="0" nPathComplexity="0" sequenceCoverage="100.0" branchCoverage="0" crapScore="0" isConstructor="false" isStatic="false" isGetter="false" isSetter="false">
              <Summary numSequencePoints="4" visitedSequencePoints="4" numBranchPoints="0" visitedBranchPoints="0" sequenceCoverage="100.0" branchCoverage="0" maxCyclomaticComplexity="0" minCyclomaticComplexity="0" maxCrapScore="0" minCrapScore="0" visitedClasses="0" numClasses="0" visitedMethods="1" numMethods="1" />
              <MetadataToken>100663417</MetadataToken>
              <Name>System.Void Tests.ScoreControllerTests::UpdateScore_ShouldUpdateText()</Name>
              <FileRef uid="20" />
              <SequencePoints>
                <SequencePoint vc="1" uspid="2062" ordinal="0" offset="0" sl="40" sc="5" el="40" ec="5" bec="0" bev="0" fileid="20" />
                <SequencePoint vc="1" uspid="2063" ordinal="0" offset="1" sl="42" sc="7" el="42" ec="7" bec="0" bev="0" fileid="20" />
                <SequencePoint vc="1" uspid="2064" ordinal="0" offset="15" sl="43" sc="7" el="43" ec="7" bec="0" bev="0" fileid="20" />
                <SequencePoint vc="1" uspid="2065" ordinal="0" offset="52" sl="44" sc="5" el="44" ec="5" bec="0" bev="0" fileid="20" />
              </SequencePoints>
              <BranchPoints />
            </Method>
          </Methods>
        </Class>
        <Class>
          <Summary numSequencePoints="4" visitedSequencePoints="4" numBranchPoints="0" visitedBranchPoints="0" sequenceCoverage="100.0" branchCoverage="0.0" maxCyclomaticComplexity="0" minCyclomaticComplexity="0" maxCrapScore="0" minCrapScore="0" visitedClasses="1" numClasses="1" visitedMethods="1" numMethods="1" />
          <FullName>Tests.CellTests/&lt;&gt;c__DisplayClass1_0</FullName>
          <Methods>
            <Method visited="true" cyclomaticComplexity="0" nPathComplexity="0" sequenceCoverage="100.0" branchCoverage="0" crapScore="0" isConstructor="false" isStatic="false" isGetter="false" isSetter="false">
              <Summary numSequencePoints="4" visitedSequencePoints="4" numBranchPoints="0" visitedBranchPoints="0" sequenceCoverage="100.0" branchCoverage="0" maxCyclomaticComplexity="0" minCyclomaticComplexity="0" maxCrapScore="0" minCrapScore="0" visitedClasses="0" numClasses="0" visitedMethods="1" numMethods="1" />
              <MetadataToken>100663420</MetadataToken>
              <Name>System.Void Tests.CellTests/&lt;&gt;c__DisplayClass1_0::&lt;SettingPosition_ShouldInvokeOnPositionChanged&gt;b__0(UnityEngine.Vector2Int)</Name>
              <FileRef uid="12" />
              <SequencePoints>
                <SequencePoint vc="1" uspid="2066" ordinal="0" offset="0" sl="27" sc="7" el="27" ec="7" bec="0" bev="0" fileid="12" />
                <SequencePoint vc="1" uspid="2067" ordinal="0" offset="1" sl="28" sc="9" el="28" ec="9" bec="0" bev="0" fileid="12" />
                <SequencePoint vc="1" uspid="2068" ordinal="0" offset="39" sl="29" sc="9" el="29" ec="9" bec="0" bev="0" fileid="12" />
                <SequencePoint vc="1" uspid="2069" ordinal="0" offset="46" sl="30" sc="7" el="30" ec="7" bec="0" bev="0" fileid="12" />
              </SequencePoints>
              <BranchPoints />
            </Method>
          </Methods>
        </Class>
        <Class>
          <Summary numSequencePoints="4" visitedSequencePoints="4" numBranchPoints="0" visitedBranchPoints="0" sequenceCoverage="100.0" branchCoverage="0.0" maxCyclomaticComplexity="0" minCyclomaticComplexity="0" maxCrapScore="0" minCrapScore="0" visitedClasses="1" numClasses="1" visitedMethods="1" numMethods="1" />
          <FullName>Tests.CellTests/&lt;&gt;c__DisplayClass2_0</FullName>
          <Methods>
            <Method visited="true" cyclomaticComplexity="0" nPathComplexity="0" sequenceCoverage="100.0" branchCoverage="0" crapScore="0" isConstructor="false" isStatic="false" isGetter="false" isSetter="false">
              <Summary numSequencePoints="4" visitedSequencePoints="4" numBranchPoints="0" visitedBranchPoints="0" sequenceCoverage="100.0" branchCoverage="0" maxCyclomaticComplexity="0" minCyclomaticComplexity="0" maxCrapScore="0" minCrapScore="0" visitedClasses="0" numClasses="0" visitedMethods="1" numMethods="1" />
              <MetadataToken>100663422</MetadataToken>
              <Name>System.Void Tests.CellTests/&lt;&gt;c__DisplayClass2_0::&lt;SettingValue_ShouldInvokeOnValueChanged&gt;b__0(System.Int32)</Name>
              <FileRef uid="12" />
              <SequencePoints>
                <SequencePoint vc="1" uspid="2070" ordinal="0" offset="0" sl="42" sc="7" el="42" ec="7" bec="0" bev="0" fileid="12" />
                <SequencePoint vc="1" uspid="2071" ordinal="0" offset="1" sl="43" sc="9" el="43" ec="9" bec="0" bev="0" fileid="12" />
                <SequencePoint vc="1" uspid="2072" ordinal="0" offset="29" sl="44" sc="9" el="44" ec="9" bec="0" bev="0" fileid="12" />
                <SequencePoint vc="1" uspid="2073" ordinal="0" offset="36" sl="45" sc="7" el="45" ec="7" bec="0" bev="0" fileid="12" />
              </SequencePoints>
              <BranchPoints />
            </Method>
          </Methods>
        </Class>
        <Class>
          <Summary numSequencePoints="1" visitedSequencePoints="1" numBranchPoints="0" visitedBranchPoints="0" sequenceCoverage="100.0" branchCoverage="0.0" maxCyclomaticComplexity="0" minCyclomaticComplexity="0" maxCrapScore="0" minCrapScore="0" visitedClasses="1" numClasses="1" visitedMethods="1" numMethods="1" />
          <FullName>Tests.InputControllerTests/&lt;&gt;c__DisplayClass6_0</FullName>
          <Methods>
            <Method visited="true" cyclomaticComplexity="0" nPathComplexity="0" sequenceCoverage="100.0" branchCoverage="0" crapScore="0" isConstructor="false" isStatic="false" isGetter="false" isSetter="false">
              <Summary numSequencePoints="1" visitedSequencePoints="1" numBranchPoints="0" visitedBranchPoints="0" sequenceCoverage="100.0" branchCoverage="0" maxCyclomaticComplexity="0" minCyclomaticComplexity="0" maxCrapScore="0" minCrapScore="0" visitedClasses="0" numClasses="0" visitedMethods="1" numMethods="1" />
              <MetadataToken>100663424</MetadataToken>
              <Name>System.Void Tests.InputControllerTests/&lt;&gt;c__DisplayClass6_0::&lt;Update_ShouldNotThrowExceptions_InEditMode&gt;b__0()</Name>
              <FileRef uid="19" />
              <SequencePoints>
                <SequencePoint vc="1" uspid="2074" ordinal="0" offset="0" sl="63" sc="39" el="63" ec="39" bec="0" bev="0" fileid="19" />
              </SequencePoints>
              <BranchPoints />
            </Method>
          </Methods>
        </Class>
      </Classes>
    </Module>
  </Modules>
</CoverageSession>