<?xml version="1.0" encoding="utf-8"?>
<CoverageSession xmlns:xsd="http://www.w3.org/2001/XMLSchema" xmlns:xsi="http://www.w3.org/2001/XMLSchema-instance" Version="0.0.0.0">
  <Summary numSequencePoints="51" visitedSequencePoints="45" numBranchPoints="0" visitedBranchPoints="0" sequenceCoverage="88.24" branchCoverage="0.0" maxCyclomaticComplexity="0" minCyclomaticComplexity="0" maxCrapScore="0" minCrapScore="0" visitedClasses="7" numClasses="7" visitedMethods="16" numMethods="16" />
  <Modules>
    <Module>
      <Summary numSequencePoints="51" visitedSequencePoints="45" numBranchPoints="0" visitedBranchPoints="0" sequenceCoverage="88.24" branchCoverage="0.0" maxCyclomaticComplexity="0" minCyclomaticComplexity="0" maxCrapScore="0" minCrapScore="0" visitedClasses="7" numClasses="7" visitedMethods="16" numMethods="16" />
      <ModuleTime>0001-01-01T00:00:00</ModuleTime>
      <ModuleName>Assembly-CSharp</ModuleName>
      <Files>
        <File uid="1" fullPath="/Users/ruslanfarahov/UnityProj/SRS2048/Assets/Scripts/Cell.cs" />
        <File uid="2" fullPath="/Users/ruslanfarahov/UnityProj/SRS2048/Assets/Scripts/CellPlace.cs" />
        <File uid="3" fullPath="/Users/ruslanfarahov/UnityProj/SRS2048/Assets/Scripts/CellView.cs" />
        <File uid="4" fullPath="/Users/ruslanfarahov/UnityProj/SRS2048/Assets/Scripts/EndGamePanelController.cs" />
        <File uid="5" fullPath="/Users/ruslanfarahov/UnityProj/SRS2048/Assets/Scripts/GameField.cs" />
        <File uid="6" fullPath="/Users/ruslanfarahov/UnityProj/SRS2048/Assets/Scripts/GameStateController.cs" />
        <File uid="7" fullPath="/Users/ruslanfarahov/UnityProj/SRS2048/Assets/Scripts/Grid.cs" />
        <File uid="8" fullPath="/Users/ruslanfarahov/UnityProj/SRS2048/Assets/Scripts/GridRow.cs" />
        <File uid="9" fullPath="/Users/ruslanfarahov/UnityProj/SRS2048/Assets/Scripts/InputController.cs" />
        <File uid="10" fullPath="/Users/ruslanfarahov/UnityProj/SRS2048/Assets/Scripts/ScoreController.cs" />
        <File uid="11" fullPath="/Users/ruslanfarahov/UnityProj/SRS2048/Assets/Tests/GameFieldTests.cs" />
        <File uid="12" fullPath="/Users/ruslanfarahov/UnityProj/SRS2048/Assets/Tests/GameStateControllerTests.cs" />
        <File uid="13" fullPath="/Users/ruslanfarahov/UnityProj/SRS2048/Assets/Tests/InputControllerTests.cs" />
        <File uid="14" fullPath="/Users/ruslanfarahov/UnityProj/SRS2048/Assets/Tests/ScoreControllerTests.cs" />
        <File uid="15" fullPath="/Users/ruslanfarahov/UnityProj/SRS2048/Assets/Tests/CellPlaceTests.cs" />
        <File uid="16" fullPath="/Users/ruslanfarahov/UnityProj/SRS2048/Assets/Tests/CellTests.cs" />
        <File uid="17" fullPath="/Users/ruslanfarahov/UnityProj/SRS2048/Assets/Tests/CellViewTests.cs" />
        <File uid="18" fullPath="/Users/ruslanfarahov/UnityProj/SRS2048/Assets/Tests/EndGamePanelControllerTests.cs" />
        <File uid="19" fullPath="/Users/ruslanfarahov/UnityProj/SRS2048/Assets/Tests/GridRowTests.cs" />
        <File uid="20" fullPath="/Users/ruslanfarahov/UnityProj/SRS2048/Assets/Tests/GridTests.cs" />
      </Files>
      <Classes>
        <Class>
          <Summary numSequencePoints="3" visitedSequencePoints="3" numBranchPoints="0" visitedBranchPoints="0" sequenceCoverage="100.0" branchCoverage="0.0" maxCyclomaticComplexity="0" minCyclomaticComplexity="0" maxCrapScore="0" minCrapScore="0" visitedClasses="1" numClasses="1" visitedMethods="1" numMethods="1" />
          <FullName>CellView</FullName>
          <Methods>
            <Method visited="true" cyclomaticComplexity="0" nPathComplexity="0" sequenceCoverage="100.0" branchCoverage="0" crapScore="0" isConstructor="true" isStatic="false" isGetter="false" isSetter="false">
              <Summary numSequencePoints="3" visitedSequencePoints="3" numBranchPoints="0" visitedBranchPoints="0" sequenceCoverage="100.0" branchCoverage="0" maxCyclomaticComplexity="0" minCyclomaticComplexity="0" maxCrapScore="0" minCrapScore="0" visitedClasses="0" numClasses="0" visitedMethods="1" numMethods="1" />
              <MetadataToken>100663313</MetadataToken>
              <Name>CellView::CellView()</Name>
              <FileRef uid="3" />
              <SequencePoints>
                <SequencePoint vc="1" uspid="62" ordinal="0" offset="0" sl="8" sc="20" el="8" ec="20" bec="0" bev="0" fileid="3" />
                <SequencePoint vc="1" uspid="63" ordinal="0" offset="11" sl="9" sc="20" el="9" ec="20" bec="0" bev="0" fileid="3" />
                <SequencePoint vc="1" uspid="64" ordinal="0" offset="22" sl="10" sc="20" el="10" ec="20" bec="0" bev="0" fileid="3" />
              </SequencePoints>
              <BranchPoints />
            </Method>
          </Methods>
        </Class>
        <Class>
          <Summary numSequencePoints="3" visitedSequencePoints="3" numBranchPoints="0" visitedBranchPoints="0" sequenceCoverage="100.0" branchCoverage="0.0" maxCyclomaticComplexity="0" minCyclomaticComplexity="0" maxCrapScore="0" minCrapScore="0" visitedClasses="1" numClasses="1" visitedMethods="1" numMethods="1" />
          <FullName>GameField</FullName>
          <Methods>
            <Method visited="true" cyclomaticComplexity="0" nPathComplexity="0" sequenceCoverage="100.0" branchCoverage="0" crapScore="0" isConstructor="true" isStatic="false" isGetter="false" isSetter="false">
              <Summary numSequencePoints="3" visitedSequencePoints="3" numBranchPoints="0" visitedBranchPoints="0" sequenceCoverage="100.0" branchCoverage="0" maxCyclomaticComplexity="0" minCyclomaticComplexity="0" maxCrapScore="0" minCrapScore="0" visitedClasses="0" numClasses="0" visitedMethods="1" numMethods="1" />
              <MetadataToken>100663326</MetadataToken>
              <Name>GameField::GameField()</Name>
              <FileRef uid="5" />
              <SequencePoints>
                <SequencePoint vc="1" uspid="351" ordinal="0" offset="0" sl="8" sc="3" el="8" ec="3" bec="0" bev="0" fileid="5" />
                <SequencePoint vc="1" uspid="352" ordinal="0" offset="13" sl="14" sc="3" el="14" ec="3" bec="0" bev="0" fileid="5" />
                <SequencePoint vc="1" uspid="353" ordinal="0" offset="24" sl="20" sc="3" el="20" ec="3" bec="0" bev="0" fileid="5" />
              </SequencePoints>
              <BranchPoints />
            </Method>
          </Methods>
        </Class>
        <Class>
          <Summary numSequencePoints="1" visitedSequencePoints="1" numBranchPoints="0" visitedBranchPoints="0" sequenceCoverage="100.0" branchCoverage="0.0" maxCyclomaticComplexity="0" minCyclomaticComplexity="0" maxCrapScore="0" minCrapScore="0" visitedClasses="1" numClasses="1" visitedMethods="1" numMethods="1" />
          <FullName>GameStateController</FullName>
          <Methods>
            <Method visited="true" cyclomaticComplexity="0" nPathComplexity="0" sequenceCoverage="100.0" branchCoverage="0" crapScore="0" isConstructor="true" isStatic="false" isGetter="false" isSetter="false">
              <Summary numSequencePoints="1" visitedSequencePoints="1" numBranchPoints="0" visitedBranchPoints="0" sequenceCoverage="100.0" branchCoverage="0" maxCyclomaticComplexity="0" minCyclomaticComplexity="0" maxCrapScore="0" minCrapScore="0" visitedClasses="0" numClasses="0" visitedMethods="1" numMethods="1" />
              <MetadataToken>100663330</MetadataToken>
              <Name>GameStateController::GameStateController()</Name>
              <FileRef uid="6" />
              <SequencePoints>
                <SequencePoint vc="1" uspid="429" ordinal="0" offset="0" sl="10" sc="5" el="10" ec="5" bec="0" bev="0" fileid="6" />
              </SequencePoints>
              <BranchPoints />
            </Method>
          </Methods>
        </Class>
        <Class>
          <Summary numSequencePoints="22" visitedSequencePoints="17" numBranchPoints="0" visitedBranchPoints="0" sequenceCoverage="77.27" branchCoverage="0.0" maxCyclomaticComplexity="0" minCyclomaticComplexity="0" maxCrapScore="0" minCrapScore="0" visitedClasses="1" numClasses="1" visitedMethods="6" numMethods="6" />
          <FullName>Grid</FullName>
          <Methods>
            <Method visited="true" cyclomaticComplexity="0" nPathComplexity="0" sequenceCoverage="100.0" branchCoverage="0" crapScore="0" isConstructor="false" isStatic="false" isGetter="true" isSetter="false">
              <Summary numSequencePoints="1" visitedSequencePoints="1" numBranchPoints="0" visitedBranchPoints="0" sequenceCoverage="100.0" branchCoverage="0" maxCyclomaticComplexity="0" minCyclomaticComplexity="0" maxCrapScore="0" minCrapScore="0" visitedClasses="0" numClasses="0" visitedMethods="1" numMethods="1" />
              <MetadataToken>100663331</MetadataToken>
              <Name>GridRow[] Grid::get_Rows()</Name>
              <FileRef uid="7" />
              <SequencePoints>
                <SequencePoint vc="3" uspid="430" ordinal="0" offset="0" sl="8" sc="27" el="8" ec="27" bec="0" bev="0" fileid="7" />
              </SequencePoints>
              <BranchPoints />
            </Method>
            <Method visited="true" cyclomaticComplexity="0" nPathComplexity="0" sequenceCoverage="100.0" branchCoverage="0" crapScore="0" isConstructor="false" isStatic="false" isGetter="false" isSetter="true">
              <Summary numSequencePoints="1" visitedSequencePoints="1" numBranchPoints="0" visitedBranchPoints="0" sequenceCoverage="100.0" branchCoverage="0" maxCyclomaticComplexity="0" minCyclomaticComplexity="0" maxCrapScore="0" minCrapScore="0" visitedClasses="0" numClasses="0" visitedMethods="1" numMethods="1" />
              <MetadataToken>100663332</MetadataToken>
              <Name>System.Void Grid::set_Rows(GridRow[])</Name>
              <FileRef uid="7" />
              <SequencePoints>
                <SequencePoint vc="2" uspid="431" ordinal="0" offset="0" sl="8" sc="32" el="8" ec="32" bec="0" bev="0" fileid="7" />
              </SequencePoints>
              <BranchPoints />
            </Method>
            <Method visited="true" cyclomaticComplexity="0" nPathComplexity="0" sequenceCoverage="100.0" branchCoverage="0" crapScore="0" isConstructor="false" isStatic="false" isGetter="false" isSetter="true">
              <Summary numSequencePoints="1" visitedSequencePoints="1" numBranchPoints="0" visitedBranchPoints="0" sequenceCoverage="100.0" branchCoverage="0" maxCyclomaticComplexity="0" minCyclomaticComplexity="0" maxCrapScore="0" minCrapScore="0" visitedClasses="0" numClasses="0" visitedMethods="1" numMethods="1" />
              <MetadataToken>100663334</MetadataToken>
              <Name>System.Void Grid::set_CellPlaces(CellPlace[])</Name>
              <FileRef uid="7" />
              <SequencePoints>
                <SequencePoint vc="2" uspid="433" ordinal="0" offset="0" sl="9" sc="40" el="9" ec="40" bec="0" bev="0" fileid="7" />
              </SequencePoints>
              <BranchPoints />
            </Method>
            <Method visited="true" cyclomaticComplexity="0" nPathComplexity="0" sequenceCoverage="100.0" branchCoverage="0" crapScore="0" isConstructor="false" isStatic="false" isGetter="false" isSetter="false">
              <Summary numSequencePoints="4" visitedSequencePoints="4" numBranchPoints="0" visitedBranchPoints="0" sequenceCoverage="100.0" branchCoverage="0" maxCyclomaticComplexity="0" minCyclomaticComplexity="0" maxCrapScore="0" minCrapScore="0" visitedClasses="0" numClasses="0" visitedMethods="1" numMethods="1" />
              <MetadataToken>100663338</MetadataToken>
              <Name>System.Void Grid::Awake()</Name>
              <FileRef uid="7" />
              <SequencePoints>
                <SequencePoint vc="2" uspid="437" ordinal="0" offset="0" sl="20" sc="3" el="20" ec="3" bec="0" bev="0" fileid="7" />
                <SequencePoint vc="2" uspid="438" ordinal="0" offset="1" sl="21" sc="5" el="21" ec="5" bec="0" bev="0" fileid="7" />
                <SequencePoint vc="2" uspid="439" ordinal="0" offset="14" sl="22" sc="5" el="22" ec="5" bec="0" bev="0" fileid="7" />
                <SequencePoint vc="2" uspid="440" ordinal="0" offset="27" sl="23" sc="3" el="23" ec="3" bec="0" bev="0" fileid="7" />
              </SequencePoints>
              <BranchPoints />
            </Method>
            <Method visited="true" cyclomaticComplexity="0" nPathComplexity="0" sequenceCoverage="64.29" branchCoverage="0" crapScore="0" isConstructor="false" isStatic="false" isGetter="false" isSetter="false">
              <Summary numSequencePoints="14" visitedSequencePoints="9" numBranchPoints="0" visitedBranchPoints="0" sequenceCoverage="64.29" branchCoverage="0" maxCyclomaticComplexity="0" minCyclomaticComplexity="0" maxCrapScore="0" minCrapScore="0" visitedClasses="0" numClasses="0" visitedMethods="1" numMethods="1" />
              <MetadataToken>100663339</MetadataToken>
              <Name>System.Void Grid::Start()</Name>
              <FileRef uid="7" />
              <SequencePoints>
                <SequencePoint vc="1" uspid="441" ordinal="0" offset="0" sl="26" sc="3" el="26" ec="3" bec="0" bev="0" fileid="7" />
                <SequencePoint vc="1" uspid="442" ordinal="0" offset="1" sl="27" sc="10" el="27" ec="10" bec="0" bev="0" fileid="7" />
                <SequencePoint vc="1" uspid="443" ordinal="0" offset="5" sl="28" sc="5" el="28" ec="5" bec="0" bev="0" fileid="7" />
                <SequencePoint vc="1" uspid="444" ordinal="0" offset="6" sl="29" sc="12" el="29" ec="12" bec="0" bev="0" fileid="7" />
                <SequencePoint vc="0" uspid="445" ordinal="0" offset="10" sl="30" sc="7" el="30" ec="7" bec="0" bev="0" fileid="7" />
                <SequencePoint vc="0" uspid="446" ordinal="0" offset="11" sl="31" sc="9" el="31" ec="9" bec="0" bev="0" fileid="7" />
                <SequencePoint vc="0" uspid="447" ordinal="0" offset="39" sl="32" sc="9" el="32" ec="9" bec="0" bev="0" fileid="7" />
                <SequencePoint vc="0" uspid="448" ordinal="0" offset="78" sl="34" sc="7" el="34" ec="7" bec="0" bev="0" fileid="7" />
                <SequencePoint vc="0" uspid="449" ordinal="0" offset="79" sl="29" sc="54" el="29" ec="54" bec="0" bev="0" fileid="7" />
                <SequencePoint vc="1" uspid="450" ordinal="0" offset="83" sl="29" sc="23" el="29" ec="23" bec="0" bev="0" fileid="7" />
                <SequencePoint vc="1" uspid="451" ordinal="0" offset="105" sl="35" sc="5" el="35" ec="5" bec="0" bev="0" fileid="7" />
                <SequencePoint vc="1" uspid="452" ordinal="0" offset="106" sl="27" sc="38" el="27" ec="38" bec="0" bev="0" fileid="7" />
                <SequencePoint vc="2" uspid="453" ordinal="0" offset="110" sl="27" sc="21" el="27" ec="21" bec="0" bev="0" fileid="7" />
                <SequencePoint vc="1" uspid="454" ordinal="0" offset="125" sl="36" sc="3" el="36" ec="3" bec="0" bev="0" fileid="7" />
              </SequencePoints>
              <BranchPoints />
            </Method>
            <Method visited="true" cyclomaticComplexity="0" nPathComplexity="0" sequenceCoverage="100.0" branchCoverage="0" crapScore="0" isConstructor="true" isStatic="false" isGetter="false" isSetter="false">
              <Summary numSequencePoints="1" visitedSequencePoints="1" numBranchPoints="0" visitedBranchPoints="0" sequenceCoverage="100.0" branchCoverage="0" maxCyclomaticComplexity="0" minCyclomaticComplexity="0" maxCrapScore="0" minCrapScore="0" visitedClasses="0" numClasses="0" visitedMethods="1" numMethods="1" />
              <MetadataToken>100663340</MetadataToken>
              <Name>Grid::Grid()</Name>
              <FileRef uid="7" />
              <SequencePoints>
                <SequencePoint vc="2" uspid="455" ordinal="0" offset="0" sl="11" sc="3" el="11" ec="3" bec="0" bev="0" fileid="7" />
              </SequencePoints>
              <BranchPoints />
            </Method>
          </Methods>
        </Class>
        <Class>
          <Summary numSequencePoints="5" visitedSequencePoints="5" numBranchPoints="0" visitedBranchPoints="0" sequenceCoverage="100.0" branchCoverage="0.0" maxCyclomaticComplexity="0" minCyclomaticComplexity="0" maxCrapScore="0" minCrapScore="0" visitedClasses="1" numClasses="1" visitedMethods="3" numMethods="3" />
          <FullName>GridRow</FullName>
          <Methods>
            <Method visited="true" cyclomaticComplexity="0" nPathComplexity="0" sequenceCoverage="100.0" branchCoverage="0" crapScore="0" isConstructor="false" isStatic="false" isGetter="true" isSetter="false">
              <Summary numSequencePoints="1" visitedSequencePoints="1" numBranchPoints="0" visitedBranchPoints="0" sequenceCoverage="100.0" branchCoverage="0" maxCyclomaticComplexity="0" minCyclomaticComplexity="0" maxCrapScore="0" minCrapScore="0" visitedClasses="0" numClasses="0" visitedMethods="1" numMethods="1" />
              <MetadataToken>100663341</MetadataToken>
              <Name>CellPlace[] GridRow::get_CellPlaces()</Name>
              <FileRef uid="8" />
              <SequencePoints>
                <SequencePoint vc="1" uspid="456" ordinal="0" offset="0" sl="6" sc="35" el="6" ec="35" bec="0" bev="0" fileid="8" />
              </SequencePoints>
              <BranchPoints />
            </Method>
            <Method visited="true" cyclomaticComplexity="0" nPathComplexity="0" sequenceCoverage="100.0" branchCoverage="0" crapScore="0" isConstructor="false" isStatic="false" isGetter="false" isSetter="true">
              <Summary numSequencePoints="1" visitedSequencePoints="1" numBranchPoints="0" visitedBranchPoints="0" sequenceCoverage="100.0" branchCoverage="0" maxCyclomaticComplexity="0" minCyclomaticComplexity="0" maxCrapScore="0" minCrapScore="0" visitedClasses="0" numClasses="0" visitedMethods="1" numMethods="1" />
              <MetadataToken>100663342</MetadataToken>
              <Name>System.Void GridRow::set_CellPlaces(CellPlace[])</Name>
              <FileRef uid="8" />
              <SequencePoints>
                <SequencePoint vc="1" uspid="457" ordinal="0" offset="0" sl="6" sc="40" el="6" ec="40" bec="0" bev="0" fileid="8" />
              </SequencePoints>
              <BranchPoints />
            </Method>
            <Method visited="true" cyclomaticComplexity="0" nPathComplexity="0" sequenceCoverage="100.0" branchCoverage="0" crapScore="0" isConstructor="false" isStatic="false" isGetter="false" isSetter="false">
              <Summary numSequencePoints="3" visitedSequencePoints="3" numBranchPoints="0" visitedBranchPoints="0" sequenceCoverage="100.0" branchCoverage="0" maxCyclomaticComplexity="0" minCyclomaticComplexity="0" maxCrapScore="0" minCrapScore="0" visitedClasses="0" numClasses="0" visitedMethods="1" numMethods="1" />
              <MetadataToken>100663343</MetadataToken>
              <Name>System.Void GridRow::Awake()</Name>
              <FileRef uid="8" />
              <SequencePoints>
                <SequencePoint vc="1" uspid="458" ordinal="0" offset="0" sl="10" sc="3" el="10" ec="3" bec="0" bev="0" fileid="8" />
                <SequencePoint vc="1" uspid="459" ordinal="0" offset="1" sl="11" sc="5" el="11" ec="5" bec="0" bev="0" fileid="8" />
                <SequencePoint vc="1" uspid="460" ordinal="0" offset="14" sl="13" sc="3" el="13" ec="3" bec="0" bev="0" fileid="8" />
              </SequencePoints>
              <BranchPoints />
            </Method>
          </Methods>
        </Class>
        <Class>
          <Summary numSequencePoints="1" visitedSequencePoints="1" numBranchPoints="0" visitedBranchPoints="0" sequenceCoverage="100.0" branchCoverage="0.0" maxCyclomaticComplexity="0" minCyclomaticComplexity="0" maxCrapScore="0" minCrapScore="0" visitedClasses="1" numClasses="1" visitedMethods="1" numMethods="1" />
          <FullName>ScoreController</FullName>
          <Methods>
            <Method visited="true" cyclomaticComplexity="0" nPathComplexity="0" sequenceCoverage="100.0" branchCoverage="0" crapScore="0" isConstructor="true" isStatic="false" isGetter="false" isSetter="false">
              <Summary numSequencePoints="1" visitedSequencePoints="1" numBranchPoints="0" visitedBranchPoints="0" sequenceCoverage="100.0" branchCoverage="0" maxCyclomaticComplexity="0" minCyclomaticComplexity="0" maxCrapScore="0" minCrapScore="0" visitedClasses="0" numClasses="0" visitedMethods="1" numMethods="1" />
              <MetadataToken>100663354</MetadataToken>
              <Name>ScoreController::ScoreController()</Name>
              <FileRef uid="10" />
              <SequencePoints>
                <SequencePoint vc="1" uspid="540" ordinal="0" offset="0" sl="8" sc="3" el="8" ec="3" bec="0" bev="0" fileid="10" />
              </SequencePoints>
              <BranchPoints />
            </Method>
          </Methods>
        </Class>
        <Class>
          <Summary numSequencePoints="16" visitedSequencePoints="15" numBranchPoints="0" visitedBranchPoints="0" sequenceCoverage="93.75" branchCoverage="0.0" maxCyclomaticComplexity="0" minCyclomaticComplexity="0" maxCrapScore="0" minCrapScore="0" visitedClasses="1" numClasses="1" visitedMethods="3" numMethods="3" />
          <FullName>Tests.GridTests</FullName>
          <Methods>
            <Method visited="true" cyclomaticComplexity="0" nPathComplexity="0" sequenceCoverage="100.0" branchCoverage="0" crapScore="0" isConstructor="false" isStatic="false" isGetter="false" isSetter="false">
              <Summary numSequencePoints="8" visitedSequencePoints="8" numBranchPoints="0" visitedBranchPoints="0" sequenceCoverage="100.0" branchCoverage="0" maxCyclomaticComplexity="0" minCyclomaticComplexity="0" maxCrapScore="0" minCrapScore="0" visitedClasses="0" numClasses="0" visitedMethods="1" numMethods="1" />
              <MetadataToken>100663394</MetadataToken>
              <Name>System.Void Tests.GridTests::SetUp()</Name>
              <FileRef uid="20" />
              <SequencePoints>
                <SequencePoint vc="1" uspid="789" ordinal="0" offset="0" sl="16" sc="25" el="16" ec="25" bec="0" bev="0" fileid="20" />
                <SequencePoint vc="1" uspid="790" ordinal="0" offset="1" sl="17" sc="7" el="17" ec="7" bec="0" bev="0" fileid="20" />
                <SequencePoint vc="1" uspid="791" ordinal="0" offset="36" sl="18" sc="7" el="18" ec="7" bec="0" bev="0" fileid="20" />
                <SequencePoint vc="1" uspid="792" ordinal="0" offset="53" sl="19" sc="7" el="19" ec="7" bec="0" bev="0" fileid="20" />
                <SequencePoint vc="1" uspid="793" ordinal="0" offset="88" sl="20" sc="7" el="20" ec="7" bec="0" bev="0" fileid="20" />
                <SequencePoint vc="1" uspid="794" ordinal="0" offset="116" sl="21" sc="7" el="21" ec="7" bec="0" bev="0" fileid="20" />
                <SequencePoint vc="1" uspid="795" ordinal="0" offset="151" sl="22" sc="7" el="22" ec="7" bec="0" bev="0" fileid="20" />
                <SequencePoint vc="1" uspid="796" ordinal="0" offset="179" sl="23" sc="5" el="23" ec="5" bec="0" bev="0" fileid="20" />
              </SequencePoints>
              <BranchPoints />
            </Method>
            <Method visited="true" cyclomaticComplexity="0" nPathComplexity="0" sequenceCoverage="100.0" branchCoverage="0" crapScore="0" isConstructor="false" isStatic="false" isGetter="false" isSetter="false">
              <Summary numSequencePoints="3" visitedSequencePoints="3" numBranchPoints="0" visitedBranchPoints="0" sequenceCoverage="100.0" branchCoverage="0" maxCyclomaticComplexity="0" minCyclomaticComplexity="0" maxCrapScore="0" minCrapScore="0" visitedClasses="0" numClasses="0" visitedMethods="1" numMethods="1" />
              <MetadataToken>100663395</MetadataToken>
              <Name>System.Void Tests.GridTests::TearDown()</Name>
              <FileRef uid="20" />
              <SequencePoints>
                <SequencePoint vc="1" uspid="797" ordinal="0" offset="0" sl="26" sc="28" el="26" ec="28" bec="0" bev="0" fileid="20" />
                <SequencePoint vc="1" uspid="798" ordinal="0" offset="1" sl="27" sc="7" el="27" ec="7" bec="0" bev="0" fileid="20" />
                <SequencePoint vc="1" uspid="799" ordinal="0" offset="13" sl="28" sc="5" el="28" ec="5" bec="0" bev="0" fileid="20" />
              </SequencePoints>
              <BranchPoints />
            </Method>
            <Method visited="true" cyclomaticComplexity="0" nPathComplexity="0" sequenceCoverage="80.00" branchCoverage="0" crapScore="0" isConstructor="false" isStatic="false" isGetter="false" isSetter="false">
              <Summary numSequencePoints="5" visitedSequencePoints="4" numBranchPoints="0" visitedBranchPoints="0" sequenceCoverage="80.00" branchCoverage="0" maxCyclomaticComplexity="0" minCyclomaticComplexity="0" maxCrapScore="0" minCrapScore="0" visitedClasses="0" numClasses="0" visitedMethods="1" numMethods="1" />
              <MetadataToken>100663396</MetadataToken>
              <Name>System.Void Tests.GridTests::Start_ShouldPopulateCellsTransforms()</Name>
              <FileRef uid="20" />
              <SequencePoints>
                <SequencePoint vc="1" uspid="800" ordinal="0" offset="0" sl="32" sc="5" el="32" ec="5" bec="0" bev="0" fileid="20" />
                <SequencePoint vc="1" uspid="801" ordinal="0" offset="1" sl="33" sc="7" el="33" ec="7" bec="0" bev="0" fileid="20" />
                <SequencePoint vc="1" uspid="802" ordinal="0" offset="13" sl="34" sc="7" el="34" ec="7" bec="0" bev="0" fileid="20" />
                <SequencePoint vc="1" uspid="803" ordinal="0" offset="25" sl="35" sc="7" el="35" ec="7" bec="0" bev="0" fileid="20" />
                <SequencePoint vc="0" uspid="804" ordinal="0" offset="57" sl="36" sc="5" el="36" ec="5" bec="0" bev="0" fileid="20" />
              </SequencePoints>
              <BranchPoints />
            </Method>
          </Methods>
        </Class>
      </Classes>
    </Module>
  </Modules>
</CoverageSession>