<?xml version="1.0" encoding="utf-8"?>
<CoverageSession xmlns:xsd="http://www.w3.org/2001/XMLSchema" xmlns:xsi="http://www.w3.org/2001/XMLSchema-instance" Version="0.0.0.0">
  <Summary numSequencePoints="803" visitedSequencePoints="0" numBranchPoints="0" visitedBranchPoints="0" sequenceCoverage="0.0" branchCoverage="0.0" maxCyclomaticComplexity="0" minCyclomaticComplexity="0" maxCrapScore="0" minCrapScore="0" visitedClasses="0" numClasses="22" visitedMethods="0" numMethods="83" />
  <Modules>
    <Module>
      <Summary numSequencePoints="803" visitedSequencePoints="0" numBranchPoints="0" visitedBranchPoints="0" sequenceCoverage="0.0" branchCoverage="0.0" maxCyclomaticComplexity="0" minCyclomaticComplexity="0" maxCrapScore="0" minCrapScore="0" visitedClasses="0" numClasses="22" visitedMethods="0" numMethods="83" />
      <ModuleTime>0001-01-01T00:00:00</ModuleTime>
      <ModuleName>Assembly-CSharp</ModuleName>
      <Files>
        <File uid="1" fullPath="/Users/ruslanfarahov/UnityProj/SRS2048/Assets/Scripts/Cell.cs" />
        <File uid="2" fullPath="/Users/ruslanfarahov/UnityProj/SRS2048/Assets/Scripts/CellPlace.cs" />
        <File uid="3" fullPath="/Users/ruslanfarahov/UnityProj/SRS2048/Assets/Scripts/CellView.cs" />
        <File uid="4" fullPath="/Users/ruslanfarahov/UnityProj/SRS2048/Assets/Scripts/EndGamePanelController.cs" />
        <File uid="5" fullPath="/Users/ruslanfarahov/UnityProj/SRS2048/Assets/Scripts/GameField.cs" />
        <File uid="6" fullPath="/Users/ruslanfarahov/UnityProj/SRS2048/Assets/Scripts/GameStateController.cs" />
        <File uid="7" fullPath="/Users/ruslanfarahov/UnityProj/SRS2048/Assets/Scripts/Grid.cs" />
        <File uid="8" fullPath="/Users/ruslanfarahov/UnityProj/SRS2048/Assets/Scripts/GridRow.cs" />
        <File uid="9" fullPath="/Users/ruslanfarahov/UnityProj/SRS2048/Assets/Scripts/InputController.cs" />
        <File uid="10" fullPath="/Users/ruslanfarahov/UnityProj/SRS2048/Assets/Scripts/ScoreController.cs" />
        <File uid="11" fullPath="/Users/ruslanfarahov/UnityProj/SRS2048/Assets/Tests/GameFieldTests.cs" />
        <File uid="12" fullPath="/Users/ruslanfarahov/UnityProj/SRS2048/Assets/Tests/GameStateControllerTests.cs" />
        <File uid="13" fullPath="/Users/ruslanfarahov/UnityProj/SRS2048/Assets/Tests/GridRowTests.cs" />
        <File uid="14" fullPath="/Users/ruslanfarahov/UnityProj/SRS2048/Assets/Tests/GridTests.cs" />
        <File uid="15" fullPath="/Users/ruslanfarahov/UnityProj/SRS2048/Assets/Tests/InputControllerTests.cs" />
        <File uid="16" fullPath="/Users/ruslanfarahov/UnityProj/SRS2048/Assets/Tests/ScoreControllerTests.cs" />
        <File uid="17" fullPath="/Users/ruslanfarahov/UnityProj/SRS2048/Assets/Tests/CellPlaceTests.cs" />
        <File uid="18" fullPath="/Users/ruslanfarahov/UnityProj/SRS2048/Assets/Tests/CellTests.cs" />
        <File uid="19" fullPath="/Users/ruslanfarahov/UnityProj/SRS2048/Assets/Tests/CellViewTests.cs" />
        <File uid="20" fullPath="/Users/ruslanfarahov/UnityProj/SRS2048/Assets/Tests/EndGamePanelControllerTests.cs" />
      </Files>
      <Classes>
        <Class>
          <Summary numSequencePoints="21" visitedSequencePoints="0" numBranchPoints="0" visitedBranchPoints="0" sequenceCoverage="0.0" branchCoverage="0.0" maxCyclomaticComplexity="0" minCyclomaticComplexity="0" maxCrapScore="0" minCrapScore="0" visitedClasses="0" numClasses="1" visitedMethods="0" numMethods="5" />
          <FullName>Cell</FullName>
          <Methods>
            <Method visited="false" cyclomaticComplexity="0" nPathComplexity="0" sequenceCoverage="0.0" branchCoverage="0" crapScore="0" isConstructor="false" isStatic="false" isGetter="true" isSetter="false">
              <Summary numSequencePoints="1" visitedSequencePoints="0" numBranchPoints="0" visitedBranchPoints="0" sequenceCoverage="0.0" branchCoverage="0" maxCyclomaticComplexity="0" minCyclomaticComplexity="0" maxCrapScore="0" minCrapScore="0" visitedClasses="0" numClasses="0" visitedMethods="0" numMethods="1" />
              <MetadataToken>100663297</MetadataToken>
              <Name>UnityEngine.Vector2Int Cell::get_Position()</Name>
              <FileRef uid="1" />
              <SequencePoints>
                <SequencePoint vc="0" uspid="3213" ordinal="0" offset="0" sl="11" sc="0" el="11" ec="0" bec="0" bev="0" fileid="1" />
              </SequencePoints>
              <BranchPoints />
            </Method>
            <Method visited="false" cyclomaticComplexity="0" nPathComplexity="0" sequenceCoverage="0.0" branchCoverage="0" crapScore="0" isConstructor="false" isStatic="false" isGetter="false" isSetter="true">
              <Summary numSequencePoints="7" visitedSequencePoints="0" numBranchPoints="0" visitedBranchPoints="0" sequenceCoverage="0.0" branchCoverage="0" maxCyclomaticComplexity="0" minCyclomaticComplexity="0" maxCrapScore="0" minCrapScore="0" visitedClasses="0" numClasses="0" visitedMethods="0" numMethods="1" />
              <MetadataToken>100663298</MetadataToken>
              <Name>System.Void Cell::set_Position(UnityEngine.Vector2Int)</Name>
              <FileRef uid="1" />
              <SequencePoints>
                <SequencePoint vc="0" uspid="3214" ordinal="0" offset="0" sl="13" sc="0" el="13" ec="0" bec="0" bev="0" fileid="1" />
                <SequencePoint vc="0" uspid="3215" ordinal="0" offset="1" sl="14" sc="0" el="14" ec="0" bec="0" bev="0" fileid="1" />
                <SequencePoint vc="0" uspid="3216" ordinal="0" offset="17" sl="15" sc="0" el="15" ec="0" bec="0" bev="0" fileid="1" />
                <SequencePoint vc="0" uspid="3217" ordinal="0" offset="18" sl="16" sc="0" el="16" ec="0" bec="0" bev="0" fileid="1" />
                <SequencePoint vc="0" uspid="3218" ordinal="0" offset="25" sl="17" sc="0" el="17" ec="0" bec="0" bev="0" fileid="1" />
                <SequencePoint vc="0" uspid="3219" ordinal="0" offset="49" sl="18" sc="0" el="18" ec="0" bec="0" bev="0" fileid="1" />
                <SequencePoint vc="0" uspid="3220" ordinal="0" offset="50" sl="19" sc="0" el="19" ec="0" bec="0" bev="0" fileid="1" />
              </SequencePoints>
              <BranchPoints />
            </Method>
            <Method visited="false" cyclomaticComplexity="0" nPathComplexity="0" sequenceCoverage="0.0" branchCoverage="0" crapScore="0" isConstructor="false" isStatic="false" isGetter="true" isSetter="false">
              <Summary numSequencePoints="1" visitedSequencePoints="0" numBranchPoints="0" visitedBranchPoints="0" sequenceCoverage="0.0" branchCoverage="0" maxCyclomaticComplexity="0" minCyclomaticComplexity="0" maxCrapScore="0" minCrapScore="0" visitedClasses="0" numClasses="0" visitedMethods="0" numMethods="1" />
              <MetadataToken>100663299</MetadataToken>
              <Name>System.Int32 Cell::get_Value()</Name>
              <FileRef uid="1" />
              <SequencePoints>
                <SequencePoint vc="0" uspid="3221" ordinal="0" offset="0" sl="26" sc="0" el="26" ec="0" bec="0" bev="0" fileid="1" />
              </SequencePoints>
              <BranchPoints />
            </Method>
            <Method visited="false" cyclomaticComplexity="0" nPathComplexity="0" sequenceCoverage="0.0" branchCoverage="0" crapScore="0" isConstructor="false" isStatic="false" isGetter="false" isSetter="true">
              <Summary numSequencePoints="7" visitedSequencePoints="0" numBranchPoints="0" visitedBranchPoints="0" sequenceCoverage="0.0" branchCoverage="0" maxCyclomaticComplexity="0" minCyclomaticComplexity="0" maxCrapScore="0" minCrapScore="0" visitedClasses="0" numClasses="0" visitedMethods="0" numMethods="1" />
              <MetadataToken>100663300</MetadataToken>
              <Name>System.Void Cell::set_Value(System.Int32)</Name>
              <FileRef uid="1" />
              <SequencePoints>
                <SequencePoint vc="0" uspid="3222" ordinal="0" offset="0" sl="28" sc="0" el="28" ec="0" bec="0" bev="0" fileid="1" />
                <SequencePoint vc="0" uspid="3223" ordinal="0" offset="1" sl="29" sc="0" el="29" ec="0" bec="0" bev="0" fileid="1" />
                <SequencePoint vc="0" uspid="3224" ordinal="0" offset="17" sl="30" sc="0" el="30" ec="0" bec="0" bev="0" fileid="1" />
                <SequencePoint vc="0" uspid="3225" ordinal="0" offset="18" sl="31" sc="0" el="31" ec="0" bec="0" bev="0" fileid="1" />
                <SequencePoint vc="0" uspid="3226" ordinal="0" offset="25" sl="32" sc="0" el="32" ec="0" bec="0" bev="0" fileid="1" />
                <SequencePoint vc="0" uspid="3227" ordinal="0" offset="49" sl="33" sc="0" el="33" ec="0" bec="0" bev="0" fileid="1" />
                <SequencePoint vc="0" uspid="3228" ordinal="0" offset="50" sl="34" sc="0" el="34" ec="0" bec="0" bev="0" fileid="1" />
              </SequencePoints>
              <BranchPoints />
            </Method>
            <Method visited="false" cyclomaticComplexity="0" nPathComplexity="0" sequenceCoverage="0.0" branchCoverage="0" crapScore="0" isConstructor="true" isStatic="false" isGetter="false" isSetter="false">
              <Summary numSequencePoints="5" visitedSequencePoints="0" numBranchPoints="0" visitedBranchPoints="0" sequenceCoverage="0.0" branchCoverage="0" maxCyclomaticComplexity="0" minCyclomaticComplexity="0" maxCrapScore="0" minCrapScore="0" visitedClasses="0" numClasses="0" visitedMethods="0" numMethods="1" />
              <MetadataToken>100663305</MetadataToken>
              <Name>Cell::Cell(UnityEngine.Vector2Int, System.Int32)</Name>
              <FileRef uid="1" />
              <SequencePoints>
                <SequencePoint vc="0" uspid="3229" ordinal="0" offset="0" sl="41" sc="0" el="41" ec="0" bec="0" bev="0" fileid="1" />
                <SequencePoint vc="0" uspid="3230" ordinal="0" offset="7" sl="42" sc="0" el="42" ec="0" bec="0" bev="0" fileid="1" />
                <SequencePoint vc="0" uspid="3231" ordinal="0" offset="8" sl="43" sc="0" el="43" ec="0" bec="0" bev="0" fileid="1" />
                <SequencePoint vc="0" uspid="3232" ordinal="0" offset="15" sl="44" sc="0" el="44" ec="0" bec="0" bev="0" fileid="1" />
                <SequencePoint vc="0" uspid="3233" ordinal="0" offset="22" sl="45" sc="0" el="45" ec="0" bec="0" bev="0" fileid="1" />
              </SequencePoints>
              <BranchPoints />
            </Method>
          </Methods>
        </Class>
        <Class>
          <Summary numSequencePoints="2" visitedSequencePoints="0" numBranchPoints="0" visitedBranchPoints="0" sequenceCoverage="0.0" branchCoverage="0.0" maxCyclomaticComplexity="0" minCyclomaticComplexity="0" maxCrapScore="0" minCrapScore="0" visitedClasses="0" numClasses="1" visitedMethods="0" numMethods="2" />
          <FullName>CellPlace</FullName>
          <Methods>
            <Method visited="false" cyclomaticComplexity="0" nPathComplexity="0" sequenceCoverage="0.0" branchCoverage="0" crapScore="0" isConstructor="false" isStatic="false" isGetter="true" isSetter="false">
              <Summary numSequencePoints="1" visitedSequencePoints="0" numBranchPoints="0" visitedBranchPoints="0" sequenceCoverage="0.0" branchCoverage="0" maxCyclomaticComplexity="0" minCyclomaticComplexity="0" maxCrapScore="0" minCrapScore="0" visitedClasses="0" numClasses="0" visitedMethods="0" numMethods="1" />
              <MetadataToken>100663306</MetadataToken>
              <Name>UnityEngine.Vector2Int CellPlace::get_Position()</Name>
              <FileRef uid="2" />
              <SequencePoints>
                <SequencePoint vc="0" uspid="3234" ordinal="0" offset="0" sl="5" sc="0" el="5" ec="0" bec="0" bev="0" fileid="2" />
              </SequencePoints>
              <BranchPoints />
            </Method>
            <Method visited="false" cyclomaticComplexity="0" nPathComplexity="0" sequenceCoverage="0.0" branchCoverage="0" crapScore="0" isConstructor="false" isStatic="false" isGetter="false" isSetter="true">
              <Summary numSequencePoints="1" visitedSequencePoints="0" numBranchPoints="0" visitedBranchPoints="0" sequenceCoverage="0.0" branchCoverage="0" maxCyclomaticComplexity="0" minCyclomaticComplexity="0" maxCrapScore="0" minCrapScore="0" visitedClasses="0" numClasses="0" visitedMethods="0" numMethods="1" />
              <MetadataToken>100663307</MetadataToken>
              <Name>System.Void CellPlace::set_Position(UnityEngine.Vector2Int)</Name>
              <FileRef uid="2" />
              <SequencePoints>
                <SequencePoint vc="0" uspid="3235" ordinal="0" offset="0" sl="5" sc="0" el="5" ec="0" bec="0" bev="0" fileid="2" />
              </SequencePoints>
              <BranchPoints />
            </Method>
          </Methods>
        </Class>
        <Class>
          <Summary numSequencePoints="41" visitedSequencePoints="0" numBranchPoints="0" visitedBranchPoints="0" sequenceCoverage="0.0" branchCoverage="0.0" maxCyclomaticComplexity="0" minCyclomaticComplexity="0" maxCrapScore="0" minCrapScore="0" visitedClasses="0" numClasses="1" visitedMethods="0" numMethods="5" />
          <FullName>CellView</FullName>
          <Methods>
            <Method visited="false" cyclomaticComplexity="0" nPathComplexity="0" sequenceCoverage="0.0" branchCoverage="0" crapScore="0" isConstructor="false" isStatic="false" isGetter="false" isSetter="false">
              <Summary numSequencePoints="10" visitedSequencePoints="0" numBranchPoints="0" visitedBranchPoints="0" sequenceCoverage="0.0" branchCoverage="0" maxCyclomaticComplexity="0" minCyclomaticComplexity="0" maxCrapScore="0" minCrapScore="0" visitedClasses="0" numClasses="0" visitedMethods="0" numMethods="1" />
              <MetadataToken>100663309</MetadataToken>
              <Name>System.Void CellView::Init(Cell, Grid)</Name>
              <FileRef uid="3" />
              <SequencePoints>
                <SequencePoint vc="0" uspid="3236" ordinal="0" offset="0" sl="17" sc="0" el="17" ec="0" bec="0" bev="0" fileid="3" />
                <SequencePoint vc="0" uspid="3237" ordinal="0" offset="1" sl="18" sc="0" el="18" ec="0" bec="0" bev="0" fileid="3" />
                <SequencePoint vc="0" uspid="3238" ordinal="0" offset="8" sl="19" sc="0" el="19" ec="0" bec="0" bev="0" fileid="3" />
                <SequencePoint vc="0" uspid="3239" ordinal="0" offset="15" sl="20" sc="0" el="20" ec="0" bec="0" bev="0" fileid="3" />
                <SequencePoint vc="0" uspid="3240" ordinal="0" offset="34" sl="21" sc="0" el="21" ec="0" bec="0" bev="0" fileid="3" />
                <SequencePoint vc="0" uspid="3241" ordinal="0" offset="53" sl="22" sc="0" el="22" ec="0" bec="0" bev="0" fileid="3" />
                <SequencePoint vc="0" uspid="3242" ordinal="0" offset="65" sl="23" sc="0" el="23" ec="0" bec="0" bev="0" fileid="3" />
                <SequencePoint vc="0" uspid="3243" ordinal="0" offset="77" sl="27" sc="0" el="27" ec="0" bec="0" bev="0" fileid="3" />
                <SequencePoint vc="0" uspid="3244" ordinal="0" offset="90" sl="28" sc="0" el="28" ec="0" bec="0" bev="0" fileid="3" />
                <SequencePoint vc="0" uspid="3245" ordinal="0" offset="103" sl="29" sc="0" el="29" ec="0" bec="0" bev="0" fileid="3" />
              </SequencePoints>
              <BranchPoints />
            </Method>
            <Method visited="false" cyclomaticComplexity="0" nPathComplexity="0" sequenceCoverage="0.0" branchCoverage="0" crapScore="0" isConstructor="false" isStatic="false" isGetter="false" isSetter="false">
              <Summary numSequencePoints="10" visitedSequencePoints="0" numBranchPoints="0" visitedBranchPoints="0" sequenceCoverage="0.0" branchCoverage="0" maxCyclomaticComplexity="0" minCyclomaticComplexity="0" maxCrapScore="0" minCrapScore="0" visitedClasses="0" numClasses="0" visitedMethods="0" numMethods="1" />
              <MetadataToken>100663310</MetadataToken>
              <Name>System.Void CellView::UpdateValue(System.Int32)</Name>
              <FileRef uid="3" />
              <SequencePoints>
                <SequencePoint vc="0" uspid="3246" ordinal="0" offset="0" sl="32" sc="0" el="32" ec="0" bec="0" bev="0" fileid="3" />
                <SequencePoint vc="0" uspid="3247" ordinal="0" offset="1" sl="33" sc="0" el="33" ec="0" bec="0" bev="0" fileid="3" />
                <SequencePoint vc="0" uspid="3248" ordinal="0" offset="15" sl="35" sc="0" el="35" ec="0" bec="0" bev="0" fileid="3" />
                <SequencePoint vc="0" uspid="3249" ordinal="0" offset="31" sl="36" sc="0" el="36" ec="0" bec="0" bev="0" fileid="3" />
                <SequencePoint vc="0" uspid="3250" ordinal="0" offset="50" sl="39" sc="0" el="39" ec="0" bec="0" bev="0" fileid="3" />
                <SequencePoint vc="0" uspid="3251" ordinal="0" offset="70" sl="42" sc="0" el="42" ec="0" bec="0" bev="0" fileid="3" />
                <SequencePoint vc="0" uspid="3252" ordinal="0" offset="86" sl="43" sc="0" el="43" ec="0" bec="0" bev="0" fileid="3" />
                <SequencePoint vc="0" uspid="3253" ordinal="0" offset="87" sl="44" sc="0" el="44" ec="0" bec="0" bev="0" fileid="3" />
                <SequencePoint vc="0" uspid="3254" ordinal="0" offset="117" sl="45" sc="0" el="45" ec="0" bec="0" bev="0" fileid="3" />
                <SequencePoint vc="0" uspid="3255" ordinal="0" offset="118" sl="46" sc="0" el="46" ec="0" bec="0" bev="0" fileid="3" />
              </SequencePoints>
              <BranchPoints />
            </Method>
            <Method visited="false" cyclomaticComplexity="0" nPathComplexity="0" sequenceCoverage="0.0" branchCoverage="0" crapScore="0" isConstructor="false" isStatic="false" isGetter="false" isSetter="false">
              <Summary numSequencePoints="11" visitedSequencePoints="0" numBranchPoints="0" visitedBranchPoints="0" sequenceCoverage="0.0" branchCoverage="0" maxCyclomaticComplexity="0" minCyclomaticComplexity="0" maxCrapScore="0" minCrapScore="0" visitedClasses="0" numClasses="0" visitedMethods="0" numMethods="1" />
              <MetadataToken>100663311</MetadataToken>
              <Name>System.Void CellView::UpdatePosition(UnityEngine.Vector2Int)</Name>
              <FileRef uid="3" />
              <SequencePoints>
                <SequencePoint vc="0" uspid="3256" ordinal="0" offset="0" sl="49" sc="0" el="49" ec="0" bec="0" bev="0" fileid="3" />
                <SequencePoint vc="0" uspid="3257" ordinal="0" offset="1" sl="50" sc="0" el="50" ec="0" bec="0" bev="0" fileid="3" />
                <SequencePoint vc="0" uspid="3258" ordinal="0" offset="39" sl="51" sc="0" el="51" ec="0" bec="0" bev="0" fileid="3" />
                <SequencePoint vc="0" uspid="3259" ordinal="0" offset="40" sl="52" sc="0" el="52" ec="0" bec="0" bev="0" fileid="3" />
                <SequencePoint vc="0" uspid="3260" ordinal="0" offset="58" sl="53" sc="0" el="53" ec="0" bec="0" bev="0" fileid="3" />
                <SequencePoint vc="0" uspid="3261" ordinal="0" offset="71" sl="54" sc="0" el="54" ec="0" bec="0" bev="0" fileid="3" />
                <SequencePoint vc="0" uspid="3262" ordinal="0" offset="88" sl="55" sc="0" el="55" ec="0" bec="0" bev="0" fileid="3" />
                <SequencePoint vc="0" uspid="3263" ordinal="0" offset="91" sl="57" sc="0" el="57" ec="0" bec="0" bev="0" fileid="3" />
                <SequencePoint vc="0" uspid="3264" ordinal="0" offset="92" sl="58" sc="0" el="58" ec="0" bec="0" bev="0" fileid="3" />
                <SequencePoint vc="0" uspid="3265" ordinal="0" offset="123" sl="59" sc="0" el="59" ec="0" bec="0" bev="0" fileid="3" />
                <SequencePoint vc="0" uspid="3266" ordinal="0" offset="124" sl="60" sc="0" el="60" ec="0" bec="0" bev="0" fileid="3" />
              </SequencePoints>
              <BranchPoints />
            </Method>
            <Method visited="false" cyclomaticComplexity="0" nPathComplexity="0" sequenceCoverage="0.0" branchCoverage="0" crapScore="0" isConstructor="false" isStatic="false" isGetter="false" isSetter="false">
              <Summary numSequencePoints="7" visitedSequencePoints="0" numBranchPoints="0" visitedBranchPoints="0" sequenceCoverage="0.0" branchCoverage="0" maxCyclomaticComplexity="0" minCyclomaticComplexity="0" maxCrapScore="0" minCrapScore="0" visitedClasses="0" numClasses="0" visitedMethods="0" numMethods="1" />
              <MetadataToken>100663312</MetadataToken>
              <Name>System.Void CellView::OnDestroy()</Name>
              <FileRef uid="3" />
              <SequencePoints>
                <SequencePoint vc="0" uspid="3267" ordinal="0" offset="0" sl="63" sc="0" el="63" ec="0" bec="0" bev="0" fileid="3" />
                <SequencePoint vc="0" uspid="3268" ordinal="0" offset="1" sl="65" sc="0" el="65" ec="0" bec="0" bev="0" fileid="3" />
                <SequencePoint vc="0" uspid="3269" ordinal="0" offset="14" sl="66" sc="0" el="66" ec="0" bec="0" bev="0" fileid="3" />
                <SequencePoint vc="0" uspid="3270" ordinal="0" offset="15" sl="67" sc="0" el="67" ec="0" bec="0" bev="0" fileid="3" />
                <SequencePoint vc="0" uspid="3271" ordinal="0" offset="39" sl="68" sc="0" el="68" ec="0" bec="0" bev="0" fileid="3" />
                <SequencePoint vc="0" uspid="3272" ordinal="0" offset="63" sl="69" sc="0" el="69" ec="0" bec="0" bev="0" fileid="3" />
                <SequencePoint vc="0" uspid="3273" ordinal="0" offset="64" sl="70" sc="0" el="70" ec="0" bec="0" bev="0" fileid="3" />
              </SequencePoints>
              <BranchPoints />
            </Method>
            <Method visited="false" cyclomaticComplexity="0" nPathComplexity="0" sequenceCoverage="0.0" branchCoverage="0" crapScore="0" isConstructor="true" isStatic="false" isGetter="false" isSetter="false">
              <Summary numSequencePoints="3" visitedSequencePoints="0" numBranchPoints="0" visitedBranchPoints="0" sequenceCoverage="0.0" branchCoverage="0" maxCyclomaticComplexity="0" minCyclomaticComplexity="0" maxCrapScore="0" minCrapScore="0" visitedClasses="0" numClasses="0" visitedMethods="0" numMethods="1" />
              <MetadataToken>100663313</MetadataToken>
              <Name>CellView::CellView()</Name>
              <FileRef uid="3" />
              <SequencePoints>
                <SequencePoint vc="0" uspid="3274" ordinal="0" offset="0" sl="8" sc="20" el="8" ec="20" bec="0" bev="0" fileid="3" />
                <SequencePoint vc="0" uspid="3275" ordinal="0" offset="11" sl="9" sc="20" el="9" ec="20" bec="0" bev="0" fileid="3" />
                <SequencePoint vc="0" uspid="3276" ordinal="0" offset="22" sl="10" sc="20" el="10" ec="20" bec="0" bev="0" fileid="3" />
              </SequencePoints>
              <BranchPoints />
            </Method>
          </Methods>
        </Class>
        <Class>
          <Summary numSequencePoints="10" visitedSequencePoints="0" numBranchPoints="0" visitedBranchPoints="0" sequenceCoverage="0.0" branchCoverage="0.0" maxCyclomaticComplexity="0" minCyclomaticComplexity="0" maxCrapScore="0" minCrapScore="0" visitedClasses="0" numClasses="1" visitedMethods="0" numMethods="3" />
          <FullName>EndGamePanelController</FullName>
          <Methods>
            <Method visited="false" cyclomaticComplexity="0" nPathComplexity="0" sequenceCoverage="0.0" branchCoverage="0" crapScore="0" isConstructor="false" isStatic="false" isGetter="false" isSetter="false">
              <Summary numSequencePoints="3" visitedSequencePoints="0" numBranchPoints="0" visitedBranchPoints="0" sequenceCoverage="0.0" branchCoverage="0" maxCyclomaticComplexity="0" minCyclomaticComplexity="0" maxCrapScore="0" minCrapScore="0" visitedClasses="0" numClasses="0" visitedMethods="0" numMethods="1" />
              <MetadataToken>100663314</MetadataToken>
              <Name>System.Void EndGamePanelController::Start()</Name>
              <FileRef uid="4" />
              <SequencePoints>
                <SequencePoint vc="0" uspid="3277" ordinal="0" offset="0" sl="13" sc="0" el="13" ec="0" bec="0" bev="0" fileid="4" />
                <SequencePoint vc="0" uspid="3278" ordinal="0" offset="1" sl="15" sc="0" el="15" ec="0" bec="0" bev="0" fileid="4" />
                <SequencePoint vc="0" uspid="3279" ordinal="0" offset="30" sl="16" sc="0" el="16" ec="0" bec="0" bev="0" fileid="4" />
              </SequencePoints>
              <BranchPoints />
            </Method>
            <Method visited="false" cyclomaticComplexity="0" nPathComplexity="0" sequenceCoverage="0.0" branchCoverage="0" crapScore="0" isConstructor="false" isStatic="false" isGetter="false" isSetter="false">
              <Summary numSequencePoints="4" visitedSequencePoints="0" numBranchPoints="0" visitedBranchPoints="0" sequenceCoverage="0.0" branchCoverage="0" maxCyclomaticComplexity="0" minCyclomaticComplexity="0" maxCrapScore="0" minCrapScore="0" visitedClasses="0" numClasses="0" visitedMethods="0" numMethods="1" />
              <MetadataToken>100663315</MetadataToken>
              <Name>System.Void EndGamePanelController::ShowEndGame(System.String)</Name>
              <FileRef uid="4" />
              <SequencePoints>
                <SequencePoint vc="0" uspid="3280" ordinal="0" offset="0" sl="23" sc="3" el="23" ec="3" bec="0" bev="0" fileid="4" />
                <SequencePoint vc="0" uspid="3281" ordinal="0" offset="1" sl="24" sc="5" el="24" ec="5" bec="0" bev="0" fileid="4" />
                <SequencePoint vc="0" uspid="3282" ordinal="0" offset="14" sl="26" sc="5" el="26" ec="5" bec="0" bev="0" fileid="4" />
                <SequencePoint vc="0" uspid="3283" ordinal="0" offset="27" sl="27" sc="3" el="27" ec="3" bec="0" bev="0" fileid="4" />
              </SequencePoints>
              <BranchPoints />
            </Method>
            <Method visited="false" cyclomaticComplexity="0" nPathComplexity="0" sequenceCoverage="0.0" branchCoverage="0" crapScore="0" isConstructor="false" isStatic="false" isGetter="false" isSetter="false">
              <Summary numSequencePoints="3" visitedSequencePoints="0" numBranchPoints="0" visitedBranchPoints="0" sequenceCoverage="0.0" branchCoverage="0" maxCyclomaticComplexity="0" minCyclomaticComplexity="0" maxCrapScore="0" minCrapScore="0" visitedClasses="0" numClasses="0" visitedMethods="0" numMethods="1" />
              <MetadataToken>100663316</MetadataToken>
              <Name>System.Void EndGamePanelController::RestartGame()</Name>
              <FileRef uid="4" />
              <SequencePoints>
                <SequencePoint vc="0" uspid="3284" ordinal="0" offset="0" sl="33" sc="0" el="33" ec="0" bec="0" bev="0" fileid="4" />
                <SequencePoint vc="0" uspid="3285" ordinal="0" offset="1" sl="34" sc="0" el="34" ec="0" bec="0" bev="0" fileid="4" />
                <SequencePoint vc="0" uspid="3286" ordinal="0" offset="20" sl="35" sc="0" el="35" ec="0" bec="0" bev="0" fileid="4" />
              </SequencePoints>
              <BranchPoints />
            </Method>
          </Methods>
        </Class>
        <Class>
          <Summary numSequencePoints="279" visitedSequencePoints="0" numBranchPoints="0" visitedBranchPoints="0" sequenceCoverage="0.0" branchCoverage="0.0" maxCyclomaticComplexity="0" minCyclomaticComplexity="0" maxCrapScore="0" minCrapScore="0" visitedClasses="0" numClasses="1" visitedMethods="0" numMethods="9" />
          <FullName>GameField</FullName>
          <Methods>
            <Method visited="false" cyclomaticComplexity="0" nPathComplexity="0" sequenceCoverage="0.0" branchCoverage="0" crapScore="0" isConstructor="false" isStatic="false" isGetter="false" isSetter="false">
              <Summary numSequencePoints="4" visitedSequencePoints="0" numBranchPoints="0" visitedBranchPoints="0" sequenceCoverage="0.0" branchCoverage="0" maxCyclomaticComplexity="0" minCyclomaticComplexity="0" maxCrapScore="0" minCrapScore="0" visitedClasses="0" numClasses="0" visitedMethods="0" numMethods="1" />
              <MetadataToken>100663318</MetadataToken>
              <Name>System.Void GameField::Awake()</Name>
              <FileRef uid="5" />
              <SequencePoints>
                <SequencePoint vc="0" uspid="3287" ordinal="0" offset="0" sl="29" sc="0" el="29" ec="0" bec="0" bev="0" fileid="5" />
                <SequencePoint vc="0" uspid="3288" ordinal="0" offset="1" sl="30" sc="0" el="30" ec="0" bec="0" bev="0" fileid="5" />
                <SequencePoint vc="0" uspid="3289" ordinal="0" offset="13" sl="31" sc="0" el="31" ec="0" bec="0" bev="0" fileid="5" />
                <SequencePoint vc="0" uspid="3290" ordinal="0" offset="46" sl="32" sc="0" el="32" ec="0" bec="0" bev="0" fileid="5" />
              </SequencePoints>
              <BranchPoints />
            </Method>
            <Method visited="false" cyclomaticComplexity="0" nPathComplexity="0" sequenceCoverage="0.0" branchCoverage="0" crapScore="0" isConstructor="false" isStatic="false" isGetter="false" isSetter="false">
              <Summary numSequencePoints="4" visitedSequencePoints="0" numBranchPoints="0" visitedBranchPoints="0" sequenceCoverage="0.0" branchCoverage="0" maxCyclomaticComplexity="0" minCyclomaticComplexity="0" maxCrapScore="0" minCrapScore="0" visitedClasses="0" numClasses="0" visitedMethods="0" numMethods="1" />
              <MetadataToken>100663319</MetadataToken>
              <Name>System.Void GameField::Start()</Name>
              <FileRef uid="5" />
              <SequencePoints>
                <SequencePoint vc="0" uspid="3291" ordinal="0" offset="0" sl="35" sc="0" el="35" ec="0" bec="0" bev="0" fileid="5" />
                <SequencePoint vc="0" uspid="3292" ordinal="0" offset="1" sl="37" sc="0" el="37" ec="0" bec="0" bev="0" fileid="5" />
                <SequencePoint vc="0" uspid="3293" ordinal="0" offset="8" sl="38" sc="0" el="38" ec="0" bec="0" bev="0" fileid="5" />
                <SequencePoint vc="0" uspid="3294" ordinal="0" offset="15" sl="40" sc="0" el="40" ec="0" bec="0" bev="0" fileid="5" />
              </SequencePoints>
              <BranchPoints />
            </Method>
            <Method visited="false" cyclomaticComplexity="0" nPathComplexity="0" sequenceCoverage="0.0" branchCoverage="0" crapScore="0" isConstructor="false" isStatic="false" isGetter="false" isSetter="false">
              <Summary numSequencePoints="20" visitedSequencePoints="0" numBranchPoints="0" visitedBranchPoints="0" sequenceCoverage="0.0" branchCoverage="0" maxCyclomaticComplexity="0" minCyclomaticComplexity="0" maxCrapScore="0" minCrapScore="0" visitedClasses="0" numClasses="0" visitedMethods="0" numMethods="1" />
              <MetadataToken>100663320</MetadataToken>
              <Name>UnityEngine.Vector2Int GameField::GetEmptyPosition()</Name>
              <FileRef uid="5" />
              <SequencePoints>
                <SequencePoint vc="0" uspid="3295" ordinal="0" offset="0" sl="45" sc="0" el="45" ec="0" bec="0" bev="0" fileid="5" />
                <SequencePoint vc="0" uspid="3296" ordinal="0" offset="1" sl="46" sc="0" el="46" ec="0" bec="0" bev="0" fileid="5" />
                <SequencePoint vc="0" uspid="3297" ordinal="0" offset="7" sl="47" sc="0" el="47" ec="0" bec="0" bev="0" fileid="5" />
                <SequencePoint vc="0" uspid="3298" ordinal="0" offset="11" sl="48" sc="0" el="48" ec="0" bec="0" bev="0" fileid="5" />
                <SequencePoint vc="0" uspid="3299" ordinal="0" offset="12" sl="49" sc="0" el="49" ec="0" bec="0" bev="0" fileid="5" />
                <SequencePoint vc="0" uspid="3300" ordinal="0" offset="16" sl="50" sc="0" el="50" ec="0" bec="0" bev="0" fileid="5" />
                <SequencePoint vc="0" uspid="3301" ordinal="0" offset="17" sl="51" sc="0" el="51" ec="0" bec="0" bev="0" fileid="5" />
                <SequencePoint vc="0" uspid="3302" ordinal="0" offset="40" sl="52" sc="0" el="52" ec="0" bec="0" bev="0" fileid="5" />
                <SequencePoint vc="0" uspid="3303" ordinal="0" offset="54" sl="53" sc="0" el="53" ec="0" bec="0" bev="0" fileid="5" />
                <SequencePoint vc="0" uspid="3304" ordinal="0" offset="55" sl="49" sc="0" el="49" ec="0" bec="0" bev="0" fileid="5" />
                <SequencePoint vc="0" uspid="3305" ordinal="0" offset="59" sl="49" sc="0" el="49" ec="0" bec="0" bev="0" fileid="5" />
                <SequencePoint vc="0" uspid="3306" ordinal="0" offset="79" sl="54" sc="0" el="54" ec="0" bec="0" bev="0" fileid="5" />
                <SequencePoint vc="0" uspid="3307" ordinal="0" offset="80" sl="47" sc="0" el="47" ec="0" bec="0" bev="0" fileid="5" />
                <SequencePoint vc="0" uspid="3308" ordinal="0" offset="84" sl="47" sc="0" el="47" ec="0" bec="0" bev="0" fileid="5" />
                <SequencePoint vc="0" uspid="3309" ordinal="0" offset="104" sl="56" sc="0" el="56" ec="0" bec="0" bev="0" fileid="5" />
                <SequencePoint vc="0" uspid="3310" ordinal="0" offset="119" sl="57" sc="0" el="57" ec="0" bec="0" bev="0" fileid="5" />
                <SequencePoint vc="0" uspid="3311" ordinal="0" offset="120" sl="58" sc="0" el="58" ec="0" bec="0" bev="0" fileid="5" />
                <SequencePoint vc="0" uspid="3312" ordinal="0" offset="131" sl="59" sc="0" el="59" ec="0" bec="0" bev="0" fileid="5" />
                <SequencePoint vc="0" uspid="3313" ordinal="0" offset="142" sl="62" sc="0" el="62" ec="0" bec="0" bev="0" fileid="5" />
                <SequencePoint vc="0" uspid="3314" ordinal="0" offset="164" sl="63" sc="0" el="63" ec="0" bec="0" bev="0" fileid="5" />
              </SequencePoints>
              <BranchPoints />
            </Method>
            <Method visited="false" cyclomaticComplexity="0" nPathComplexity="0" sequenceCoverage="0.0" branchCoverage="0" crapScore="0" isConstructor="false" isStatic="false" isGetter="false" isSetter="false">
              <Summary numSequencePoints="25" visitedSequencePoints="0" numBranchPoints="0" visitedBranchPoints="0" sequenceCoverage="0.0" branchCoverage="0" maxCyclomaticComplexity="0" minCyclomaticComplexity="0" maxCrapScore="0" minCrapScore="0" visitedClasses="0" numClasses="0" visitedMethods="0" numMethods="1" />
              <MetadataToken>100663321</MetadataToken>
              <Name>System.Void GameField::CreateCell()</Name>
              <FileRef uid="5" />
              <SequencePoints>
                <SequencePoint vc="0" uspid="3315" ordinal="0" offset="0" sl="71" sc="0" el="71" ec="0" bec="0" bev="0" fileid="5" />
                <SequencePoint vc="0" uspid="3316" ordinal="0" offset="1" sl="72" sc="0" el="72" ec="0" bec="0" bev="0" fileid="5" />
                <SequencePoint vc="0" uspid="3317" ordinal="0" offset="8" sl="73" sc="0" el="73" ec="0" bec="0" bev="0" fileid="5" />
                <SequencePoint vc="0" uspid="3318" ordinal="0" offset="22" sl="73" sc="0" el="73" ec="0" bec="0" bev="0" fileid="5" />
                <SequencePoint vc="0" uspid="3319" ordinal="0" offset="27" sl="75" sc="0" el="75" ec="0" bec="0" bev="0" fileid="5" />
                <SequencePoint vc="0" uspid="3320" ordinal="0" offset="44" sl="76" sc="0" el="76" ec="0" bec="0" bev="0" fileid="5" />
                <SequencePoint vc="0" uspid="3321" ordinal="0" offset="52" sl="77" sc="0" el="77" ec="0" bec="0" bev="0" fileid="5" />
                <SequencePoint vc="0" uspid="3322" ordinal="0" offset="65" sl="79" sc="0" el="79" ec="0" bec="0" bev="0" fileid="5" />
                <SequencePoint vc="0" uspid="3323" ordinal="0" offset="83" sl="80" sc="0" el="80" ec="0" bec="0" bev="0" fileid="5" />
                <SequencePoint vc="0" uspid="3324" ordinal="0" offset="84" sl="82" sc="0" el="82" ec="0" bec="0" bev="0" fileid="5" />
                <SequencePoint vc="0" uspid="3325" ordinal="0" offset="103" sl="83" sc="0" el="83" ec="0" bec="0" bev="0" fileid="5" />
                <SequencePoint vc="0" uspid="3326" ordinal="0" offset="118" sl="84" sc="0" el="84" ec="0" bec="0" bev="0" fileid="5" />
                <SequencePoint vc="0" uspid="3327" ordinal="0" offset="127" sl="85" sc="0" el="85" ec="0" bec="0" bev="0" fileid="5" />
                <SequencePoint vc="0" uspid="3328" ordinal="0" offset="141" sl="86" sc="0" el="86" ec="0" bec="0" bev="0" fileid="5" />
                <SequencePoint vc="0" uspid="3329" ordinal="0" offset="142" sl="87" sc="0" el="87" ec="0" bec="0" bev="0" fileid="5" />
                <SequencePoint vc="0" uspid="3330" ordinal="0" offset="157" sl="88" sc="0" el="88" ec="0" bec="0" bev="0" fileid="5" />
                <SequencePoint vc="0" uspid="3331" ordinal="0" offset="184" sl="89" sc="0" el="89" ec="0" bec="0" bev="0" fileid="5" />
                <SequencePoint vc="0" uspid="3332" ordinal="0" offset="187" sl="91" sc="0" el="91" ec="0" bec="0" bev="0" fileid="5" />
                <SequencePoint vc="0" uspid="3333" ordinal="0" offset="188" sl="92" sc="0" el="92" ec="0" bec="0" bev="0" fileid="5" />
                <SequencePoint vc="0" uspid="3334" ordinal="0" offset="199" sl="93" sc="0" el="93" ec="0" bec="0" bev="0" fileid="5" />
                <SequencePoint vc="0" uspid="3335" ordinal="0" offset="200" sl="94" sc="0" el="94" ec="0" bec="0" bev="0" fileid="5" />
                <SequencePoint vc="0" uspid="3336" ordinal="0" offset="203" sl="96" sc="0" el="96" ec="0" bec="0" bev="0" fileid="5" />
                <SequencePoint vc="0" uspid="3337" ordinal="0" offset="204" sl="97" sc="0" el="97" ec="0" bec="0" bev="0" fileid="5" />
                <SequencePoint vc="0" uspid="3338" ordinal="0" offset="215" sl="98" sc="0" el="98" ec="0" bec="0" bev="0" fileid="5" />
                <SequencePoint vc="0" uspid="3339" ordinal="0" offset="216" sl="99" sc="0" el="99" ec="0" bec="0" bev="0" fileid="5" />
              </SequencePoints>
              <BranchPoints />
            </Method>
            <Method visited="false" cyclomaticComplexity="0" nPathComplexity="0" sequenceCoverage="0.0" branchCoverage="0" crapScore="0" isConstructor="false" isStatic="false" isGetter="false" isSetter="false">
              <Summary numSequencePoints="15" visitedSequencePoints="0" numBranchPoints="0" visitedBranchPoints="0" sequenceCoverage="0.0" branchCoverage="0" maxCyclomaticComplexity="0" minCyclomaticComplexity="0" maxCrapScore="0" minCrapScore="0" visitedClasses="0" numClasses="0" visitedMethods="0" numMethods="1" />
              <MetadataToken>100663322</MetadataToken>
              <Name>System.Void GameField::ProcessInput(UnityEngine.Vector2)</Name>
              <FileRef uid="5" />
              <SequencePoints>
                <SequencePoint vc="0" uspid="3340" ordinal="0" offset="0" sl="108" sc="0" el="108" ec="0" bec="0" bev="0" fileid="5" />
                <SequencePoint vc="0" uspid="3341" ordinal="0" offset="1" sl="111" sc="0" el="111" ec="0" bec="0" bev="0" fileid="5" />
                <SequencePoint vc="0" uspid="3342" ordinal="0" offset="21" sl="113" sc="0" el="113" ec="0" bec="0" bev="0" fileid="5" />
                <SequencePoint vc="0" uspid="3343" ordinal="0" offset="29" sl="114" sc="0" el="114" ec="0" bec="0" bev="0" fileid="5" />
                <SequencePoint vc="0" uspid="3344" ordinal="0" offset="34" sl="115" sc="0" el="115" ec="0" bec="0" bev="0" fileid="5" />
                <SequencePoint vc="0" uspid="3345" ordinal="0" offset="35" sl="116" sc="0" el="116" ec="0" bec="0" bev="0" fileid="5" />
                <SequencePoint vc="0" uspid="3346" ordinal="0" offset="42" sl="117" sc="0" el="117" ec="0" bec="0" bev="0" fileid="5" />
                <SequencePoint vc="0" uspid="3347" ordinal="0" offset="49" sl="118" sc="0" el="118" ec="0" bec="0" bev="0" fileid="5" />
                <SequencePoint vc="0" uspid="3348" ordinal="0" offset="52" sl="120" sc="0" el="120" ec="0" bec="0" bev="0" fileid="5" />
                <SequencePoint vc="0" uspid="3349" ordinal="0" offset="53" sl="122" sc="0" el="122" ec="0" bec="0" bev="0" fileid="5" />
                <SequencePoint vc="0" uspid="3350" ordinal="0" offset="54" sl="125" sc="0" el="125" ec="0" bec="0" bev="0" fileid="5" />
                <SequencePoint vc="0" uspid="3351" ordinal="0" offset="70" sl="126" sc="0" el="126" ec="0" bec="0" bev="0" fileid="5" />
                <SequencePoint vc="0" uspid="3352" ordinal="0" offset="88" sl="127" sc="0" el="127" ec="0" bec="0" bev="0" fileid="5" />
                <SequencePoint vc="0" uspid="3353" ordinal="0" offset="106" sl="128" sc="0" el="128" ec="0" bec="0" bev="0" fileid="5" />
                <SequencePoint vc="0" uspid="3354" ordinal="0" offset="118" sl="129" sc="0" el="129" ec="0" bec="0" bev="0" fileid="5" />
              </SequencePoints>
              <BranchPoints />
            </Method>
            <Method visited="false" cyclomaticComplexity="0" nPathComplexity="0" sequenceCoverage="0.0" branchCoverage="0" crapScore="0" isConstructor="false" isStatic="false" isGetter="false" isSetter="false">
              <Summary numSequencePoints="165" visitedSequencePoints="0" numBranchPoints="0" visitedBranchPoints="0" sequenceCoverage="0.0" branchCoverage="0" maxCyclomaticComplexity="0" minCyclomaticComplexity="0" maxCrapScore="0" minCrapScore="0" visitedClasses="0" numClasses="0" visitedMethods="0" numMethods="1" />
              <MetadataToken>100663323</MetadataToken>
              <Name>System.Boolean GameField::MoveTiles(UnityEngine.Vector2)</Name>
              <FileRef uid="5" />
              <SequencePoints>
                <SequencePoint vc="0" uspid="3355" ordinal="0" offset="0" sl="138" sc="0" el="138" ec="0" bec="0" bev="0" fileid="5" />
                <SequencePoint vc="0" uspid="3356" ordinal="0" offset="1" sl="139" sc="0" el="139" ec="0" bec="0" bev="0" fileid="5" />
                <SequencePoint vc="0" uspid="3357" ordinal="0" offset="3" sl="141" sc="0" el="141" ec="0" bec="0" bev="0" fileid="5" />
                <SequencePoint vc="0" uspid="3358" ordinal="0" offset="31" sl="144" sc="0" el="144" ec="0" bec="0" bev="0" fileid="5" />
                <SequencePoint vc="0" uspid="3359" ordinal="0" offset="51" sl="145" sc="0" el="145" ec="0" bec="0" bev="0" fileid="5" />
                <SequencePoint vc="0" uspid="3360" ordinal="0" offset="52" sl="147" sc="0" el="147" ec="0" bec="0" bev="0" fileid="5" />
                <SequencePoint vc="0" uspid="3361" ordinal="0" offset="59" sl="148" sc="0" el="148" ec="0" bec="0" bev="0" fileid="5" />
                <SequencePoint vc="0" uspid="3362" ordinal="0" offset="60" sl="149" sc="0" el="149" ec="0" bec="0" bev="0" fileid="5" />
                <SequencePoint vc="0" uspid="3363" ordinal="0" offset="68" sl="150" sc="0" el="150" ec="0" bec="0" bev="0" fileid="5" />
                <SequencePoint vc="0" uspid="3364" ordinal="0" offset="69" sl="151" sc="0" el="151" ec="0" bec="0" bev="0" fileid="5" />
                <SequencePoint vc="0" uspid="3365" ordinal="0" offset="98" sl="152" sc="0" el="152" ec="0" bec="0" bev="0" fileid="5" />
                <SequencePoint vc="0" uspid="3366" ordinal="0" offset="99" sl="153" sc="0" el="153" ec="0" bec="0" bev="0" fileid="5" />
                <SequencePoint vc="0" uspid="3367" ordinal="0" offset="109" sl="154" sc="0" el="154" ec="0" bec="0" bev="0" fileid="5" />
                <SequencePoint vc="0" uspid="3368" ordinal="0" offset="118" sl="156" sc="0" el="156" ec="0" bec="0" bev="0" fileid="5" />
                <SequencePoint vc="0" uspid="3369" ordinal="0" offset="119" sl="157" sc="0" el="157" ec="0" bec="0" bev="0" fileid="5" />
                <SequencePoint vc="0" uspid="3370" ordinal="0" offset="130" sl="159" sc="0" el="159" ec="0" bec="0" bev="0" fileid="5" />
                <SequencePoint vc="0" uspid="3371" ordinal="0" offset="156" sl="160" sc="0" el="160" ec="0" bec="0" bev="0" fileid="5" />
                <SequencePoint vc="0" uspid="3372" ordinal="0" offset="157" sl="161" sc="0" el="161" ec="0" bec="0" bev="0" fileid="5" />
                <SequencePoint vc="0" uspid="3373" ordinal="0" offset="190" sl="162" sc="0" el="162" ec="0" bec="0" bev="0" fileid="5" />
                <SequencePoint vc="0" uspid="3374" ordinal="0" offset="210" sl="163" sc="0" el="163" ec="0" bec="0" bev="0" fileid="5" />
                <SequencePoint vc="0" uspid="3375" ordinal="0" offset="220" sl="164" sc="0" el="164" ec="0" bec="0" bev="0" fileid="5" />
                <SequencePoint vc="0" uspid="3376" ordinal="0" offset="222" sl="165" sc="0" el="165" ec="0" bec="0" bev="0" fileid="5" />
                <SequencePoint vc="0" uspid="3377" ordinal="0" offset="228" sl="167" sc="0" el="167" ec="0" bec="0" bev="0" fileid="5" />
                <SequencePoint vc="0" uspid="3378" ordinal="0" offset="303" sl="169" sc="0" el="169" ec="0" bec="0" bev="0" fileid="5" />
                <SequencePoint vc="0" uspid="3379" ordinal="0" offset="304" sl="170" sc="0" el="170" ec="0" bec="0" bev="0" fileid="5" />
                <SequencePoint vc="0" uspid="3380" ordinal="0" offset="341" sl="171" sc="0" el="171" ec="0" bec="0" bev="0" fileid="5" />
                <SequencePoint vc="0" uspid="3381" ordinal="0" offset="371" sl="172" sc="0" el="172" ec="0" bec="0" bev="0" fileid="5" />
                <SequencePoint vc="0" uspid="3382" ordinal="0" offset="391" sl="173" sc="0" el="173" ec="0" bec="0" bev="0" fileid="5" />
                <SequencePoint vc="0" uspid="3383" ordinal="0" offset="401" sl="174" sc="0" el="174" ec="0" bec="0" bev="0" fileid="5" />
                <SequencePoint vc="0" uspid="3384" ordinal="0" offset="403" sl="175" sc="0" el="175" ec="0" bec="0" bev="0" fileid="5" />
                <SequencePoint vc="0" uspid="3385" ordinal="0" offset="405" sl="177" sc="0" el="177" ec="0" bec="0" bev="0" fileid="5" />
                <SequencePoint vc="0" uspid="3386" ordinal="0" offset="407" sl="178" sc="0" el="178" ec="0" bec="0" bev="0" fileid="5" />
                <SequencePoint vc="0" uspid="3387" ordinal="0" offset="408" sl="155" sc="0" el="155" ec="0" bec="0" bev="0" fileid="5" />
                <SequencePoint vc="0" uspid="3388" ordinal="0" offset="427" sl="180" sc="0" el="180" ec="0" bec="0" bev="0" fileid="5" />
                <SequencePoint vc="0" uspid="3389" ordinal="0" offset="458" sl="181" sc="0" el="181" ec="0" bec="0" bev="0" fileid="5" />
                <SequencePoint vc="0" uspid="3390" ordinal="0" offset="490" sl="182" sc="0" el="182" ec="0" bec="0" bev="0" fileid="5" />
                <SequencePoint vc="0" uspid="3391" ordinal="0" offset="491" sl="183" sc="0" el="183" ec="0" bec="0" bev="0" fileid="5" />
                <SequencePoint vc="0" uspid="3392" ordinal="0" offset="492" sl="149" sc="0" el="149" ec="0" bec="0" bev="0" fileid="5" />
                <SequencePoint vc="0" uspid="3393" ordinal="0" offset="498" sl="149" sc="0" el="149" ec="0" bec="0" bev="0" fileid="5" />
                <SequencePoint vc="0" uspid="3394" ordinal="0" offset="522" sl="184" sc="0" el="184" ec="0" bec="0" bev="0" fileid="5" />
                <SequencePoint vc="0" uspid="3395" ordinal="0" offset="523" sl="147" sc="0" el="147" ec="0" bec="0" bev="0" fileid="5" />
                <SequencePoint vc="0" uspid="3396" ordinal="0" offset="527" sl="147" sc="0" el="147" ec="0" bec="0" bev="0" fileid="5" />
                <SequencePoint vc="0" uspid="3397" ordinal="0" offset="550" sl="185" sc="0" el="185" ec="0" bec="0" bev="0" fileid="5" />
                <SequencePoint vc="0" uspid="3398" ordinal="0" offset="556" sl="186" sc="0" el="186" ec="0" bec="0" bev="0" fileid="5" />
                <SequencePoint vc="0" uspid="3399" ordinal="0" offset="578" sl="187" sc="0" el="187" ec="0" bec="0" bev="0" fileid="5" />
                <SequencePoint vc="0" uspid="3400" ordinal="0" offset="579" sl="189" sc="0" el="189" ec="0" bec="0" bev="0" fileid="5" />
                <SequencePoint vc="0" uspid="3401" ordinal="0" offset="587" sl="190" sc="0" el="190" ec="0" bec="0" bev="0" fileid="5" />
                <SequencePoint vc="0" uspid="3402" ordinal="0" offset="588" sl="191" sc="0" el="191" ec="0" bec="0" bev="0" fileid="5" />
                <SequencePoint vc="0" uspid="3403" ordinal="0" offset="608" sl="192" sc="0" el="192" ec="0" bec="0" bev="0" fileid="5" />
                <SequencePoint vc="0" uspid="3404" ordinal="0" offset="609" sl="193" sc="0" el="193" ec="0" bec="0" bev="0" fileid="5" />
                <SequencePoint vc="0" uspid="3405" ordinal="0" offset="639" sl="194" sc="0" el="194" ec="0" bec="0" bev="0" fileid="5" />
                <SequencePoint vc="0" uspid="3406" ordinal="0" offset="640" sl="195" sc="0" el="195" ec="0" bec="0" bev="0" fileid="5" />
                <SequencePoint vc="0" uspid="3407" ordinal="0" offset="651" sl="196" sc="0" el="196" ec="0" bec="0" bev="0" fileid="5" />
                <SequencePoint vc="0" uspid="3408" ordinal="0" offset="660" sl="198" sc="0" el="198" ec="0" bec="0" bev="0" fileid="5" />
                <SequencePoint vc="0" uspid="3409" ordinal="0" offset="661" sl="199" sc="0" el="199" ec="0" bec="0" bev="0" fileid="5" />
                <SequencePoint vc="0" uspid="3410" ordinal="0" offset="672" sl="200" sc="0" el="200" ec="0" bec="0" bev="0" fileid="5" />
                <SequencePoint vc="0" uspid="3411" ordinal="0" offset="699" sl="201" sc="0" el="201" ec="0" bec="0" bev="0" fileid="5" />
                <SequencePoint vc="0" uspid="3412" ordinal="0" offset="700" sl="202" sc="0" el="202" ec="0" bec="0" bev="0" fileid="5" />
                <SequencePoint vc="0" uspid="3413" ordinal="0" offset="735" sl="203" sc="0" el="203" ec="0" bec="0" bev="0" fileid="5" />
                <SequencePoint vc="0" uspid="3414" ordinal="0" offset="756" sl="204" sc="0" el="204" ec="0" bec="0" bev="0" fileid="5" />
                <SequencePoint vc="0" uspid="3415" ordinal="0" offset="766" sl="205" sc="0" el="205" ec="0" bec="0" bev="0" fileid="5" />
                <SequencePoint vc="0" uspid="3416" ordinal="0" offset="768" sl="206" sc="0" el="206" ec="0" bec="0" bev="0" fileid="5" />
                <SequencePoint vc="0" uspid="3417" ordinal="0" offset="774" sl="207" sc="0" el="207" ec="0" bec="0" bev="0" fileid="5" />
                <SequencePoint vc="0" uspid="3418" ordinal="0" offset="852" sl="209" sc="0" el="209" ec="0" bec="0" bev="0" fileid="5" />
                <SequencePoint vc="0" uspid="3419" ordinal="0" offset="853" sl="210" sc="0" el="210" ec="0" bec="0" bev="0" fileid="5" />
                <SequencePoint vc="0" uspid="3420" ordinal="0" offset="891" sl="211" sc="0" el="211" ec="0" bec="0" bev="0" fileid="5" />
                <SequencePoint vc="0" uspid="3421" ordinal="0" offset="922" sl="212" sc="0" el="212" ec="0" bec="0" bev="0" fileid="5" />
                <SequencePoint vc="0" uspid="3422" ordinal="0" offset="943" sl="213" sc="0" el="213" ec="0" bec="0" bev="0" fileid="5" />
                <SequencePoint vc="0" uspid="3423" ordinal="0" offset="954" sl="214" sc="0" el="214" ec="0" bec="0" bev="0" fileid="5" />
                <SequencePoint vc="0" uspid="3424" ordinal="0" offset="956" sl="215" sc="0" el="215" ec="0" bec="0" bev="0" fileid="5" />
                <SequencePoint vc="0" uspid="3425" ordinal="0" offset="958" sl="217" sc="0" el="217" ec="0" bec="0" bev="0" fileid="5" />
                <SequencePoint vc="0" uspid="3426" ordinal="0" offset="960" sl="218" sc="0" el="218" ec="0" bec="0" bev="0" fileid="5" />
                <SequencePoint vc="0" uspid="3427" ordinal="0" offset="961" sl="197" sc="0" el="197" ec="0" bec="0" bev="0" fileid="5" />
                <SequencePoint vc="0" uspid="3428" ordinal="0" offset="992" sl="220" sc="0" el="220" ec="0" bec="0" bev="0" fileid="5" />
                <SequencePoint vc="0" uspid="3429" ordinal="0" offset="1024" sl="221" sc="0" el="221" ec="0" bec="0" bev="0" fileid="5" />
                <SequencePoint vc="0" uspid="3430" ordinal="0" offset="1057" sl="222" sc="0" el="222" ec="0" bec="0" bev="0" fileid="5" />
                <SequencePoint vc="0" uspid="3431" ordinal="0" offset="1058" sl="223" sc="0" el="223" ec="0" bec="0" bev="0" fileid="5" />
                <SequencePoint vc="0" uspid="3432" ordinal="0" offset="1059" sl="191" sc="0" el="191" ec="0" bec="0" bev="0" fileid="5" />
                <SequencePoint vc="0" uspid="3433" ordinal="0" offset="1065" sl="191" sc="0" el="191" ec="0" bec="0" bev="0" fileid="5" />
                <SequencePoint vc="0" uspid="3434" ordinal="0" offset="1082" sl="224" sc="0" el="224" ec="0" bec="0" bev="0" fileid="5" />
                <SequencePoint vc="0" uspid="3435" ordinal="0" offset="1083" sl="189" sc="0" el="189" ec="0" bec="0" bev="0" fileid="5" />
                <SequencePoint vc="0" uspid="3436" ordinal="0" offset="1089" sl="189" sc="0" el="189" ec="0" bec="0" bev="0" fileid="5" />
                <SequencePoint vc="0" uspid="3437" ordinal="0" offset="1113" sl="225" sc="0" el="225" ec="0" bec="0" bev="0" fileid="5" />
                <SequencePoint vc="0" uspid="3438" ordinal="0" offset="1114" sl="228" sc="0" el="228" ec="0" bec="0" bev="0" fileid="5" />
                <SequencePoint vc="0" uspid="3439" ordinal="0" offset="1136" sl="229" sc="0" el="229" ec="0" bec="0" bev="0" fileid="5" />
                <SequencePoint vc="0" uspid="3440" ordinal="0" offset="1137" sl="231" sc="0" el="231" ec="0" bec="0" bev="0" fileid="5" />
                <SequencePoint vc="0" uspid="3441" ordinal="0" offset="1145" sl="232" sc="0" el="232" ec="0" bec="0" bev="0" fileid="5" />
                <SequencePoint vc="0" uspid="3442" ordinal="0" offset="1146" sl="233" sc="0" el="233" ec="0" bec="0" bev="0" fileid="5" />
                <SequencePoint vc="0" uspid="3443" ordinal="0" offset="1154" sl="234" sc="0" el="234" ec="0" bec="0" bev="0" fileid="5" />
                <SequencePoint vc="0" uspid="3444" ordinal="0" offset="1155" sl="235" sc="0" el="235" ec="0" bec="0" bev="0" fileid="5" />
                <SequencePoint vc="0" uspid="3445" ordinal="0" offset="1185" sl="236" sc="0" el="236" ec="0" bec="0" bev="0" fileid="5" />
                <SequencePoint vc="0" uspid="3446" ordinal="0" offset="1186" sl="237" sc="0" el="237" ec="0" bec="0" bev="0" fileid="5" />
                <SequencePoint vc="0" uspid="3447" ordinal="0" offset="1197" sl="238" sc="0" el="238" ec="0" bec="0" bev="0" fileid="5" />
                <SequencePoint vc="0" uspid="3448" ordinal="0" offset="1206" sl="240" sc="0" el="240" ec="0" bec="0" bev="0" fileid="5" />
                <SequencePoint vc="0" uspid="3449" ordinal="0" offset="1207" sl="241" sc="0" el="241" ec="0" bec="0" bev="0" fileid="5" />
                <SequencePoint vc="0" uspid="3450" ordinal="0" offset="1218" sl="242" sc="0" el="242" ec="0" bec="0" bev="0" fileid="5" />
                <SequencePoint vc="0" uspid="3451" ordinal="0" offset="1245" sl="243" sc="0" el="243" ec="0" bec="0" bev="0" fileid="5" />
                <SequencePoint vc="0" uspid="3452" ordinal="0" offset="1246" sl="244" sc="0" el="244" ec="0" bec="0" bev="0" fileid="5" />
                <SequencePoint vc="0" uspid="3453" ordinal="0" offset="1281" sl="245" sc="0" el="245" ec="0" bec="0" bev="0" fileid="5" />
                <SequencePoint vc="0" uspid="3454" ordinal="0" offset="1302" sl="246" sc="0" el="246" ec="0" bec="0" bev="0" fileid="5" />
                <SequencePoint vc="0" uspid="3455" ordinal="0" offset="1312" sl="247" sc="0" el="247" ec="0" bec="0" bev="0" fileid="5" />
                <SequencePoint vc="0" uspid="3456" ordinal="0" offset="1314" sl="248" sc="0" el="248" ec="0" bec="0" bev="0" fileid="5" />
                <SequencePoint vc="0" uspid="3457" ordinal="0" offset="1320" sl="249" sc="0" el="249" ec="0" bec="0" bev="0" fileid="5" />
                <SequencePoint vc="0" uspid="3458" ordinal="0" offset="1398" sl="251" sc="0" el="251" ec="0" bec="0" bev="0" fileid="5" />
                <SequencePoint vc="0" uspid="3459" ordinal="0" offset="1399" sl="252" sc="0" el="252" ec="0" bec="0" bev="0" fileid="5" />
                <SequencePoint vc="0" uspid="3460" ordinal="0" offset="1437" sl="253" sc="0" el="253" ec="0" bec="0" bev="0" fileid="5" />
                <SequencePoint vc="0" uspid="3461" ordinal="0" offset="1468" sl="254" sc="0" el="254" ec="0" bec="0" bev="0" fileid="5" />
                <SequencePoint vc="0" uspid="3462" ordinal="0" offset="1489" sl="255" sc="0" el="255" ec="0" bec="0" bev="0" fileid="5" />
                <SequencePoint vc="0" uspid="3463" ordinal="0" offset="1500" sl="256" sc="0" el="256" ec="0" bec="0" bev="0" fileid="5" />
                <SequencePoint vc="0" uspid="3464" ordinal="0" offset="1502" sl="257" sc="0" el="257" ec="0" bec="0" bev="0" fileid="5" />
                <SequencePoint vc="0" uspid="3465" ordinal="0" offset="1504" sl="259" sc="0" el="259" ec="0" bec="0" bev="0" fileid="5" />
                <SequencePoint vc="0" uspid="3466" ordinal="0" offset="1506" sl="260" sc="0" el="260" ec="0" bec="0" bev="0" fileid="5" />
                <SequencePoint vc="0" uspid="3467" ordinal="0" offset="1507" sl="239" sc="0" el="239" ec="0" bec="0" bev="0" fileid="5" />
                <SequencePoint vc="0" uspid="3468" ordinal="0" offset="1526" sl="262" sc="0" el="262" ec="0" bec="0" bev="0" fileid="5" />
                <SequencePoint vc="0" uspid="3469" ordinal="0" offset="1558" sl="263" sc="0" el="263" ec="0" bec="0" bev="0" fileid="5" />
                <SequencePoint vc="0" uspid="3470" ordinal="0" offset="1591" sl="264" sc="0" el="264" ec="0" bec="0" bev="0" fileid="5" />
                <SequencePoint vc="0" uspid="3471" ordinal="0" offset="1592" sl="265" sc="0" el="265" ec="0" bec="0" bev="0" fileid="5" />
                <SequencePoint vc="0" uspid="3472" ordinal="0" offset="1593" sl="233" sc="0" el="233" ec="0" bec="0" bev="0" fileid="5" />
                <SequencePoint vc="0" uspid="3473" ordinal="0" offset="1599" sl="233" sc="0" el="233" ec="0" bec="0" bev="0" fileid="5" />
                <SequencePoint vc="0" uspid="3474" ordinal="0" offset="1623" sl="266" sc="0" el="266" ec="0" bec="0" bev="0" fileid="5" />
                <SequencePoint vc="0" uspid="3475" ordinal="0" offset="1624" sl="231" sc="0" el="231" ec="0" bec="0" bev="0" fileid="5" />
                <SequencePoint vc="0" uspid="3476" ordinal="0" offset="1630" sl="231" sc="0" el="231" ec="0" bec="0" bev="0" fileid="5" />
                <SequencePoint vc="0" uspid="3477" ordinal="0" offset="1654" sl="267" sc="0" el="267" ec="0" bec="0" bev="0" fileid="5" />
                <SequencePoint vc="0" uspid="3478" ordinal="0" offset="1660" sl="268" sc="0" el="268" ec="0" bec="0" bev="0" fileid="5" />
                <SequencePoint vc="0" uspid="3479" ordinal="0" offset="1682" sl="269" sc="0" el="269" ec="0" bec="0" bev="0" fileid="5" />
                <SequencePoint vc="0" uspid="3480" ordinal="0" offset="1683" sl="271" sc="0" el="271" ec="0" bec="0" bev="0" fileid="5" />
                <SequencePoint vc="0" uspid="3481" ordinal="0" offset="1691" sl="272" sc="0" el="272" ec="0" bec="0" bev="0" fileid="5" />
                <SequencePoint vc="0" uspid="3482" ordinal="0" offset="1692" sl="273" sc="0" el="273" ec="0" bec="0" bev="0" fileid="5" />
                <SequencePoint vc="0" uspid="3483" ordinal="0" offset="1712" sl="274" sc="0" el="274" ec="0" bec="0" bev="0" fileid="5" />
                <SequencePoint vc="0" uspid="3484" ordinal="0" offset="1713" sl="275" sc="0" el="275" ec="0" bec="0" bev="0" fileid="5" />
                <SequencePoint vc="0" uspid="3485" ordinal="0" offset="1743" sl="276" sc="0" el="276" ec="0" bec="0" bev="0" fileid="5" />
                <SequencePoint vc="0" uspid="3486" ordinal="0" offset="1744" sl="277" sc="0" el="277" ec="0" bec="0" bev="0" fileid="5" />
                <SequencePoint vc="0" uspid="3487" ordinal="0" offset="1755" sl="278" sc="0" el="278" ec="0" bec="0" bev="0" fileid="5" />
                <SequencePoint vc="0" uspid="3488" ordinal="0" offset="1764" sl="280" sc="0" el="280" ec="0" bec="0" bev="0" fileid="5" />
                <SequencePoint vc="0" uspid="3489" ordinal="0" offset="1765" sl="281" sc="0" el="281" ec="0" bec="0" bev="0" fileid="5" />
                <SequencePoint vc="0" uspid="3490" ordinal="0" offset="1776" sl="282" sc="0" el="282" ec="0" bec="0" bev="0" fileid="5" />
                <SequencePoint vc="0" uspid="3491" ordinal="0" offset="1803" sl="283" sc="0" el="283" ec="0" bec="0" bev="0" fileid="5" />
                <SequencePoint vc="0" uspid="3492" ordinal="0" offset="1804" sl="284" sc="0" el="284" ec="0" bec="0" bev="0" fileid="5" />
                <SequencePoint vc="0" uspid="3493" ordinal="0" offset="1839" sl="285" sc="0" el="285" ec="0" bec="0" bev="0" fileid="5" />
                <SequencePoint vc="0" uspid="3494" ordinal="0" offset="1860" sl="286" sc="0" el="286" ec="0" bec="0" bev="0" fileid="5" />
                <SequencePoint vc="0" uspid="3495" ordinal="0" offset="1870" sl="287" sc="0" el="287" ec="0" bec="0" bev="0" fileid="5" />
                <SequencePoint vc="0" uspid="3496" ordinal="0" offset="1872" sl="288" sc="0" el="288" ec="0" bec="0" bev="0" fileid="5" />
                <SequencePoint vc="0" uspid="3497" ordinal="0" offset="1878" sl="289" sc="0" el="289" ec="0" bec="0" bev="0" fileid="5" />
                <SequencePoint vc="0" uspid="3498" ordinal="0" offset="1956" sl="291" sc="0" el="291" ec="0" bec="0" bev="0" fileid="5" />
                <SequencePoint vc="0" uspid="3499" ordinal="0" offset="1957" sl="292" sc="0" el="292" ec="0" bec="0" bev="0" fileid="5" />
                <SequencePoint vc="0" uspid="3500" ordinal="0" offset="1995" sl="293" sc="0" el="293" ec="0" bec="0" bev="0" fileid="5" />
                <SequencePoint vc="0" uspid="3501" ordinal="0" offset="2026" sl="294" sc="0" el="294" ec="0" bec="0" bev="0" fileid="5" />
                <SequencePoint vc="0" uspid="3502" ordinal="0" offset="2047" sl="295" sc="0" el="295" ec="0" bec="0" bev="0" fileid="5" />
                <SequencePoint vc="0" uspid="3503" ordinal="0" offset="2058" sl="296" sc="0" el="296" ec="0" bec="0" bev="0" fileid="5" />
                <SequencePoint vc="0" uspid="3504" ordinal="0" offset="2060" sl="297" sc="0" el="297" ec="0" bec="0" bev="0" fileid="5" />
                <SequencePoint vc="0" uspid="3505" ordinal="0" offset="2062" sl="299" sc="0" el="299" ec="0" bec="0" bev="0" fileid="5" />
                <SequencePoint vc="0" uspid="3506" ordinal="0" offset="2064" sl="300" sc="0" el="300" ec="0" bec="0" bev="0" fileid="5" />
                <SequencePoint vc="0" uspid="3507" ordinal="0" offset="2065" sl="279" sc="0" el="279" ec="0" bec="0" bev="0" fileid="5" />
                <SequencePoint vc="0" uspid="3508" ordinal="0" offset="2096" sl="302" sc="0" el="302" ec="0" bec="0" bev="0" fileid="5" />
                <SequencePoint vc="0" uspid="3509" ordinal="0" offset="2128" sl="303" sc="0" el="303" ec="0" bec="0" bev="0" fileid="5" />
                <SequencePoint vc="0" uspid="3510" ordinal="0" offset="2161" sl="304" sc="0" el="304" ec="0" bec="0" bev="0" fileid="5" />
                <SequencePoint vc="0" uspid="3511" ordinal="0" offset="2162" sl="305" sc="0" el="305" ec="0" bec="0" bev="0" fileid="5" />
                <SequencePoint vc="0" uspid="3512" ordinal="0" offset="2163" sl="273" sc="0" el="273" ec="0" bec="0" bev="0" fileid="5" />
                <SequencePoint vc="0" uspid="3513" ordinal="0" offset="2169" sl="273" sc="0" el="273" ec="0" bec="0" bev="0" fileid="5" />
                <SequencePoint vc="0" uspid="3514" ordinal="0" offset="2186" sl="306" sc="0" el="306" ec="0" bec="0" bev="0" fileid="5" />
                <SequencePoint vc="0" uspid="3515" ordinal="0" offset="2187" sl="271" sc="0" el="271" ec="0" bec="0" bev="0" fileid="5" />
                <SequencePoint vc="0" uspid="3516" ordinal="0" offset="2193" sl="271" sc="0" el="271" ec="0" bec="0" bev="0" fileid="5" />
                <SequencePoint vc="0" uspid="3517" ordinal="0" offset="2217" sl="307" sc="0" el="307" ec="0" bec="0" bev="0" fileid="5" />
                <SequencePoint vc="0" uspid="3518" ordinal="0" offset="2218" sl="309" sc="0" el="309" ec="0" bec="0" bev="0" fileid="5" />
                <SequencePoint vc="0" uspid="3519" ordinal="0" offset="2223" sl="310" sc="0" el="310" ec="0" bec="0" bev="0" fileid="5" />
              </SequencePoints>
              <BranchPoints />
            </Method>
            <Method visited="false" cyclomaticComplexity="0" nPathComplexity="0" sequenceCoverage="0.0" branchCoverage="0" crapScore="0" isConstructor="false" isStatic="false" isGetter="false" isSetter="false">
              <Summary numSequencePoints="20" visitedSequencePoints="0" numBranchPoints="0" visitedBranchPoints="0" sequenceCoverage="0.0" branchCoverage="0" maxCyclomaticComplexity="0" minCyclomaticComplexity="0" maxCrapScore="0" minCrapScore="0" visitedClasses="0" numClasses="0" visitedMethods="0" numMethods="1" />
              <MetadataToken>100663324</MetadataToken>
              <Name>System.Void GameField::UpdateScore()</Name>
              <FileRef uid="5" />
              <SequencePoints>
                <SequencePoint vc="0" uspid="3520" ordinal="0" offset="0" sl="317" sc="0" el="317" ec="0" bec="0" bev="0" fileid="5" />
                <SequencePoint vc="0" uspid="3521" ordinal="0" offset="1" sl="318" sc="0" el="318" ec="0" bec="0" bev="0" fileid="5" />
                <SequencePoint vc="0" uspid="3522" ordinal="0" offset="3" sl="319" sc="0" el="319" ec="0" bec="0" bev="0" fileid="5" />
                <SequencePoint vc="0" uspid="3523" ordinal="0" offset="7" sl="320" sc="0" el="320" ec="0" bec="0" bev="0" fileid="5" />
                <SequencePoint vc="0" uspid="3524" ordinal="0" offset="8" sl="321" sc="0" el="321" ec="0" bec="0" bev="0" fileid="5" />
                <SequencePoint vc="0" uspid="3525" ordinal="0" offset="12" sl="322" sc="0" el="322" ec="0" bec="0" bev="0" fileid="5" />
                <SequencePoint vc="0" uspid="3526" ordinal="0" offset="13" sl="323" sc="0" el="323" ec="0" bec="0" bev="0" fileid="5" />
                <SequencePoint vc="0" uspid="3527" ordinal="0" offset="36" sl="324" sc="0" el="324" ec="0" bec="0" bev="0" fileid="5" />
                <SequencePoint vc="0" uspid="3528" ordinal="0" offset="37" sl="325" sc="0" el="325" ec="0" bec="0" bev="0" fileid="5" />
                <SequencePoint vc="0" uspid="3529" ordinal="0" offset="74" sl="326" sc="0" el="326" ec="0" bec="0" bev="0" fileid="5" />
                <SequencePoint vc="0" uspid="3530" ordinal="0" offset="79" sl="327" sc="0" el="327" ec="0" bec="0" bev="0" fileid="5" />
                <SequencePoint vc="0" uspid="3531" ordinal="0" offset="80" sl="328" sc="0" el="328" ec="0" bec="0" bev="0" fileid="5" />
                <SequencePoint vc="0" uspid="3532" ordinal="0" offset="81" sl="321" sc="0" el="321" ec="0" bec="0" bev="0" fileid="5" />
                <SequencePoint vc="0" uspid="3533" ordinal="0" offset="85" sl="321" sc="0" el="321" ec="0" bec="0" bev="0" fileid="5" />
                <SequencePoint vc="0" uspid="3534" ordinal="0" offset="105" sl="329" sc="0" el="329" ec="0" bec="0" bev="0" fileid="5" />
                <SequencePoint vc="0" uspid="3535" ordinal="0" offset="106" sl="319" sc="0" el="319" ec="0" bec="0" bev="0" fileid="5" />
                <SequencePoint vc="0" uspid="3536" ordinal="0" offset="110" sl="319" sc="0" el="319" ec="0" bec="0" bev="0" fileid="5" />
                <SequencePoint vc="0" uspid="3537" ordinal="0" offset="130" sl="331" sc="0" el="331" ec="0" bec="0" bev="0" fileid="5" />
                <SequencePoint vc="0" uspid="3538" ordinal="0" offset="137" sl="332" sc="0" el="332" ec="0" bec="0" bev="0" fileid="5" />
                <SequencePoint vc="0" uspid="3539" ordinal="0" offset="164" sl="333" sc="0" el="333" ec="0" bec="0" bev="0" fileid="5" />
              </SequencePoints>
              <BranchPoints />
            </Method>
            <Method visited="false" cyclomaticComplexity="0" nPathComplexity="0" sequenceCoverage="0.0" branchCoverage="0" crapScore="0" isConstructor="false" isStatic="false" isGetter="false" isSetter="false">
              <Summary numSequencePoints="23" visitedSequencePoints="0" numBranchPoints="0" visitedBranchPoints="0" sequenceCoverage="0.0" branchCoverage="0" maxCyclomaticComplexity="0" minCyclomaticComplexity="0" maxCrapScore="0" minCrapScore="0" visitedClasses="0" numClasses="0" visitedMethods="0" numMethods="1" />
              <MetadataToken>100663325</MetadataToken>
              <Name>System.Void GameField::DebugPrintField()</Name>
              <FileRef uid="5" />
              <SequencePoints>
                <SequencePoint vc="0" uspid="3540" ordinal="0" offset="0" sl="338" sc="0" el="338" ec="0" bec="0" bev="0" fileid="5" />
                <SequencePoint vc="0" uspid="3541" ordinal="0" offset="1" sl="339" sc="0" el="339" ec="0" bec="0" bev="0" fileid="5" />
                <SequencePoint vc="0" uspid="3542" ordinal="0" offset="7" sl="340" sc="0" el="340" ec="0" bec="0" bev="0" fileid="5" />
                <SequencePoint vc="0" uspid="3543" ordinal="0" offset="14" sl="341" sc="0" el="341" ec="0" bec="0" bev="0" fileid="5" />
                <SequencePoint vc="0" uspid="3544" ordinal="0" offset="15" sl="342" sc="0" el="342" ec="0" bec="0" bev="0" fileid="5" />
                <SequencePoint vc="0" uspid="3545" ordinal="0" offset="19" sl="343" sc="0" el="343" ec="0" bec="0" bev="0" fileid="5" />
                <SequencePoint vc="0" uspid="3546" ordinal="0" offset="20" sl="344" sc="0" el="344" ec="0" bec="0" bev="0" fileid="5" />
                <SequencePoint vc="0" uspid="3547" ordinal="0" offset="43" sl="345" sc="0" el="345" ec="0" bec="0" bev="0" fileid="5" />
                <SequencePoint vc="0" uspid="3548" ordinal="0" offset="44" sl="346" sc="0" el="346" ec="0" bec="0" bev="0" fileid="5" />
                <SequencePoint vc="0" uspid="3549" ordinal="0" offset="81" sl="347" sc="0" el="347" ec="0" bec="0" bev="0" fileid="5" />
                <SequencePoint vc="0" uspid="3550" ordinal="0" offset="101" sl="348" sc="0" el="348" ec="0" bec="0" bev="0" fileid="5" />
                <SequencePoint vc="0" uspid="3551" ordinal="0" offset="104" sl="350" sc="0" el="350" ec="0" bec="0" bev="0" fileid="5" />
                <SequencePoint vc="0" uspid="3552" ordinal="0" offset="105" sl="351" sc="0" el="351" ec="0" bec="0" bev="0" fileid="5" />
                <SequencePoint vc="0" uspid="3553" ordinal="0" offset="123" sl="352" sc="0" el="352" ec="0" bec="0" bev="0" fileid="5" />
                <SequencePoint vc="0" uspid="3554" ordinal="0" offset="124" sl="353" sc="0" el="353" ec="0" bec="0" bev="0" fileid="5" />
                <SequencePoint vc="0" uspid="3555" ordinal="0" offset="125" sl="342" sc="0" el="342" ec="0" bec="0" bev="0" fileid="5" />
                <SequencePoint vc="0" uspid="3556" ordinal="0" offset="129" sl="342" sc="0" el="342" ec="0" bec="0" bev="0" fileid="5" />
                <SequencePoint vc="0" uspid="3557" ordinal="0" offset="152" sl="355" sc="0" el="355" ec="0" bec="0" bev="0" fileid="5" />
                <SequencePoint vc="0" uspid="3558" ordinal="0" offset="164" sl="356" sc="0" el="356" ec="0" bec="0" bev="0" fileid="5" />
                <SequencePoint vc="0" uspid="3559" ordinal="0" offset="165" sl="340" sc="0" el="340" ec="0" bec="0" bev="0" fileid="5" />
                <SequencePoint vc="0" uspid="3560" ordinal="0" offset="169" sl="340" sc="0" el="340" ec="0" bec="0" bev="0" fileid="5" />
                <SequencePoint vc="0" uspid="3561" ordinal="0" offset="192" sl="358" sc="0" el="358" ec="0" bec="0" bev="0" fileid="5" />
                <SequencePoint vc="0" uspid="3562" ordinal="0" offset="199" sl="359" sc="0" el="359" ec="0" bec="0" bev="0" fileid="5" />
              </SequencePoints>
              <BranchPoints />
            </Method>
            <Method visited="false" cyclomaticComplexity="0" nPathComplexity="0" sequenceCoverage="0.0" branchCoverage="0" crapScore="0" isConstructor="true" isStatic="false" isGetter="false" isSetter="false">
              <Summary numSequencePoints="3" visitedSequencePoints="0" numBranchPoints="0" visitedBranchPoints="0" sequenceCoverage="0.0" branchCoverage="0" maxCyclomaticComplexity="0" minCyclomaticComplexity="0" maxCrapScore="0" minCrapScore="0" visitedClasses="0" numClasses="0" visitedMethods="0" numMethods="1" />
              <MetadataToken>100663326</MetadataToken>
              <Name>GameField::GameField()</Name>
              <FileRef uid="5" />
              <SequencePoints>
                <SequencePoint vc="0" uspid="3563" ordinal="0" offset="0" sl="8" sc="3" el="8" ec="3" bec="0" bev="0" fileid="5" />
                <SequencePoint vc="0" uspid="3564" ordinal="0" offset="13" sl="14" sc="3" el="14" ec="3" bec="0" bev="0" fileid="5" />
                <SequencePoint vc="0" uspid="3565" ordinal="0" offset="24" sl="20" sc="3" el="20" ec="3" bec="0" bev="0" fileid="5" />
              </SequencePoints>
              <BranchPoints />
            </Method>
          </Methods>
        </Class>
        <Class>
          <Summary numSequencePoints="76" visitedSequencePoints="0" numBranchPoints="0" visitedBranchPoints="0" sequenceCoverage="0.0" branchCoverage="0.0" maxCyclomaticComplexity="0" minCyclomaticComplexity="0" maxCrapScore="0" minCrapScore="0" visitedClasses="0" numClasses="1" visitedMethods="0" numMethods="4" />
          <FullName>GameStateController</FullName>
          <Methods>
            <Method visited="false" cyclomaticComplexity="0" nPathComplexity="0" sequenceCoverage="0.0" branchCoverage="0" crapScore="0" isConstructor="false" isStatic="false" isGetter="false" isSetter="false">
              <Summary numSequencePoints="4" visitedSequencePoints="0" numBranchPoints="0" visitedBranchPoints="0" sequenceCoverage="0.0" branchCoverage="0" maxCyclomaticComplexity="0" minCyclomaticComplexity="0" maxCrapScore="0" minCrapScore="0" visitedClasses="0" numClasses="0" visitedMethods="0" numMethods="1" />
              <MetadataToken>100663327</MetadataToken>
              <Name>System.Void GameStateController::Start()</Name>
              <FileRef uid="6" />
              <SequencePoints>
                <SequencePoint vc="0" uspid="3566" ordinal="0" offset="0" sl="13" sc="0" el="13" ec="0" bec="0" bev="0" fileid="6" />
                <SequencePoint vc="0" uspid="3567" ordinal="0" offset="1" sl="14" sc="0" el="14" ec="0" bec="0" bev="0" fileid="6" />
                <SequencePoint vc="0" uspid="3568" ordinal="0" offset="17" sl="15" sc="0" el="15" ec="0" bec="0" bev="0" fileid="6" />
                <SequencePoint vc="0" uspid="3569" ordinal="0" offset="35" sl="16" sc="0" el="16" ec="0" bec="0" bev="0" fileid="6" />
              </SequencePoints>
              <BranchPoints />
            </Method>
            <Method visited="false" cyclomaticComplexity="0" nPathComplexity="0" sequenceCoverage="0.0" branchCoverage="0" crapScore="0" isConstructor="false" isStatic="false" isGetter="false" isSetter="false">
              <Summary numSequencePoints="36" visitedSequencePoints="0" numBranchPoints="0" visitedBranchPoints="0" sequenceCoverage="0.0" branchCoverage="0" maxCyclomaticComplexity="0" minCyclomaticComplexity="0" maxCrapScore="0" minCrapScore="0" visitedClasses="0" numClasses="0" visitedMethods="0" numMethods="1" />
              <MetadataToken>100663328</MetadataToken>
              <Name>System.Void GameStateController::CheckGameState()</Name>
              <FileRef uid="6" />
              <SequencePoints>
                <SequencePoint vc="0" uspid="3570" ordinal="0" offset="0" sl="22" sc="0" el="22" ec="0" bec="0" bev="0" fileid="6" />
                <SequencePoint vc="0" uspid="3571" ordinal="0" offset="1" sl="23" sc="0" el="23" ec="0" bec="0" bev="0" fileid="6" />
                <SequencePoint vc="0" uspid="3572" ordinal="0" offset="3" sl="24" sc="0" el="24" ec="0" bec="0" bev="0" fileid="6" />
                <SequencePoint vc="0" uspid="3573" ordinal="0" offset="10" sl="25" sc="0" el="25" ec="0" bec="0" bev="0" fileid="6" />
                <SequencePoint vc="0" uspid="3574" ordinal="0" offset="11" sl="26" sc="0" el="26" ec="0" bec="0" bev="0" fileid="6" />
                <SequencePoint vc="0" uspid="3575" ordinal="0" offset="15" sl="27" sc="0" el="27" ec="0" bec="0" bev="0" fileid="6" />
                <SequencePoint vc="0" uspid="3576" ordinal="0" offset="16" sl="28" sc="0" el="28" ec="0" bec="0" bev="0" fileid="6" />
                <SequencePoint vc="0" uspid="3577" ordinal="0" offset="35" sl="29" sc="0" el="29" ec="0" bec="0" bev="0" fileid="6" />
                <SequencePoint vc="0" uspid="3578" ordinal="0" offset="48" sl="30" sc="0" el="30" ec="0" bec="0" bev="0" fileid="6" />
                <SequencePoint vc="0" uspid="3579" ordinal="0" offset="49" sl="31" sc="0" el="31" ec="0" bec="0" bev="0" fileid="6" />
                <SequencePoint vc="0" uspid="3580" ordinal="0" offset="74" sl="32" sc="0" el="32" ec="0" bec="0" bev="0" fileid="6" />
                <SequencePoint vc="0" uspid="3581" ordinal="0" offset="93" sl="33" sc="0" el="33" ec="0" bec="0" bev="0" fileid="6" />
                <SequencePoint vc="0" uspid="3582" ordinal="0" offset="94" sl="34" sc="0" el="34" ec="0" bec="0" bev="0" fileid="6" />
                <SequencePoint vc="0" uspid="3583" ordinal="0" offset="96" sl="35" sc="0" el="35" ec="0" bec="0" bev="0" fileid="6" />
                <SequencePoint vc="0" uspid="3584" ordinal="0" offset="98" sl="37" sc="0" el="37" ec="0" bec="0" bev="0" fileid="6" />
                <SequencePoint vc="0" uspid="3585" ordinal="0" offset="99" sl="38" sc="0" el="38" ec="0" bec="0" bev="0" fileid="6" />
                <SequencePoint vc="0" uspid="3586" ordinal="0" offset="100" sl="26" sc="0" el="26" ec="0" bec="0" bev="0" fileid="6" />
                <SequencePoint vc="0" uspid="3587" ordinal="0" offset="104" sl="26" sc="0" el="26" ec="0" bec="0" bev="0" fileid="6" />
                <SequencePoint vc="0" uspid="3588" ordinal="0" offset="129" sl="39" sc="0" el="39" ec="0" bec="0" bev="0" fileid="6" />
                <SequencePoint vc="0" uspid="3589" ordinal="0" offset="136" sl="39" sc="0" el="39" ec="0" bec="0" bev="0" fileid="6" />
                <SequencePoint vc="0" uspid="3590" ordinal="0" offset="138" sl="40" sc="0" el="40" ec="0" bec="0" bev="0" fileid="6" />
                <SequencePoint vc="0" uspid="3591" ordinal="0" offset="139" sl="24" sc="0" el="24" ec="0" bec="0" bev="0" fileid="6" />
                <SequencePoint vc="0" uspid="3592" ordinal="0" offset="143" sl="24" sc="0" el="24" ec="0" bec="0" bev="0" fileid="6" />
                <SequencePoint vc="0" uspid="3593" ordinal="0" offset="171" sl="42" sc="0" el="42" ec="0" bec="0" bev="0" fileid="6" />
                <SequencePoint vc="0" uspid="3594" ordinal="0" offset="178" sl="43" sc="0" el="43" ec="0" bec="0" bev="0" fileid="6" />
                <SequencePoint vc="0" uspid="3595" ordinal="0" offset="179" sl="44" sc="0" el="44" ec="0" bec="0" bev="0" fileid="6" />
                <SequencePoint vc="0" uspid="3596" ordinal="0" offset="196" sl="45" sc="0" el="45" ec="0" bec="0" bev="0" fileid="6" />
                <SequencePoint vc="0" uspid="3597" ordinal="0" offset="209" sl="46" sc="0" el="46" ec="0" bec="0" bev="0" fileid="6" />
                <SequencePoint vc="0" uspid="3598" ordinal="0" offset="222" sl="47" sc="0" el="47" ec="0" bec="0" bev="0" fileid="6" />
                <SequencePoint vc="0" uspid="3599" ordinal="0" offset="224" sl="50" sc="0" el="50" ec="0" bec="0" bev="0" fileid="6" />
                <SequencePoint vc="0" uspid="3600" ordinal="0" offset="236" sl="51" sc="0" el="51" ec="0" bec="0" bev="0" fileid="6" />
                <SequencePoint vc="0" uspid="3601" ordinal="0" offset="237" sl="52" sc="0" el="52" ec="0" bec="0" bev="0" fileid="6" />
                <SequencePoint vc="0" uspid="3602" ordinal="0" offset="254" sl="53" sc="0" el="53" ec="0" bec="0" bev="0" fileid="6" />
[...]
              <MetadataToken>100663387</MetadataToken>
              <Name>System.Void Tests.CellTests::SettingPosition_ShouldInvokeOnPositionChanged()</Name>
              <FileRef uid="18" />
              <SequencePoints>
                <SequencePoint vc="0" uspid="3943" ordinal="0" offset="6" sl="22" sc="0" el="22" ec="0" bec="0" bev="0" fileid="18" />
                <SequencePoint vc="0" uspid="3944" ordinal="0" offset="7" sl="23" sc="0" el="23" ec="0" bec="0" bev="0" fileid="18" />
                <SequencePoint vc="0" uspid="3945" ordinal="0" offset="21" sl="24" sc="0" el="24" ec="0" bec="0" bev="0" fileid="18" />
                <SequencePoint vc="0" uspid="3946" ordinal="0" offset="34" sl="25" sc="0" el="25" ec="0" bec="0" bev="0" fileid="18" />
                <SequencePoint vc="0" uspid="3947" ordinal="0" offset="41" sl="26" sc="0" el="26" ec="0" bec="0" bev="0" fileid="18" />
                <SequencePoint vc="0" uspid="3948" ordinal="0" offset="60" sl="31" sc="0" el="31" ec="0" bec="0" bev="0" fileid="18" />
                <SequencePoint vc="0" uspid="3949" ordinal="0" offset="73" sl="32" sc="0" el="32" ec="0" bec="0" bev="0" fileid="18" />
                <SequencePoint vc="0" uspid="3950" ordinal="0" offset="100" sl="33" sc="0" el="33" ec="0" bec="0" bev="0" fileid="18" />
              </SequencePoints>
              <BranchPoints />
            </Method>
            <Method visited="false" cyclomaticComplexity="0" nPathComplexity="0" sequenceCoverage="0.0" branchCoverage="0" crapScore="0" isConstructor="false" isStatic="false" isGetter="false" isSetter="false">
              <Summary numSequencePoints="8" visitedSequencePoints="0" numBranchPoints="0" visitedBranchPoints="0" sequenceCoverage="0.0" branchCoverage="0" maxCyclomaticComplexity="0" minCyclomaticComplexity="0" maxCrapScore="0" minCrapScore="0" visitedClasses="0" numClasses="0" visitedMethods="0" numMethods="1" />
              <MetadataToken>100663388</MetadataToken>
              <Name>System.Void Tests.CellTests::SettingValue_ShouldInvokeOnValueChanged()</Name>
              <FileRef uid="18" />
              <SequencePoints>
                <SequencePoint vc="0" uspid="3951" ordinal="0" offset="6" sl="37" sc="0" el="37" ec="0" bec="0" bev="0" fileid="18" />
                <SequencePoint vc="0" uspid="3952" ordinal="0" offset="7" sl="38" sc="0" el="38" ec="0" bec="0" bev="0" fileid="18" />
                <SequencePoint vc="0" uspid="3953" ordinal="0" offset="21" sl="39" sc="0" el="39" ec="0" bec="0" bev="0" fileid="18" />
                <SequencePoint vc="0" uspid="3954" ordinal="0" offset="28" sl="40" sc="0" el="40" ec="0" bec="0" bev="0" fileid="18" />
                <SequencePoint vc="0" uspid="3955" ordinal="0" offset="35" sl="41" sc="0" el="41" ec="0" bec="0" bev="0" fileid="18" />
                <SequencePoint vc="0" uspid="3956" ordinal="0" offset="54" sl="46" sc="0" el="46" ec="0" bec="0" bev="0" fileid="18" />
                <SequencePoint vc="0" uspid="3957" ordinal="0" offset="67" sl="47" sc="0" el="47" ec="0" bec="0" bev="0" fileid="18" />
                <SequencePoint vc="0" uspid="3958" ordinal="0" offset="94" sl="48" sc="0" el="48" ec="0" bec="0" bev="0" fileid="18" />
              </SequencePoints>
              <BranchPoints />
            </Method>
          </Methods>
        </Class>
        <Class>
          <Summary numSequencePoints="29" visitedSequencePoints="0" numBranchPoints="0" visitedBranchPoints="0" sequenceCoverage="0.0" branchCoverage="0.0" maxCyclomaticComplexity="0" minCyclomaticComplexity="0" maxCrapScore="0" minCrapScore="0" visitedClasses="0" numClasses="1" visitedMethods="0" numMethods="3" />
          <FullName>Tests.CellViewTests</FullName>
          <Methods>
            <Method visited="false" cyclomaticComplexity="0" nPathComplexity="0" sequenceCoverage="0.0" branchCoverage="0" crapScore="0" isConstructor="false" isStatic="false" isGetter="false" isSetter="false">
              <Summary numSequencePoints="13" visitedSequencePoints="0" numBranchPoints="0" visitedBranchPoints="0" sequenceCoverage="0.0" branchCoverage="0" maxCyclomaticComplexity="0" minCyclomaticComplexity="0" maxCrapScore="0" minCrapScore="0" visitedClasses="0" numClasses="0" visitedMethods="0" numMethods="1" />
              <MetadataToken>100663390</MetadataToken>
              <Name>System.Void Tests.CellViewTests::SetUp()</Name>
              <FileRef uid="19" />
              <SequencePoints>
                <SequencePoint vc="0" uspid="3959" ordinal="0" offset="0" sl="20" sc="0" el="20" ec="0" bec="0" bev="0" fileid="19" />
                <SequencePoint vc="0" uspid="3960" ordinal="0" offset="1" sl="22" sc="0" el="22" ec="0" bec="0" bev="0" fileid="19" />
                <SequencePoint vc="0" uspid="3961" ordinal="0" offset="36" sl="24" sc="0" el="24" ec="0" bec="0" bev="0" fileid="19" />
                <SequencePoint vc="0" uspid="3962" ordinal="0" offset="66" sl="25" sc="0" el="25" ec="0" bec="0" bev="0" fileid="19" />
                <SequencePoint vc="0" uspid="3963" ordinal="0" offset="89" sl="26" sc="0" el="26" ec="0" bec="0" bev="0" fileid="19" />
                <SequencePoint vc="0" uspid="3964" ordinal="0" offset="101" sl="29" sc="0" el="29" ec="0" bec="0" bev="0" fileid="19" />
                <SequencePoint vc="0" uspid="3965" ordinal="0" offset="118" sl="30" sc="0" el="30" ec="0" bec="0" bev="0" fileid="19" />
                <SequencePoint vc="0" uspid="3966" ordinal="0" offset="135" sl="33" sc="0" el="33" ec="0" bec="0" bev="0" fileid="19" />
                <SequencePoint vc="0" uspid="3967" ordinal="0" offset="170" sl="34" sc="0" el="34" ec="0" bec="0" bev="0" fileid="19" />
                <SequencePoint vc="0" uspid="3968" ordinal="0" offset="187" sl="35" sc="0" el="35" ec="0" bec="0" bev="0" fileid="19" />
                <SequencePoint vc="0" uspid="3969" ordinal="0" offset="203" sl="36" sc="0" el="36" ec="0" bec="0" bev="0" fileid="19" />
                <SequencePoint vc="0" uspid="3970" ordinal="0" offset="219" sl="37" sc="0" el="37" ec="0" bec="0" bev="0" fileid="19" />
                <SequencePoint vc="0" uspid="3971" ordinal="0" offset="244" sl="38" sc="0" el="38" ec="0" bec="0" bev="0" fileid="19" />
              </SequencePoints>
              <BranchPoints />
            </Method>
            <Method visited="false" cyclomaticComplexity="0" nPathComplexity="0" sequenceCoverage="0.0" branchCoverage="0" crapScore="0" isConstructor="false" isStatic="false" isGetter="false" isSetter="false">
              <Summary numSequencePoints="4" visitedSequencePoints="0" numBranchPoints="0" visitedBranchPoints="0" sequenceCoverage="0.0" branchCoverage="0" maxCyclomaticComplexity="0" minCyclomaticComplexity="0" maxCrapScore="0" minCrapScore="0" visitedClasses="0" numClasses="0" visitedMethods="0" numMethods="1" />
              <MetadataToken>100663391</MetadataToken>
              <Name>System.Void Tests.CellViewTests::TearDown()</Name>
              <FileRef uid="19" />
              <SequencePoints>
                <SequencePoint vc="0" uspid="3972" ordinal="0" offset="0" sl="41" sc="0" el="41" ec="0" bec="0" bev="0" fileid="19" />
                <SequencePoint vc="0" uspid="3973" ordinal="0" offset="1" sl="42" sc="0" el="42" ec="0" bec="0" bev="0" fileid="19" />
                <SequencePoint vc="0" uspid="3974" ordinal="0" offset="13" sl="43" sc="0" el="43" ec="0" bec="0" bev="0" fileid="19" />
                <SequencePoint vc="0" uspid="3975" ordinal="0" offset="25" sl="44" sc="0" el="44" ec="0" bec="0" bev="0" fileid="19" />
              </SequencePoints>
              <BranchPoints />
            </Method>
            <Method visited="false" cyclomaticComplexity="0" nPathComplexity="0" sequenceCoverage="0.0" branchCoverage="0" crapScore="0" isConstructor="false" isStatic="false" isGetter="false" isSetter="false">
              <Summary numSequencePoints="12" visitedSequencePoints="0" numBranchPoints="0" visitedBranchPoints="0" sequenceCoverage="0.0" branchCoverage="0" maxCyclomaticComplexity="0" minCyclomaticComplexity="0" maxCrapScore="0" minCrapScore="0" visitedClasses="0" numClasses="0" visitedMethods="0" numMethods="1" />
              <MetadataToken>100663392</MetadataToken>
              <Name>System.Void Tests.CellViewTests::Init_ShouldSetTextAndColor()</Name>
              <FileRef uid="19" />
              <SequencePoints>
                <SequencePoint vc="0" uspid="3976" ordinal="0" offset="0" sl="48" sc="0" el="48" ec="0" bec="0" bev="0" fileid="19" />
                <SequencePoint vc="0" uspid="3977" ordinal="0" offset="1" sl="50" sc="0" el="50" ec="0" bec="0" bev="0" fileid="19" />
                <SequencePoint vc="0" uspid="3978" ordinal="0" offset="15" sl="51" sc="0" el="51" ec="0" bec="0" bev="0" fileid="19" />
                <SequencePoint vc="0" uspid="3979" ordinal="0" offset="34" sl="54" sc="0" el="54" ec="0" bec="0" bev="0" fileid="19" />
                <SequencePoint vc="0" uspid="3980" ordinal="0" offset="71" sl="58" sc="0" el="58" ec="0" bec="0" bev="0" fileid="19" />
                <SequencePoint vc="0" uspid="3981" ordinal="0" offset="94" sl="60" sc="0" el="60" ec="0" bec="0" bev="0" fileid="19" />
                <SequencePoint vc="0" uspid="3982" ordinal="0" offset="116" sl="61" sc="0" el="61" ec="0" bec="0" bev="0" fileid="19" />
                <SequencePoint vc="0" uspid="3983" ordinal="0" offset="134" sl="64" sc="0" el="64" ec="0" bec="0" bev="0" fileid="19" />
                <SequencePoint vc="0" uspid="3984" ordinal="0" offset="182" sl="65" sc="0" el="65" ec="0" bec="0" bev="0" fileid="19" />
                <SequencePoint vc="0" uspid="3985" ordinal="0" offset="230" sl="66" sc="0" el="66" ec="0" bec="0" bev="0" fileid="19" />
                <SequencePoint vc="0" uspid="3986" ordinal="0" offset="278" sl="67" sc="0" el="67" ec="0" bec="0" bev="0" fileid="19" />
                <SequencePoint vc="0" uspid="3987" ordinal="0" offset="326" sl="68" sc="0" el="68" ec="0" bec="0" bev="0" fileid="19" />
              </SequencePoints>
              <BranchPoints />
            </Method>
          </Methods>
        </Class>
        <Class>
          <Summary numSequencePoints="20" visitedSequencePoints="0" numBranchPoints="0" visitedBranchPoints="0" sequenceCoverage="0.0" branchCoverage="0.0" maxCyclomaticComplexity="0" minCyclomaticComplexity="0" maxCrapScore="0" minCrapScore="0" visitedClasses="0" numClasses="1" visitedMethods="0" numMethods="3" />
          <FullName>Tests.EndGamePanelControllerTests</FullName>
          <Methods>
            <Method visited="false" cyclomaticComplexity="0" nPathComplexity="0" sequenceCoverage="0.0" branchCoverage="0" crapScore="0" isConstructor="false" isStatic="false" isGetter="false" isSetter="false">
              <Summary numSequencePoints="11" visitedSequencePoints="0" numBranchPoints="0" visitedBranchPoints="0" sequenceCoverage="0.0" branchCoverage="0" maxCyclomaticComplexity="0" minCyclomaticComplexity="0" maxCrapScore="0" minCrapScore="0" visitedClasses="0" numClasses="0" visitedMethods="0" numMethods="1" />
              <MetadataToken>100663394</MetadataToken>
              <Name>System.Void Tests.EndGamePanelControllerTests::SetUp()</Name>
              <FileRef uid="20" />
              <SequencePoints>
                <SequencePoint vc="0" uspid="3988" ordinal="0" offset="0" sl="18" sc="25" el="18" ec="25" bec="0" bev="0" fileid="20" />
                <SequencePoint vc="0" uspid="3989" ordinal="0" offset="1" sl="20" sc="7" el="20" ec="7" bec="0" bev="0" fileid="20" />
                <SequencePoint vc="0" uspid="3990" ordinal="0" offset="36" sl="23" sc="7" el="23" ec="7" bec="0" bev="0" fileid="20" />
                <SequencePoint vc="0" uspid="3991" ordinal="0" offset="66" sl="24" sc="7" el="24" ec="7" bec="0" bev="0" fileid="20" />
                <SequencePoint vc="0" uspid="3992" ordinal="0" offset="89" sl="25" sc="7" el="25" ec="7" bec="0" bev="0" fileid="20" />
                <SequencePoint vc="0" uspid="3993" ordinal="0" offset="101" sl="28" sc="7" el="28" ec="7" bec="0" bev="0" fileid="20" />
                <SequencePoint vc="0" uspid="3994" ordinal="0" offset="144" sl="29" sc="7" el="29" ec="7" bec="0" bev="0" fileid="20" />
                <SequencePoint vc="0" uspid="3995" ordinal="0" offset="167" sl="30" sc="7" el="30" ec="7" bec="0" bev="0" fileid="20" />
                <SequencePoint vc="0" uspid="3996" ordinal="0" offset="179" sl="32" sc="7" el="32" ec="7" bec="0" bev="0" fileid="20" />
                <SequencePoint vc="0" uspid="3997" ordinal="0" offset="196" sl="33" sc="7" el="33" ec="7" bec="0" bev="0" fileid="20" />
                <SequencePoint vc="0" uspid="3998" ordinal="0" offset="209" sl="34" sc="5" el="34" ec="5" bec="0" bev="0" fileid="20" />
              </SequencePoints>
              <BranchPoints />
            </Method>
            <Method visited="false" cyclomaticComplexity="0" nPathComplexity="0" sequenceCoverage="0.0" branchCoverage="0" crapScore="0" isConstructor="false" isStatic="false" isGetter="false" isSetter="false">
              <Summary numSequencePoints="3" visitedSequencePoints="0" numBranchPoints="0" visitedBranchPoints="0" sequenceCoverage="0.0" branchCoverage="0" maxCyclomaticComplexity="0" minCyclomaticComplexity="0" maxCrapScore="0" minCrapScore="0" visitedClasses="0" numClasses="0" visitedMethods="0" numMethods="1" />
              <MetadataToken>100663395</MetadataToken>
              <Name>System.Void Tests.EndGamePanelControllerTests::TearDown()</Name>
              <FileRef uid="20" />
              <SequencePoints>
                <SequencePoint vc="0" uspid="3999" ordinal="0" offset="0" sl="37" sc="28" el="37" ec="28" bec="0" bev="0" fileid="20" />
                <SequencePoint vc="0" uspid="4000" ordinal="0" offset="1" sl="38" sc="7" el="38" ec="7" bec="0" bev="0" fileid="20" />
                <SequencePoint vc="0" uspid="4001" ordinal="0" offset="13" sl="39" sc="5" el="39" ec="5" bec="0" bev="0" fileid="20" />
              </SequencePoints>
              <BranchPoints />
            </Method>
            <Method visited="false" cyclomaticComplexity="0" nPathComplexity="0" sequenceCoverage="0.0" branchCoverage="0" crapScore="0" isConstructor="false" isStatic="false" isGetter="false" isSetter="false">
              <Summary numSequencePoints="6" visitedSequencePoints="0" numBranchPoints="0" visitedBranchPoints="0" sequenceCoverage="0.0" branchCoverage="0" maxCyclomaticComplexity="0" minCyclomaticComplexity="0" maxCrapScore="0" minCrapScore="0" visitedClasses="0" numClasses="0" visitedMethods="0" numMethods="1" />
              <MetadataToken>100663396</MetadataToken>
              <Name>System.Void Tests.EndGamePanelControllerTests::ShowEndGame_ShouldSetMessageAndActivatePanel()</Name>
              <FileRef uid="20" />
              <SequencePoints>
                <SequencePoint vc="0" uspid="4002" ordinal="0" offset="0" sl="43" sc="5" el="43" ec="5" bec="0" bev="0" fileid="20" />
                <SequencePoint vc="0" uspid="4003" ordinal="0" offset="1" sl="44" sc="7" el="44" ec="7" bec="0" bev="0" fileid="20" />
                <SequencePoint vc="0" uspid="4004" ordinal="0" offset="7" sl="45" sc="7" el="45" ec="7" bec="0" bev="0" fileid="20" />
                <SequencePoint vc="0" uspid="4005" ordinal="0" offset="20" sl="46" sc="7" el="46" ec="7" bec="0" bev="0" fileid="20" />
                <SequencePoint vc="0" uspid="4006" ordinal="0" offset="53" sl="47" sc="7" el="47" ec="7" bec="0" bev="0" fileid="20" />
                <SequencePoint vc="0" uspid="4007" ordinal="0" offset="85" sl="48" sc="5" el="48" ec="5" bec="0" bev="0" fileid="20" />
              </SequencePoints>
              <BranchPoints />
            </Method>
          </Methods>
        </Class>
        <Class>
          <Summary numSequencePoints="4" visitedSequencePoints="0" numBranchPoints="0" visitedBranchPoints="0" sequenceCoverage="0.0" branchCoverage="0.0" maxCyclomaticComplexity="0" minCyclomaticComplexity="0" maxCrapScore="0" minCrapScore="0" visitedClasses="0" numClasses="1" visitedMethods="0" numMethods="1" />
          <FullName>Tests.CellTests/&lt;&gt;c__DisplayClass1_0</FullName>
          <Methods>
            <Method visited="false" cyclomaticComplexity="0" nPathComplexity="0" sequenceCoverage="0.0" branchCoverage="0" crapScore="0" isConstructor="false" isStatic="false" isGetter="false" isSetter="false">
              <Summary numSequencePoints="4" visitedSequencePoints="0" numBranchPoints="0" visitedBranchPoints="0" sequenceCoverage="0.0" branchCoverage="0" maxCyclomaticComplexity="0" minCyclomaticComplexity="0" maxCrapScore="0" minCrapScore="0" visitedClasses="0" numClasses="0" visitedMethods="0" numMethods="1" />
              <MetadataToken>100663399</MetadataToken>
              <Name>System.Void Tests.CellTests/&lt;&gt;c__DisplayClass1_0::&lt;SettingPosition_ShouldInvokeOnPositionChanged&gt;b__0(UnityEngine.Vector2Int)</Name>
              <FileRef uid="18" />
              <SequencePoints>
                <SequencePoint vc="0" uspid="4008" ordinal="0" offset="0" sl="27" sc="0" el="27" ec="0" bec="0" bev="0" fileid="18" />
                <SequencePoint vc="0" uspid="4009" ordinal="0" offset="1" sl="28" sc="0" el="28" ec="0" bec="0" bev="0" fileid="18" />
                <SequencePoint vc="0" uspid="4010" ordinal="0" offset="39" sl="29" sc="0" el="29" ec="0" bec="0" bev="0" fileid="18" />
                <SequencePoint vc="0" uspid="4011" ordinal="0" offset="46" sl="30" sc="0" el="30" ec="0" bec="0" bev="0" fileid="18" />
              </SequencePoints>
              <BranchPoints />
            </Method>
          </Methods>
        </Class>
        <Class>
          <Summary numSequencePoints="4" visitedSequencePoints="0" numBranchPoints="0" visitedBranchPoints="0" sequenceCoverage="0.0" branchCoverage="0.0" maxCyclomaticComplexity="0" minCyclomaticComplexity="0" maxCrapScore="0" minCrapScore="0" visitedClasses="0" numClasses="1" visitedMethods="0" numMethods="1" />
          <FullName>Tests.CellTests/&lt;&gt;c__DisplayClass2_0</FullName>
          <Methods>
            <Method visited="false" cyclomaticComplexity="0" nPathComplexity="0" sequenceCoverage="0.0" branchCoverage="0" crapScore="0" isConstructor="false" isStatic="false" isGetter="false" isSetter="false">
              <Summary numSequencePoints="4" visitedSequencePoints="0" numBranchPoints="0" visitedBranchPoints="0" sequenceCoverage="0.0" branchCoverage="0" maxCyclomaticComplexity="0" minCyclomaticComplexity="0" maxCrapScore="0" minCrapScore="0" visitedClasses="0" numClasses="0" visitedMethods="0" numMethods="1" />
              <MetadataToken>100663401</MetadataToken>
              <Name>System.Void Tests.CellTests/&lt;&gt;c__DisplayClass2_0::&lt;SettingValue_ShouldInvokeOnValueChanged&gt;b__0(System.Int32)</Name>
              <FileRef uid="18" />
              <SequencePoints>
                <SequencePoint vc="0" uspid="4012" ordinal="0" offset="0" sl="42" sc="0" el="42" ec="0" bec="0" bev="0" fileid="18" />
                <SequencePoint vc="0" uspid="4013" ordinal="0" offset="1" sl="43" sc="0" el="43" ec="0" bec="0" bev="0" fileid="18" />
                <SequencePoint vc="0" uspid="4014" ordinal="0" offset="29" sl="44" sc="0" el="44" ec="0" bec="0" bev="0" fileid="18" />
                <SequencePoint vc="0" uspid="4015" ordinal="0" offset="36" sl="45" sc="0" el="45" ec="0" bec="0" bev="0" fileid="18" />
              </SequencePoints>
              <BranchPoints />
            </Method>
          </Methods>
        </Class>
      </Classes>
    </Module>
  </Modules>
</CoverageSession>