<?xml version="1.0" encoding="utf-8"?>
<CoverageSession xmlns:xsd="http://www.w3.org/2001/XMLSchema" xmlns:xsi="http://www.w3.org/2001/XMLSchema-instance" Version="0.0.0.0">
  <Summary numSequencePoints="39" visitedSequencePoints="39" numBranchPoints="0" visitedBranchPoints="0" sequenceCoverage="100.0" branchCoverage="0.0" maxCyclomaticComplexity="0" minCyclomaticComplexity="0" maxCrapScore="0" minCrapScore="0" visitedClasses="7" numClasses="7" visitedMethods="9" numMethods="9" />
  <Modules>
    <Module>
      <Summary numSequencePoints="39" visitedSequencePoints="39" numBranchPoints="0" visitedBranchPoints="0" sequenceCoverage="100.0" branchCoverage="0.0" maxCyclomaticComplexity="0" minCyclomaticComplexity="0" maxCrapScore="0" minCrapScore="0" visitedClasses="7" numClasses="7" visitedMethods="9" numMethods="9" />
      <ModuleTime>0001-01-01T00:00:00</ModuleTime>
      <ModuleName>Assembly-CSharp</ModuleName>
      <Files>
        <File uid="1" fullPath="/Users/ruslanfarahov/UnityProj/SRS2048/Assets/Scripts/Cell.cs" />
        <File uid="2" fullPath="/Users/ruslanfarahov/UnityProj/SRS2048/Assets/Scripts/CellPlace.cs" />
        <File uid="3" fullPath="/Users/ruslanfarahov/UnityProj/SRS2048/Assets/Scripts/CellView.cs" />
        <File uid="4" fullPath="/Users/ruslanfarahov/UnityProj/SRS2048/Assets/Scripts/EndGamePanelController.cs" />
        <File uid="5" fullPath="/Users/ruslanfarahov/UnityProj/SRS2048/Assets/Scripts/GameField.cs" />
        <File uid="6" fullPath="/Users/ruslanfarahov/UnityProj/SRS2048/Assets/Scripts/GameStateController.cs" />
        <File uid="7" fullPath="/Users/ruslanfarahov/UnityProj/SRS2048/Assets/Scripts/Grid.cs" />
        <File uid="8" fullPath="/Users/ruslanfarahov/UnityProj/SRS2048/Assets/Scripts/GridRow.cs" />
        <File uid="9" fullPath="/Users/ruslanfarahov/UnityProj/SRS2048/Assets/Scripts/InputController.cs" />
        <File uid="10" fullPath="/Users/ruslanfarahov/UnityProj/SRS2048/Assets/Scripts/ScoreController.cs" />
        <File uid="11" fullPath="/Users/ruslanfarahov/UnityProj/SRS2048/Assets/Tests/GameFieldTests.cs" />
        <File uid="12" fullPath="/Users/ruslanfarahov/UnityProj/SRS2048/Assets/Tests/GameStateControllerTests.cs" />
        <File uid="13" fullPath="/Users/ruslanfarahov/UnityProj/SRS2048/Assets/Tests/GridRowTests.cs" />
        <File uid="14" fullPath="/Users/ruslanfarahov/UnityProj/SRS2048/Assets/Tests/GridTests.cs" />
        <File uid="15" fullPath="/Users/ruslanfarahov/UnityProj/SRS2048/Assets/Tests/InputControllerTests.cs" />
        <File uid="16" fullPath="/Users/ruslanfarahov/UnityProj/SRS2048/Assets/Tests/ScoreControllerTests.cs" />
        <File uid="17" fullPath="/Users/ruslanfarahov/UnityProj/SRS2048/Assets/Tests/CellPlaceTests.cs" />
        <File uid="18" fullPath="/Users/ruslanfarahov/UnityProj/SRS2048/Assets/Tests/CellTests.cs" />
        <File uid="19" fullPath="/Users/ruslanfarahov/UnityProj/SRS2048/Assets/Tests/CellViewTests.cs" />
        <File uid="20" fullPath="/Users/ruslanfarahov/UnityProj/SRS2048/Assets/Tests/EndGamePanelControllerTests.cs" />
      </Files>
      <Classes>
        <Class>
          <Summary numSequencePoints="3" visitedSequencePoints="3" numBranchPoints="0" visitedBranchPoints="0" sequenceCoverage="100.0" branchCoverage="0.0" maxCyclomaticComplexity="0" minCyclomaticComplexity="0" maxCrapScore="0" minCrapScore="0" visitedClasses="1" numClasses="1" visitedMethods="1" numMethods="1" />
          <FullName>CellView</FullName>
          <Methods>
            <Method visited="true" cyclomaticComplexity="0" nPathComplexity="0" sequenceCoverage="100.0" branchCoverage="0" crapScore="0" isConstructor="true" isStatic="false" isGetter="false" isSetter="false">
              <Summary numSequencePoints="3" visitedSequencePoints="3" numBranchPoints="0" visitedBranchPoints="0" sequenceCoverage="100.0" branchCoverage="0" maxCyclomaticComplexity="0" minCyclomaticComplexity="0" maxCrapScore="0" minCrapScore="0" visitedClasses="0" numClasses="0" visitedMethods="1" numMethods="1" />
              <MetadataToken>100663313</MetadataToken>
              <Name>CellView::CellView()</Name>
              <FileRef uid="3" />
              <SequencePoints>
                <SequencePoint vc="1" uspid="62" ordinal="0" offset="0" sl="8" sc="20" el="8" ec="20" bec="0" bev="0" fileid="3" />
                <SequencePoint vc="1" uspid="63" ordinal="0" offset="11" sl="9" sc="20" el="9" ec="20" bec="0" bev="0" fileid="3" />
                <SequencePoint vc="1" uspid="64" ordinal="0" offset="22" sl="10" sc="20" el="10" ec="20" bec="0" bev="0" fileid="3" />
              </SequencePoints>
              <BranchPoints />
            </Method>
          </Methods>
        </Class>
        <Class>
          <Summary numSequencePoints="4" visitedSequencePoints="4" numBranchPoints="0" visitedBranchPoints="0" sequenceCoverage="100.0" branchCoverage="0.0" maxCyclomaticComplexity="0" minCyclomaticComplexity="0" maxCrapScore="0" minCrapScore="0" visitedClasses="1" numClasses="1" visitedMethods="1" numMethods="1" />
          <FullName>EndGamePanelController</FullName>
          <Methods>
            <Method visited="true" cyclomaticComplexity="0" nPathComplexity="0" sequenceCoverage="100.0" branchCoverage="0" crapScore="0" isConstructor="false" isStatic="false" isGetter="false" isSetter="false">
              <Summary numSequencePoints="4" visitedSequencePoints="4" numBranchPoints="0" visitedBranchPoints="0" sequenceCoverage="100.0" branchCoverage="0" maxCyclomaticComplexity="0" minCyclomaticComplexity="0" maxCrapScore="0" minCrapScore="0" visitedClasses="0" numClasses="0" visitedMethods="1" numMethods="1" />
              <MetadataToken>100663315</MetadataToken>
              <Name>System.Void EndGamePanelController::ShowEndGame(System.String)</Name>
              <FileRef uid="4" />
              <SequencePoints>
                <SequencePoint vc="1" uspid="68" ordinal="0" offset="0" sl="23" sc="3" el="23" ec="3" bec="0" bev="0" fileid="4" />
                <SequencePoint vc="1" uspid="69" ordinal="0" offset="1" sl="24" sc="5" el="24" ec="5" bec="0" bev="0" fileid="4" />
                <SequencePoint vc="1" uspid="70" ordinal="0" offset="14" sl="26" sc="5" el="26" ec="5" bec="0" bev="0" fileid="4" />
                <SequencePoint vc="1" uspid="71" ordinal="0" offset="27" sl="27" sc="3" el="27" ec="3" bec="0" bev="0" fileid="4" />
              </SequencePoints>
              <BranchPoints />
            </Method>
          </Methods>
        </Class>
        <Class>
          <Summary numSequencePoints="3" visitedSequencePoints="3" numBranchPoints="0" visitedBranchPoints="0" sequenceCoverage="100.0" branchCoverage="0.0" maxCyclomaticComplexity="0" minCyclomaticComplexity="0" maxCrapScore="0" minCrapScore="0" visitedClasses="1" numClasses="1" visitedMethods="1" numMethods="1" />
          <FullName>GameField</FullName>
          <Methods>
            <Method visited="true" cyclomaticComplexity="0" nPathComplexity="0" sequenceCoverage="100.0" branchCoverage="0" crapScore="0" isConstructor="true" isStatic="false" isGetter="false" isSetter="false">
              <Summary numSequencePoints="3" visitedSequencePoints="3" numBranchPoints="0" visitedBranchPoints="0" sequenceCoverage="100.0" branchCoverage="0" maxCyclomaticComplexity="0" minCyclomaticComplexity="0" maxCrapScore="0" minCrapScore="0" visitedClasses="0" numClasses="0" visitedMethods="1" numMethods="1" />
              <MetadataToken>100663326</MetadataToken>
              <Name>GameField::GameField()</Name>
              <FileRef uid="5" />
              <SequencePoints>
                <SequencePoint vc="1" uspid="351" ordinal="0" offset="0" sl="8" sc="3" el="8" ec="3" bec="0" bev="0" fileid="5" />
                <SequencePoint vc="1" uspid="352" ordinal="0" offset="13" sl="14" sc="3" el="14" ec="3" bec="0" bev="0" fileid="5" />
                <SequencePoint vc="1" uspid="353" ordinal="0" offset="24" sl="20" sc="3" el="20" ec="3" bec="0" bev="0" fileid="5" />
              </SequencePoints>
              <BranchPoints />
            </Method>
          </Methods>
        </Class>
        <Class>
          <Summary numSequencePoints="1" visitedSequencePoints="1" numBranchPoints="0" visitedBranchPoints="0" sequenceCoverage="100.0" branchCoverage="0.0" maxCyclomaticComplexity="0" minCyclomaticComplexity="0" maxCrapScore="0" minCrapScore="0" visitedClasses="1" numClasses="1" visitedMethods="1" numMethods="1" />
          <FullName>GameStateController</FullName>
          <Methods>
            <Method visited="true" cyclomaticComplexity="0" nPathComplexity="0" sequenceCoverage="100.0" branchCoverage="0" crapScore="0" isConstructor="true" isStatic="false" isGetter="false" isSetter="false">
              <Summary numSequencePoints="1" visitedSequencePoints="1" numBranchPoints="0" visitedBranchPoints="0" sequenceCoverage="100.0" branchCoverage="0" maxCyclomaticComplexity="0" minCyclomaticComplexity="0" maxCrapScore="0" minCrapScore="0" visitedClasses="0" numClasses="0" visitedMethods="1" numMethods="1" />
              <MetadataToken>100663330</MetadataToken>
              <Name>GameStateController::GameStateController()</Name>
              <FileRef uid="6" />
              <SequencePoints>
                <SequencePoint vc="1" uspid="429" ordinal="0" offset="0" sl="10" sc="5" el="10" ec="5" bec="0" bev="0" fileid="6" />
              </SequencePoints>
              <BranchPoints />
            </Method>
          </Methods>
        </Class>
        <Class>
          <Summary numSequencePoints="1" visitedSequencePoints="1" numBranchPoints="0" visitedBranchPoints="0" sequenceCoverage="100.0" branchCoverage="0.0" maxCyclomaticComplexity="0" minCyclomaticComplexity="0" maxCrapScore="0" minCrapScore="0" visitedClasses="1" numClasses="1" visitedMethods="1" numMethods="1" />
          <FullName>Grid</FullName>
          <Methods>
            <Method visited="true" cyclomaticComplexity="0" nPathComplexity="0" sequenceCoverage="100.0" branchCoverage="0" crapScore="0" isConstructor="true" isStatic="false" isGetter="false" isSetter="false">
              <Summary numSequencePoints="1" visitedSequencePoints="1" numBranchPoints="0" visitedBranchPoints="0" sequenceCoverage="100.0" branchCoverage="0" maxCyclomaticComplexity="0" minCyclomaticComplexity="0" maxCrapScore="0" minCrapScore="0" visitedClasses="0" numClasses="0" visitedMethods="1" numMethods="1" />
              <MetadataToken>100663340</MetadataToken>
              <Name>Grid::Grid()</Name>
              <FileRef uid="7" />
              <SequencePoints>
                <SequencePoint vc="1" uspid="455" ordinal="0" offset="0" sl="11" sc="3" el="11" ec="3" bec="0" bev="0" fileid="7" />
              </SequencePoints>
              <BranchPoints />
            </Method>
          </Methods>
        </Class>
        <Class>
          <Summary numSequencePoints="1" visitedSequencePoints="1" numBranchPoints="0" visitedBranchPoints="0" sequenceCoverage="100.0" branchCoverage="0.0" maxCyclomaticComplexity="0" minCyclomaticComplexity="0" maxCrapScore="0" minCrapScore="0" visitedClasses="1" numClasses="1" visitedMethods="1" numMethods="1" />
          <FullName>ScoreController</FullName>
          <Methods>
            <Method visited="true" cyclomaticComplexity="0" nPathComplexity="0" sequenceCoverage="100.0" branchCoverage="0" crapScore="0" isConstructor="true" isStatic="false" isGetter="false" isSetter="false">
              <Summary numSequencePoints="1" visitedSequencePoints="1" numBranchPoints="0" visitedBranchPoints="0" sequenceCoverage="100.0" branchCoverage="0" maxCyclomaticComplexity="0" minCyclomaticComplexity="0" maxCrapScore="0" minCrapScore="0" visitedClasses="0" numClasses="0" visitedMethods="1" numMethods="1" />
              <MetadataToken>100663354</MetadataToken>
              <Name>ScoreController::ScoreController()</Name>
              <FileRef uid="10" />
              <SequencePoints>
                <SequencePoint vc="1" uspid="540" ordinal="0" offset="0" sl="8" sc="3" el="8" ec="3" bec="0" bev="0" fileid="10" />
              </SequencePoints>
              <BranchPoints />
            </Method>
          </Methods>
        </Class>
        <Class>
          <Summary numSequencePoints="26" visitedSequencePoints="26" numBranchPoints="0" visitedBranchPoints="0" sequenceCoverage="100.0" branchCoverage="0.0" maxCyclomaticComplexity="0" minCyclomaticComplexity="0" maxCrapScore="0" minCrapScore="0" visitedClasses="1" numClasses="1" visitedMethods="3" numMethods="3" />
          <FullName>Tests.EndGamePanelControllerTests</FullName>
          <Methods>
            <Method visited="true" cyclomaticComplexity="0" nPathComplexity="0" sequenceCoverage="100.0" branchCoverage="0" crapScore="0" isConstructor="false" isStatic="false" isGetter="false" isSetter="false">
              <Summary numSequencePoints="17" visitedSequencePoints="17" numBranchPoints="0" visitedBranchPoints="0" sequenceCoverage="100.0" branchCoverage="0" maxCyclomaticComplexity="0" minCyclomaticComplexity="0" maxCrapScore="0" minCrapScore="0" visitedClasses="0" numClasses="0" visitedMethods="1" numMethods="1" />
              <MetadataToken>100663394</MetadataToken>
              <Name>System.Void Tests.EndGamePanelControllerTests::SetUp()</Name>
              <FileRef uid="20" />
              <SequencePoints>
                <SequencePoint vc="1" uspid="776" ordinal="0" offset="0" sl="19" sc="29" el="19" ec="29" bec="0" bev="0" fileid="20" />
                <SequencePoint vc="1" uspid="777" ordinal="0" offset="1" sl="21" sc="13" el="21" ec="13" bec="0" bev="0" fileid="20" />
                <SequencePoint vc="1" uspid="778" ordinal="0" offset="36" sl="22" sc="13" el="22" ec="13" bec="0" bev="0" fileid="20" />
                <SequencePoint vc="1" uspid="779" ordinal="0" offset="53" sl="25" sc="13" el="25" ec="13" bec="0" bev="0" fileid="20" />
                <SequencePoint vc="1" uspid="780" ordinal="0" offset="83" sl="26" sc="13" el="26" ec="13" bec="0" bev="0" fileid="20" />
                <SequencePoint vc="1" uspid="781" ordinal="0" offset="106" sl="27" sc="13" el="27" ec="13" bec="0" bev="0" fileid="20" />
                <SequencePoint vc="1" uspid="782" ordinal="0" offset="118" sl="30" sc="13" el="30" ec="13" bec="0" bev="0" fileid="20" />
                <SequencePoint vc="1" uspid="783" ordinal="0" offset="161" sl="31" sc="13" el="31" ec="13" bec="0" bev="0" fileid="20" />
                <SequencePoint vc="1" uspid="784" ordinal="0" offset="184" sl="32" sc="13" el="32" ec="13" bec="0" bev="0" fileid="20" />
                <SequencePoint vc="1" uspid="785" ordinal="0" offset="196" sl="35" sc="13" el="35" ec="13" bec="0" bev="0" fileid="20" />
                <SequencePoint vc="1" uspid="786" ordinal="0" offset="219" sl="37" sc="13" el="37" ec="13" bec="0" bev="0" fileid="20" />
                <SequencePoint vc="1" uspid="787" ordinal="0" offset="241" sl="38" sc="13" el="38" ec="13" bec="0" bev="0" fileid="20" />
                <SequencePoint vc="1" uspid="788" ordinal="0" offset="260" sl="40" sc="13" el="40" ec="13" bec="0" bev="0" fileid="20" />
                <SequencePoint vc="1" uspid="789" ordinal="0" offset="283" sl="42" sc="13" el="42" ec="13" bec="0" bev="0" fileid="20" />
                <SequencePoint vc="1" uspid="790" ordinal="0" offset="305" sl="43" sc="13" el="43" ec="13" bec="0" bev="0" fileid="20" />
                <SequencePoint vc="1" uspid="791" ordinal="0" offset="324" sl="46" sc="13" el="46" ec="13" bec="0" bev="0" fileid="20" />
                <SequencePoint vc="1" uspid="792" ordinal="0" offset="337" sl="47" sc="9" el="47" ec="9" bec="0" bev="0" fileid="20" />
              </SequencePoints>
              <BranchPoints />
            </Method>
            <Method visited="true" cyclomaticComplexity="0" nPathComplexity="0" sequenceCoverage="100.0" branchCoverage="0" crapScore="0" isConstructor="false" isStatic="false" isGetter="false" isSetter="false">
              <Summary numSequencePoints="3" visitedSequencePoints="3" numBranchPoints="0" visitedBranchPoints="0" sequenceCoverage="100.0" branchCoverage="0" maxCyclomaticComplexity="0" minCyclomaticComplexity="0" maxCrapScore="0" minCrapScore="0" visitedClasses="0" numClasses="0" visitedMethods="1" numMethods="1" />
              <MetadataToken>100663395</MetadataToken>
              <Name>System.Void Tests.EndGamePanelControllerTests::TearDown()</Name>
              <FileRef uid="20" />
              <SequencePoints>
                <SequencePoint vc="1" uspid="793" ordinal="0" offset="0" sl="50" sc="32" el="50" ec="32" bec="0" bev="0" fileid="20" />
                <SequencePoint vc="1" uspid="794" ordinal="0" offset="1" sl="51" sc="13" el="51" ec="13" bec="0" bev="0" fileid="20" />
                <SequencePoint vc="1" uspid="795" ordinal="0" offset="13" sl="52" sc="9" el="52" ec="9" bec="0" bev="0" fileid="20" />
              </SequencePoints>
              <BranchPoints />
            </Method>
            <Method visited="true" cyclomaticComplexity="0" nPathComplexity="0" sequenceCoverage="100.0" branchCoverage="0" crapScore="0" isConstructor="false" isStatic="false" isGetter="false" isSetter="false">
              <Summary numSequencePoints="6" visitedSequencePoints="6" numBranchPoints="0" visitedBranchPoints="0" sequenceCoverage="100.0" branchCoverage="0" maxCyclomaticComplexity="0" minCyclomaticComplexity="0" maxCrapScore="0" minCrapScore="0" visitedClasses="0" numClasses="0" visitedMethods="1" numMethods="1" />
              <MetadataToken>100663396</MetadataToken>
              <Name>System.Void Tests.EndGamePanelControllerTests::ShowEndGame_ShouldSetMessageAndActivatePanel()</Name>
              <FileRef uid="20" />
              <SequencePoints>
                <SequencePoint vc="1" uspid="796" ordinal="0" offset="0" sl="56" sc="9" el="56" ec="9" bec="0" bev="0" fileid="20" />
                <SequencePoint vc="1" uspid="797" ordinal="0" offset="1" sl="57" sc="13" el="57" ec="13" bec="0" bev="0" fileid="20" />
                <SequencePoint vc="1" uspid="798" ordinal="0" offset="7" sl="58" sc="13" el="58" ec="13" bec="0" bev="0" fileid="20" />
                <SequencePoint vc="1" uspid="799" ordinal="0" offset="20" sl="59" sc="13" el="59" ec="13" bec="0" bev="0" fileid="20" />
                <SequencePoint vc="1" uspid="800" ordinal="0" offset="53" sl="60" sc="13" el="60" ec="13" bec="0" bev="0" fileid="20" />
                <SequencePoint vc="1" uspid="801" ordinal="0" offset="85" sl="61" sc="9" el="61" ec="9" bec="0" bev="0" fileid="20" />
              </SequencePoints>
              <BranchPoints />
            </Method>
          </Methods>
        </Class>
      </Classes>
    </Module>
  </Modules>
</CoverageSession>